<?xml version="1.0" encoding="UTF-8"?>
<testsuite xmlns:xsi="http://www.w3.org/2001/XMLSchema-instance" xsi:noNamespaceSchemaLocation="https://maven.apache.org/surefire/maven-surefire-plugin/xsd/surefire-test-report-3.0.xsd" version="3.0" name="com.venkat.project.uber.uberApp.UberAppApplicationTests" time="5.256" tests="1" errors="0" skipped="0" failures="0">
  <properties>
    <property name="java.specification.version" value="21"/>
    <property name="sun.cpu.isalist" value="amd64"/>
    <property name="sun.jnu.encoding" value="Cp1252"/>
    <property name="java.class.path" value="E:\uberApp\target\test-classes;E:\uberApp\target\classes;C:\Users\venka\.m2\repository\org\springframework\boot\spring-boot-starter-data-jpa\3.3.4\spring-boot-starter-data-jpa-3.3.4.jar;C:\Users\venka\.m2\repository\org\springframework\boot\spring-boot-starter-aop\3.3.4\spring-boot-starter-aop-3.3.4.jar;C:\Users\venka\.m2\repository\org\springframework\spring-aop\6.1.13\spring-aop-6.1.13.jar;C:\Users\venka\.m2\repository\org\aspectj\aspectjweaver\1.9.22.1\aspectjweaver-1.9.22.1.jar;C:\Users\venka\.m2\repository\org\springframework\boot\spring-boot-starter-jdbc\3.3.4\spring-boot-starter-jdbc-3.3.4.jar;C:\Users\venka\.m2\repository\com\zaxxer\HikariCP\5.1.0\HikariCP-5.1.0.jar;C:\Users\venka\.m2\repository\org\springframework\spring-jdbc\6.1.13\spring-jdbc-6.1.13.jar;C:\Users\venka\.m2\repository\org\hibernate\orm\hibernate-core\6.5.3.Final\hibernate-core-6.5.3.Final.jar;C:\Users\venka\.m2\repository\jakarta\persistence\jakarta.persistence-api\3.1.0\jakarta.persistence-api-3.1.0.jar;C:\Users\venka\.m2\repository\jakarta\transaction\jakarta.transaction-api\2.0.1\jakarta.transaction-api-2.0.1.jar;C:\Users\venka\.m2\repository\org\hibernate\common\hibernate-commons-annotations\6.0.6.Final\hibernate-commons-annotations-6.0.6.Final.jar;C:\Users\venka\.m2\repository\io\smallrye\jandex\3.1.2\jandex-3.1.2.jar;C:\Users\venka\.m2\repository\com\fasterxml\classmate\1.7.0\classmate-1.7.0.jar;C:\Users\venka\.m2\repository\net\bytebuddy\byte-buddy\1.14.19\byte-buddy-1.14.19.jar;C:\Users\venka\.m2\repository\org\glassfish\jaxb\jaxb-runtime\4.0.5\jaxb-runtime-4.0.5.jar;C:\Users\venka\.m2\repository\org\glassfish\jaxb\jaxb-core\4.0.5\jaxb-core-4.0.5.jar;C:\Users\venka\.m2\repository\org\eclipse\angus\angus-activation\2.0.2\angus-activation-2.0.2.jar;C:\Users\venka\.m2\repository\org\glassfish\jaxb\txw2\4.0.5\txw2-4.0.5.jar;C:\Users\venka\.m2\repository\com\sun\istack\istack-commons-runtime\4.1.2\istack-commons-runtime-4.1.2.jar;C:\Users\venka\.m2\repository\jakarta\inject\jakarta.inject-api\2.0.1\jakarta.inject-api-2.0.1.jar;C:\Users\venka\.m2\repository\org\antlr\antlr4-runtime\4.13.0\antlr4-runtime-4.13.0.jar;C:\Users\venka\.m2\repository\org\springframework\data\spring-data-jpa\3.3.4\spring-data-jpa-3.3.4.jar;C:\Users\venka\.m2\repository\org\springframework\data\spring-data-commons\3.3.4\spring-data-commons-3.3.4.jar;C:\Users\venka\.m2\repository\org\springframework\spring-orm\6.1.13\spring-orm-6.1.13.jar;C:\Users\venka\.m2\repository\org\springframework\spring-context\6.1.13\spring-context-6.1.13.jar;C:\Users\venka\.m2\repository\org\springframework\spring-tx\6.1.13\spring-tx-6.1.13.jar;C:\Users\venka\.m2\repository\org\springframework\spring-beans\6.1.13\spring-beans-6.1.13.jar;C:\Users\venka\.m2\repository\jakarta\annotation\jakarta.annotation-api\2.1.1\jakarta.annotation-api-2.1.1.jar;C:\Users\venka\.m2\repository\org\slf4j\slf4j-api\2.0.16\slf4j-api-2.0.16.jar;C:\Users\venka\.m2\repository\org\springframework\spring-aspects\6.1.13\spring-aspects-6.1.13.jar;C:\Users\venka\.m2\repository\org\springframework\boot\spring-boot-starter-web\3.3.4\spring-boot-starter-web-3.3.4.jar;C:\Users\venka\.m2\repository\org\springframework\boot\spring-boot-starter\3.3.4\spring-boot-starter-3.3.4.jar;C:\Users\venka\.m2\repository\org\springframework\boot\spring-boot\3.3.4\spring-boot-3.3.4.jar;C:\Users\venka\.m2\repository\org\springframework\boot\spring-boot-autoconfigure\3.3.4\spring-boot-autoconfigure-3.3.4.jar;C:\Users\venka\.m2\repository\org\springframework\boot\spring-boot-starter-logging\3.3.4\spring-boot-starter-logging-3.3.4.jar;C:\Users\venka\.m2\repository\ch\qos\logback\logback-classic\1.5.8\logback-classic-1.5.8.jar;C:\Users\venka\.m2\repository\ch\qos\logback\logback-core\1.5.8\logback-core-1.5.8.jar;C:\Users\venka\.m2\repository\org\apache\logging\log4j\log4j-to-slf4j\2.23.1\log4j-to-slf4j-2.23.1.jar;C:\Users\venka\.m2\repository\org\apache\logging\log4j\log4j-api\2.23.1\log4j-api-2.23.1.jar;C:\Users\venka\.m2\repository\org\slf4j\jul-to-slf4j\2.0.16\jul-to-slf4j-2.0.16.jar;C:\Users\venka\.m2\repository\org\yaml\snakeyaml\2.2\snakeyaml-2.2.jar;C:\Users\venka\.m2\repository\org\springframework\boot\spring-boot-starter-json\3.3.4\spring-boot-starter-json-3.3.4.jar;C:\Users\venka\.m2\repository\com\fasterxml\jackson\core\jackson-databind\2.17.2\jackson-databind-2.17.2.jar;C:\Users\venka\.m2\repository\com\fasterxml\jackson\core\jackson-annotations\2.17.2\jackson-annotations-2.17.2.jar;C:\Users\venka\.m2\repository\com\fasterxml\jackson\core\jackson-core\2.17.2\jackson-core-2.17.2.jar;C:\Users\venka\.m2\repository\com\fasterxml\jackson\datatype\jackson-datatype-jdk8\2.17.2\jackson-datatype-jdk8-2.17.2.jar;C:\Users\venka\.m2\repository\com\fasterxml\jackson\datatype\jackson-datatype-jsr310\2.17.2\jackson-datatype-jsr310-2.17.2.jar;C:\Users\venka\.m2\repository\com\fasterxml\jackson\module\jackson-module-parameter-names\2.17.2\jackson-module-parameter-names-2.17.2.jar;C:\Users\venka\.m2\repository\org\springframework\boot\spring-boot-starter-tomcat\3.3.4\spring-boot-starter-tomcat-3.3.4.jar;C:\Users\venka\.m2\repository\org\apache\tomcat\embed\tomcat-embed-core\10.1.30\tomcat-embed-core-10.1.30.jar;C:\Users\venka\.m2\repository\org\apache\tomcat\embed\tomcat-embed-el\10.1.30\tomcat-embed-el-10.1.30.jar;C:\Users\venka\.m2\repository\org\apache\tomcat\embed\tomcat-embed-websocket\10.1.30\tomcat-embed-websocket-10.1.30.jar;C:\Users\venka\.m2\repository\org\springframework\spring-web\6.1.13\spring-web-6.1.13.jar;C:\Users\venka\.m2\repository\io\micrometer\micrometer-observation\1.13.4\micrometer-observation-1.13.4.jar;C:\Users\venka\.m2\repository\io\micrometer\micrometer-commons\1.13.4\micrometer-commons-1.13.4.jar;C:\Users\venka\.m2\repository\org\springframework\spring-webmvc\6.1.13\spring-webmvc-6.1.13.jar;C:\Users\venka\.m2\repository\org\springframework\spring-expression\6.1.13\spring-expression-6.1.13.jar;C:\Users\venka\.m2\repository\org\postgresql\postgresql\42.7.4\postgresql-42.7.4.jar;C:\Users\venka\.m2\repository\org\checkerframework\checker-qual\3.42.0\checker-qual-3.42.0.jar;C:\Users\venka\.m2\repository\org\projectlombok\lombok\1.18.34\lombok-1.18.34.jar;C:\Users\venka\.m2\repository\org\springframework\boot\spring-boot-starter-test\3.3.4\spring-boot-starter-test-3.3.4.jar;C:\Users\venka\.m2\repository\org\springframework\boot\spring-boot-test\3.3.4\spring-boot-test-3.3.4.jar;C:\Users\venka\.m2\repository\org\springframework\boot\spring-boot-test-autoconfigure\3.3.4\spring-boot-test-autoconfigure-3.3.4.jar;C:\Users\venka\.m2\repository\com\jayway\jsonpath\json-path\2.9.0\json-path-2.9.0.jar;C:\Users\venka\.m2\repository\jakarta\xml\bind\jakarta.xml.bind-api\4.0.2\jakarta.xml.bind-api-4.0.2.jar;C:\Users\venka\.m2\repository\jakarta\activation\jakarta.activation-api\2.1.3\jakarta.activation-api-2.1.3.jar;C:\Users\venka\.m2\repository\net\minidev\json-smart\2.5.1\json-smart-2.5.1.jar;C:\Users\venka\.m2\repository\net\minidev\accessors-smart\2.5.1\accessors-smart-2.5.1.jar;C:\Users\venka\.m2\repository\org\ow2\asm\asm\9.6\asm-9.6.jar;C:\Users\venka\.m2\repository\org\assertj\assertj-core\3.25.3\assertj-core-3.25.3.jar;C:\Users\venka\.m2\repository\org\awaitility\awaitility\4.2.2\awaitility-4.2.2.jar;C:\Users\venka\.m2\repository\org\hamcrest\hamcrest\2.2\hamcrest-2.2.jar;C:\Users\venka\.m2\repository\org\junit\jupiter\junit-jupiter\5.10.3\junit-jupiter-5.10.3.jar;C:\Users\venka\.m2\repository\org\junit\jupiter\junit-jupiter-api\5.10.3\junit-jupiter-api-5.10.3.jar;C:\Users\venka\.m2\repository\org\opentest4j\opentest4j\1.3.0\opentest4j-1.3.0.jar;C:\Users\venka\.m2\repository\org\junit\platform\junit-platform-commons\1.10.3\junit-platform-commons-1.10.3.jar;C:\Users\venka\.m2\repository\org\apiguardian\apiguardian-api\1.1.2\apiguardian-api-1.1.2.jar;C:\Users\venka\.m2\repository\org\junit\jupiter\junit-jupiter-params\5.10.3\junit-jupiter-params-5.10.3.jar;C:\Users\venka\.m2\repository\org\junit\jupiter\junit-jupiter-engine\5.10.3\junit-jupiter-engine-5.10.3.jar;C:\Users\venka\.m2\repository\org\junit\platform\junit-platform-engine\1.10.3\junit-platform-engine-1.10.3.jar;C:\Users\venka\.m2\repository\org\mockito\mockito-core\5.11.0\mockito-core-5.11.0.jar;C:\Users\venka\.m2\repository\net\bytebuddy\byte-buddy-agent\1.14.19\byte-buddy-agent-1.14.19.jar;C:\Users\venka\.m2\repository\org\objenesis\objenesis\3.3\objenesis-3.3.jar;C:\Users\venka\.m2\repository\org\mockito\mockito-junit-jupiter\5.11.0\mockito-junit-jupiter-5.11.0.jar;C:\Users\venka\.m2\repository\org\skyscreamer\jsonassert\1.5.3\jsonassert-1.5.3.jar;C:\Users\venka\.m2\repository\com\vaadin\external\google\android-json\0.0.20131108.vaadin1\android-json-0.0.20131108.vaadin1.jar;C:\Users\venka\.m2\repository\org\springframework\spring-core\6.1.13\spring-core-6.1.13.jar;C:\Users\venka\.m2\repository\org\springframework\spring-jcl\6.1.13\spring-jcl-6.1.13.jar;C:\Users\venka\.m2\repository\org\springframework\spring-test\6.1.13\spring-test-6.1.13.jar;C:\Users\venka\.m2\repository\org\xmlunit\xmlunit-core\2.9.1\xmlunit-core-2.9.1.jar;C:\Users\venka\.m2\repository\org\hibernate\orm\hibernate-spatial\6.5.2.Final\hibernate-spatial-6.5.2.Final.jar;C:\Users\venka\.m2\repository\org\geolatte\geolatte-geom\1.8.2\geolatte-geom-1.8.2.jar;C:\Users\venka\.m2\repository\org\locationtech\jts\jts-core\1.18.2\jts-core-1.18.2.jar;C:\Users\venka\.m2\repository\org\jboss\logging\jboss-logging\3.5.3.Final\jboss-logging-3.5.3.Final.jar;C:\Users\venka\.m2\repository\org\modelmapper\modelmapper\3.2.0\modelmapper-3.2.0.jar;"/>
    <property name="java.vm.vendor" value="Oracle Corporation"/>
    <property name="sun.arch.data.model" value="64"/>
    <property name="user.variant" value=""/>
    <property name="java.vendor.url" value="https://java.oracle.com/"/>
    <property name="user.timezone" value="America/Chicago"/>
    <property name="org.jboss.logging.provider" value="slf4j"/>
    <property name="os.name" value="Windows 11"/>
    <property name="java.vm.specification.version" value="21"/>
    <property name="sun.java.launcher" value="SUN_STANDARD"/>
    <property name="user.country" value="US"/>
    <property name="sun.boot.library.path" value="C:\Program Files\Java\jdk-21\bin"/>
    <property name="sun.java.command" value="C:\Users\venka\AppData\Local\Temp\surefire15046456053539565454\surefirebooter-20240919112331143_3.jar C:\Users\venka\AppData\Local\Temp\surefire15046456053539565454 2024-09-19T11-23-31_039-jvmRun1 surefire-20240919112331143_1tmp surefire_0-20240919112331143_2tmp"/>
    <property name="jdk.debug" value="release"/>
    <property name="surefire.test.class.path" value="E:\uberApp\target\test-classes;E:\uberApp\target\classes;C:\Users\venka\.m2\repository\org\springframework\boot\spring-boot-starter-data-jpa\3.3.4\spring-boot-starter-data-jpa-3.3.4.jar;C:\Users\venka\.m2\repository\org\springframework\boot\spring-boot-starter-aop\3.3.4\spring-boot-starter-aop-3.3.4.jar;C:\Users\venka\.m2\repository\org\springframework\spring-aop\6.1.13\spring-aop-6.1.13.jar;C:\Users\venka\.m2\repository\org\aspectj\aspectjweaver\1.9.22.1\aspectjweaver-1.9.22.1.jar;C:\Users\venka\.m2\repository\org\springframework\boot\spring-boot-starter-jdbc\3.3.4\spring-boot-starter-jdbc-3.3.4.jar;C:\Users\venka\.m2\repository\com\zaxxer\HikariCP\5.1.0\HikariCP-5.1.0.jar;C:\Users\venka\.m2\repository\org\springframework\spring-jdbc\6.1.13\spring-jdbc-6.1.13.jar;C:\Users\venka\.m2\repository\org\hibernate\orm\hibernate-core\6.5.3.Final\hibernate-core-6.5.3.Final.jar;C:\Users\venka\.m2\repository\jakarta\persistence\jakarta.persistence-api\3.1.0\jakarta.persistence-api-3.1.0.jar;C:\Users\venka\.m2\repository\jakarta\transaction\jakarta.transaction-api\2.0.1\jakarta.transaction-api-2.0.1.jar;C:\Users\venka\.m2\repository\org\hibernate\common\hibernate-commons-annotations\6.0.6.Final\hibernate-commons-annotations-6.0.6.Final.jar;C:\Users\venka\.m2\repository\io\smallrye\jandex\3.1.2\jandex-3.1.2.jar;C:\Users\venka\.m2\repository\com\fasterxml\classmate\1.7.0\classmate-1.7.0.jar;C:\Users\venka\.m2\repository\net\bytebuddy\byte-buddy\1.14.19\byte-buddy-1.14.19.jar;C:\Users\venka\.m2\repository\org\glassfish\jaxb\jaxb-runtime\4.0.5\jaxb-runtime-4.0.5.jar;C:\Users\venka\.m2\repository\org\glassfish\jaxb\jaxb-core\4.0.5\jaxb-core-4.0.5.jar;C:\Users\venka\.m2\repository\org\eclipse\angus\angus-activation\2.0.2\angus-activation-2.0.2.jar;C:\Users\venka\.m2\repository\org\glassfish\jaxb\txw2\4.0.5\txw2-4.0.5.jar;C:\Users\venka\.m2\repository\com\sun\istack\istack-commons-runtime\4.1.2\istack-commons-runtime-4.1.2.jar;C:\Users\venka\.m2\repository\jakarta\inject\jakarta.inject-api\2.0.1\jakarta.inject-api-2.0.1.jar;C:\Users\venka\.m2\repository\org\antlr\antlr4-runtime\4.13.0\antlr4-runtime-4.13.0.jar;C:\Users\venka\.m2\repository\org\springframework\data\spring-data-jpa\3.3.4\spring-data-jpa-3.3.4.jar;C:\Users\venka\.m2\repository\org\springframework\data\spring-data-commons\3.3.4\spring-data-commons-3.3.4.jar;C:\Users\venka\.m2\repository\org\springframework\spring-orm\6.1.13\spring-orm-6.1.13.jar;C:\Users\venka\.m2\repository\org\springframework\spring-context\6.1.13\spring-context-6.1.13.jar;C:\Users\venka\.m2\repository\org\springframework\spring-tx\6.1.13\spring-tx-6.1.13.jar;C:\Users\venka\.m2\repository\org\springframework\spring-beans\6.1.13\spring-beans-6.1.13.jar;C:\Users\venka\.m2\repository\jakarta\annotation\jakarta.annotation-api\2.1.1\jakarta.annotation-api-2.1.1.jar;C:\Users\venka\.m2\repository\org\slf4j\slf4j-api\2.0.16\slf4j-api-2.0.16.jar;C:\Users\venka\.m2\repository\org\springframework\spring-aspects\6.1.13\spring-aspects-6.1.13.jar;C:\Users\venka\.m2\repository\org\springframework\boot\spring-boot-starter-web\3.3.4\spring-boot-starter-web-3.3.4.jar;C:\Users\venka\.m2\repository\org\springframework\boot\spring-boot-starter\3.3.4\spring-boot-starter-3.3.4.jar;C:\Users\venka\.m2\repository\org\springframework\boot\spring-boot\3.3.4\spring-boot-3.3.4.jar;C:\Users\venka\.m2\repository\org\springframework\boot\spring-boot-autoconfigure\3.3.4\spring-boot-autoconfigure-3.3.4.jar;C:\Users\venka\.m2\repository\org\springframework\boot\spring-boot-starter-logging\3.3.4\spring-boot-starter-logging-3.3.4.jar;C:\Users\venka\.m2\repository\ch\qos\logback\logback-classic\1.5.8\logback-classic-1.5.8.jar;C:\Users\venka\.m2\repository\ch\qos\logback\logback-core\1.5.8\logback-core-1.5.8.jar;C:\Users\venka\.m2\repository\org\apache\logging\log4j\log4j-to-slf4j\2.23.1\log4j-to-slf4j-2.23.1.jar;C:\Users\venka\.m2\repository\org\apache\logging\log4j\log4j-api\2.23.1\log4j-api-2.23.1.jar;C:\Users\venka\.m2\repository\org\slf4j\jul-to-slf4j\2.0.16\jul-to-slf4j-2.0.16.jar;C:\Users\venka\.m2\repository\org\yaml\snakeyaml\2.2\snakeyaml-2.2.jar;C:\Users\venka\.m2\repository\org\springframework\boot\spring-boot-starter-json\3.3.4\spring-boot-starter-json-3.3.4.jar;C:\Users\venka\.m2\repository\com\fasterxml\jackson\core\jackson-databind\2.17.2\jackson-databind-2.17.2.jar;C:\Users\venka\.m2\repository\com\fasterxml\jackson\core\jackson-annotations\2.17.2\jackson-annotations-2.17.2.jar;C:\Users\venka\.m2\repository\com\fasterxml\jackson\core\jackson-core\2.17.2\jackson-core-2.17.2.jar;C:\Users\venka\.m2\repository\com\fasterxml\jackson\datatype\jackson-datatype-jdk8\2.17.2\jackson-datatype-jdk8-2.17.2.jar;C:\Users\venka\.m2\repository\com\fasterxml\jackson\datatype\jackson-datatype-jsr310\2.17.2\jackson-datatype-jsr310-2.17.2.jar;C:\Users\venka\.m2\repository\com\fasterxml\jackson\module\jackson-module-parameter-names\2.17.2\jackson-module-parameter-names-2.17.2.jar;C:\Users\venka\.m2\repository\org\springframework\boot\spring-boot-starter-tomcat\3.3.4\spring-boot-starter-tomcat-3.3.4.jar;C:\Users\venka\.m2\repository\org\apache\tomcat\embed\tomcat-embed-core\10.1.30\tomcat-embed-core-10.1.30.jar;C:\Users\venka\.m2\repository\org\apache\tomcat\embed\tomcat-embed-el\10.1.30\tomcat-embed-el-10.1.30.jar;C:\Users\venka\.m2\repository\org\apache\tomcat\embed\tomcat-embed-websocket\10.1.30\tomcat-embed-websocket-10.1.30.jar;C:\Users\venka\.m2\repository\org\springframework\spring-web\6.1.13\spring-web-6.1.13.jar;C:\Users\venka\.m2\repository\io\micrometer\micrometer-observation\1.13.4\micrometer-observation-1.13.4.jar;C:\Users\venka\.m2\repository\io\micrometer\micrometer-commons\1.13.4\micrometer-commons-1.13.4.jar;C:\Users\venka\.m2\repository\org\springframework\spring-webmvc\6.1.13\spring-webmvc-6.1.13.jar;C:\Users\venka\.m2\repository\org\springframework\spring-expression\6.1.13\spring-expression-6.1.13.jar;C:\Users\venka\.m2\repository\org\postgresql\postgresql\42.7.4\postgresql-42.7.4.jar;C:\Users\venka\.m2\repository\org\checkerframework\checker-qual\3.42.0\checker-qual-3.42.0.jar;C:\Users\venka\.m2\repository\org\projectlombok\lombok\1.18.34\lombok-1.18.34.jar;C:\Users\venka\.m2\repository\org\springframework\boot\spring-boot-starter-test\3.3.4\spring-boot-starter-test-3.3.4.jar;C:\Users\venka\.m2\repository\org\springframework\boot\spring-boot-test\3.3.4\spring-boot-test-3.3.4.jar;C:\Users\venka\.m2\repository\org\springframework\boot\spring-boot-test-autoconfigure\3.3.4\spring-boot-test-autoconfigure-3.3.4.jar;C:\Users\venka\.m2\repository\com\jayway\jsonpath\json-path\2.9.0\json-path-2.9.0.jar;C:\Users\venka\.m2\repository\jakarta\xml\bind\jakarta.xml.bind-api\4.0.2\jakarta.xml.bind-api-4.0.2.jar;C:\Users\venka\.m2\repository\jakarta\activation\jakarta.activation-api\2.1.3\jakarta.activation-api-2.1.3.jar;C:\Users\venka\.m2\repository\net\minidev\json-smart\2.5.1\json-smart-2.5.1.jar;C:\Users\venka\.m2\repository\net\minidev\accessors-smart\2.5.1\accessors-smart-2.5.1.jar;C:\Users\venka\.m2\repository\org\ow2\asm\asm\9.6\asm-9.6.jar;C:\Users\venka\.m2\repository\org\assertj\assertj-core\3.25.3\assertj-core-3.25.3.jar;C:\Users\venka\.m2\repository\org\awaitility\awaitility\4.2.2\awaitility-4.2.2.jar;C:\Users\venka\.m2\repository\org\hamcrest\hamcrest\2.2\hamcrest-2.2.jar;C:\Users\venka\.m2\repository\org\junit\jupiter\junit-jupiter\5.10.3\junit-jupiter-5.10.3.jar;C:\Users\venka\.m2\repository\org\junit\jupiter\junit-jupiter-api\5.10.3\junit-jupiter-api-5.10.3.jar;C:\Users\venka\.m2\repository\org\opentest4j\opentest4j\1.3.0\opentest4j-1.3.0.jar;C:\Users\venka\.m2\repository\org\junit\platform\junit-platform-commons\1.10.3\junit-platform-commons-1.10.3.jar;C:\Users\venka\.m2\repository\org\apiguardian\apiguardian-api\1.1.2\apiguardian-api-1.1.2.jar;C:\Users\venka\.m2\repository\org\junit\jupiter\junit-jupiter-params\5.10.3\junit-jupiter-params-5.10.3.jar;C:\Users\venka\.m2\repository\org\junit\jupiter\junit-jupiter-engine\5.10.3\junit-jupiter-engine-5.10.3.jar;C:\Users\venka\.m2\repository\org\junit\platform\junit-platform-engine\1.10.3\junit-platform-engine-1.10.3.jar;C:\Users\venka\.m2\repository\org\mockito\mockito-core\5.11.0\mockito-core-5.11.0.jar;C:\Users\venka\.m2\repository\net\bytebuddy\byte-buddy-agent\1.14.19\byte-buddy-agent-1.14.19.jar;C:\Users\venka\.m2\repository\org\objenesis\objenesis\3.3\objenesis-3.3.jar;C:\Users\venka\.m2\repository\org\mockito\mockito-junit-jupiter\5.11.0\mockito-junit-jupiter-5.11.0.jar;C:\Users\venka\.m2\repository\org\skyscreamer\jsonassert\1.5.3\jsonassert-1.5.3.jar;C:\Users\venka\.m2\repository\com\vaadin\external\google\android-json\0.0.20131108.vaadin1\android-json-0.0.20131108.vaadin1.jar;C:\Users\venka\.m2\repository\org\springframework\spring-core\6.1.13\spring-core-6.1.13.jar;C:\Users\venka\.m2\repository\org\springframework\spring-jcl\6.1.13\spring-jcl-6.1.13.jar;C:\Users\venka\.m2\repository\org\springframework\spring-test\6.1.13\spring-test-6.1.13.jar;C:\Users\venka\.m2\repository\org\xmlunit\xmlunit-core\2.9.1\xmlunit-core-2.9.1.jar;C:\Users\venka\.m2\repository\org\hibernate\orm\hibernate-spatial\6.5.2.Final\hibernate-spatial-6.5.2.Final.jar;C:\Users\venka\.m2\repository\org\geolatte\geolatte-geom\1.8.2\geolatte-geom-1.8.2.jar;C:\Users\venka\.m2\repository\org\locationtech\jts\jts-core\1.18.2\jts-core-1.18.2.jar;C:\Users\venka\.m2\repository\org\jboss\logging\jboss-logging\3.5.3.Final\jboss-logging-3.5.3.Final.jar;C:\Users\venka\.m2\repository\org\modelmapper\modelmapper\3.2.0\modelmapper-3.2.0.jar;"/>
    <property name="sun.cpu.endian" value="little"/>
    <property name="user.home" value="C:\Users\venka"/>
    <property name="user.language" value="en"/>
    <property name="java.specification.vendor" value="Oracle Corporation"/>
    <property name="java.version.date" value="2024-07-16"/>
    <property name="java.home" value="C:\Program Files\Java\jdk-21"/>
    <property name="file.separator" value="\"/>
    <property name="basedir" value="E:\uberApp"/>
    <property name="style.color" value="always"/>
    <property name="java.vm.compressedOopsMode" value="Zero based"/>
    <property name="line.separator" value="&#10;"/>
    <property name="java.vm.specification.vendor" value="Oracle Corporation"/>
    <property name="java.specification.name" value="Java Platform API Specification"/>
    <property name="FILE_LOG_CHARSET" value="UTF-8"/>
    <property name="java.awt.headless" value="true"/>
    <property name="surefire.real.class.path" value="C:\Users\venka\AppData\Local\Temp\surefire15046456053539565454\surefirebooter-20240919112331143_3.jar"/>
    <property name="user.script" value=""/>
    <property name="sun.management.compiler" value="HotSpot 64-Bit Tiered Compilers"/>
    <property name="java.runtime.version" value="21.0.4+8-LTS-274"/>
    <property name="user.name" value="venka"/>
    <property name="stdout.encoding" value="Cp1252"/>
    <property name="path.separator" value=";"/>
    <property name="os.version" value="10.0"/>
    <property name="java.runtime.name" value="Java(TM) SE Runtime Environment"/>
    <property name="file.encoding" value="UTF-8"/>
    <property name="java.vm.name" value="Java HotSpot(TM) 64-Bit Server VM"/>
    <property name="localRepository" value="C:\Users\venka\.m2\repository"/>
    <property name="java.vendor.url.bug" value="https://bugreport.java.com/bugreport/"/>
    <property name="java.io.tmpdir" value="C:\Users\venka\AppData\Local\Temp\"/>
    <property name="com.zaxxer.hikari.pool_number" value="1"/>
    <property name="java.version" value="21.0.4"/>
    <property name="user.dir" value="E:\uberApp"/>
    <property name="os.arch" value="amd64"/>
    <property name="java.vm.specification.name" value="Java Virtual Machine Specification"/>
    <property name="PID" value="32836"/>
    <property name="sun.os.patch.level" value=""/>
    <property name="CONSOLE_LOG_CHARSET" value="UTF-8"/>
    <property name="native.encoding" value="Cp1252"/>
    <property name="java.library.path" value="C:\Program Files\Java\jdk-21\bin;C:\WINDOWS\Sun\Java\bin;C:\WINDOWS\system32;C:\WINDOWS;C:/Users/venka/Downloads/sts-4.21.1.RELEASE//plugins/org.eclipse.justj.openjdk.hotspot.jre.full.win32.x86_64_17.0.10.v20240120-1143/jre/bin/server;C:/Users/venka/Downloads/sts-4.21.1.RELEASE//plugins/org.eclipse.justj.openjdk.hotspot.jre.full.win32.x86_64_17.0.10.v20240120-1143/jre/bin;C:\Program Files\Common Files\Oracle\Java\javapath;C:\Program Files (x86)\Common Files\Oracle\Java\javapath;C:\Program Files\Eclipse Adoptium\jdk-17.0.8.101-hotspot\bin;C:\Program Files\Amazon Corretto\jdk21.0.0_35\bin;C:\WINDOWS\system32;C:\WINDOWS;C:\WINDOWS\System32\Wbem;C:\WINDOWS\System32\WindowsPowerShell\v1.0\;C:\WINDOWS\System32\OpenSSH\;C:\Program Files\dotnet\;C:\Program Files\PuTTY\;C:\Program Files\Amazon\AWSCLIV2\;C:\Program Files\nodejs\;C:\Program Files\Java\jdk-1.8;C:\Program Files\Java\jdk-1.8\bin;E:\apache-maven-3.9.4\bin;C:\Program Files\Git\cmd;C:\Program Files\Azure Data Studio\bin;C:\Program Files (x86)\Microsoft SQL Server\160\Tools\Binn\;C:\Program Files\Microsoft SQL Server\160\Tools\Binn\;C:\Program Files\Microsoft SQL Server\Client SDK\ODBC\170\Tools\Binn\;C:\Program Files\Microsoft SQL Server\160\DTS\Binn\;C:\Program Files (x86)\Microsoft SQL Server\160\DTS\Binn\;C:\Program Files\Docker\Docker\resources\bin;C:\Program Files\Java\jdk-21;C:\Program Files\Java\jdk-21\bin;C:\Users\venka\AppData\Local\Programs\Python\Python39\Scripts\;C:\Users\venka\AppData\Local\Programs\Python\Python39\;C:\Program Files\MySQL\MySQL Shell 8.0\bin\;C:\Users\venka\AppData\Local\Microsoft\WindowsApps;C:\Users\venka\AppData\Roaming\npm;C:\Users\venka\AppData\Local\Programs\Microsoft VS Code\bin;C:\Program Files\Java\jdk-1.8\bin;C:\Program Files\Java\jdk-1.8;C:\Program Files\Azure Data Studio\bin;C:\Program Files\heroku\bin;E:\node-course\heroku\bin;C:\Users\venka\AppData\Local\Programs\Python\Python39\Scripts;C:\Users\venka\AppData\Local\GitHubDesktop\bin;C:\Program Files\Java\jdk-21;C:\Program Files\Java\jdk-21\bin;C:\Users\venka\AppData\Local\Programs\Python\Python39\Scripts\;;C:\Users\venka\Downloads\sts-4.21.1.RELEASE;;."/>
    <property name="java.vm.info" value="mixed mode, sharing"/>
    <property name="stderr.encoding" value="Cp1252"/>
    <property name="java.vendor" value="Oracle Corporation"/>
    <property name="java.vm.version" value="21.0.4+8-LTS-274"/>
    <property name="sun.io.unicode.encoding" value="UnicodeLittle"/>
    <property name="java.class.version" value="65.0"/>
    <property name="LOGGED_APPLICATION_NAME" value="[uberApp] "/>
  </properties>
  <testcase name="contextLoads" classname="com.venkat.project.uber.uberApp.UberAppApplicationTests" time="0.362">
    <system-out><![CDATA[11:23:31.944 [main] INFO org.springframework.test.context.support.AnnotationConfigContextLoaderUtils -- Could not detect default configuration classes for test class [com.venkat.project.uber.uberApp.UberAppApplicationTests]: UberAppApplicationTests does not declare any static, non-private, non-final, nested classes annotated with @Configuration.
11:23:32.041 [main] INFO org.springframework.boot.test.context.SpringBootTestContextBootstrapper -- Found @SpringBootConfiguration com.venkat.project.uber.uberApp.UberAppApplication for test class com.venkat.project.uber.uberApp.UberAppApplicationTests

  .   ____          _            __ _ _
 /\\ / ___'_ __ _ _(_)_ __  __ _ \ \ \ \
( ( )\___ | '_ | '_| | '_ \/ _` | \ \ \ \
 \\/  ___)| |_)| | | | | || (_| |  ) ) ) )
  '  |____| .__|_| |_|_| |_\__, | / / / /
 =========|_|==============|___/=/_/_/_/

 :: Spring Boot ::                (v3.3.4)

2024-09-19T11:23:32.383-05:00  INFO 32836 --- [uberApp] [           main] c.v.p.u.uberApp.UberAppApplicationTests  : Starting UberAppApplicationTests using Java 21.0.4 with PID 32836 (started by venka in E:\uberApp)
2024-09-19T11:23:32.385-05:00  INFO 32836 --- [uberApp] [           main] c.v.p.u.uberApp.UberAppApplicationTests  : No active profile set, falling back to 1 default profile: "default"
2024-09-19T11:23:32.385-05:00 DEBUG 32836 --- [uberApp] [           main] o.s.boot.SpringApplication               : Loading source class com.venkat.project.uber.uberApp.UberAppApplication
2024-09-19T11:23:32.410-05:00 DEBUG 32836 --- [uberApp] [           main] o.s.w.c.s.GenericWebApplicationContext   : Refreshing org.springframework.web.context.support.GenericWebApplicationContext@4d9d1b69
2024-09-19T11:23:32.423-05:00 DEBUG 32836 --- [uberApp] [           main] o.s.b.f.s.DefaultListableBeanFactory     : Creating shared instance of singleton bean 'org.springframework.context.annotation.internalConfigurationAnnotationProcessor'
2024-09-19T11:23:32.436-05:00 DEBUG 32836 --- [uberApp] [           main] o.s.b.f.s.DefaultListableBeanFactory     : Creating shared instance of singleton bean 'org.springframework.boot.autoconfigure.internalCachingMetadataReaderFactory'
2024-09-19T11:23:32.480-05:00 DEBUG 32836 --- [uberApp] [           main] o.s.c.a.ClassPathBeanDefinitionScanner   : Identified candidate component class: file [E:\uberApp\target\classes\com\venkat\project\uber\uberApp\advices\GlobalExceptionHandler.class]
2024-09-19T11:23:32.481-05:00 DEBUG 32836 --- [uberApp] [           main] o.s.c.a.ClassPathBeanDefinitionScanner   : Identified candidate component class: file [E:\uberApp\target\classes\com\venkat\project\uber\uberApp\advices\GlobalResponseHandler.class]
2024-09-19T11:23:32.483-05:00 DEBUG 32836 --- [uberApp] [           main] o.s.c.a.ClassPathBeanDefinitionScanner   : Identified candidate component class: file [E:\uberApp\target\classes\com\venkat\project\uber\uberApp\configs\MapperConfig.class]
2024-09-19T11:23:32.489-05:00 DEBUG 32836 --- [uberApp] [           main] o.s.c.a.ClassPathBeanDefinitionScanner   : Identified candidate component class: file [E:\uberApp\target\classes\com\venkat\project\uber\uberApp\controllers\AuthController.class]
2024-09-19T11:23:32.489-05:00 DEBUG 32836 --- [uberApp] [           main] o.s.c.a.ClassPathBeanDefinitionScanner   : Identified candidate component class: file [E:\uberApp\target\classes\com\venkat\project\uber\uberApp\controllers\DriverController.class]
2024-09-19T11:23:32.489-05:00 DEBUG 32836 --- [uberApp] [           main] o.s.c.a.ClassPathBeanDefinitionScanner   : Identified candidate component class: file [E:\uberApp\target\classes\com\venkat\project\uber\uberApp\controllers\RiderController.class]
2024-09-19T11:23:32.500-05:00 DEBUG 32836 --- [uberApp] [           main] o.s.c.a.ClassPathBeanDefinitionScanner   : Ignored because not a concrete top-level class: file [E:\uberApp\target\classes\com\venkat\project\uber\uberApp\repositories\DriverRepository.class]
2024-09-19T11:23:32.500-05:00 DEBUG 32836 --- [uberApp] [           main] o.s.c.a.ClassPathBeanDefinitionScanner   : Ignored because not a concrete top-level class: file [E:\uberApp\target\classes\com\venkat\project\uber\uberApp\repositories\RideRepository.class]
2024-09-19T11:23:32.501-05:00 DEBUG 32836 --- [uberApp] [           main] o.s.c.a.ClassPathBeanDefinitionScanner   : Ignored because not a concrete top-level class: file [E:\uberApp\target\classes\com\venkat\project\uber\uberApp\repositories\RideRequestRepository.class]
2024-09-19T11:23:32.501-05:00 DEBUG 32836 --- [uberApp] [           main] o.s.c.a.ClassPathBeanDefinitionScanner   : Ignored because not a concrete top-level class: file [E:\uberApp\target\classes\com\venkat\project\uber\uberApp\repositories\RiderRepository.class]
2024-09-19T11:23:32.501-05:00 DEBUG 32836 --- [uberApp] [           main] o.s.c.a.ClassPathBeanDefinitionScanner   : Ignored because not a concrete top-level class: file [E:\uberApp\target\classes\com\venkat\project\uber\uberApp\repositories\UserRepository.class]
2024-09-19T11:23:32.504-05:00 DEBUG 32836 --- [uberApp] [           main] o.s.c.a.ClassPathBeanDefinitionScanner   : Identified candidate component class: file [E:\uberApp\target\classes\com\venkat\project\uber\uberApp\services\impl\AuthServiceImpl.class]
2024-09-19T11:23:32.505-05:00 DEBUG 32836 --- [uberApp] [           main] o.s.c.a.ClassPathBeanDefinitionScanner   : Identified candidate component class: file [E:\uberApp\target\classes\com\venkat\project\uber\uberApp\services\impl\DistanceServiceOSRMImpl.class]
2024-09-19T11:23:32.505-05:00 DEBUG 32836 --- [uberApp] [           main] o.s.c.a.ClassPathBeanDefinitionScanner   : Identified candidate component class: file [E:\uberApp\target\classes\com\venkat\project\uber\uberApp\services\impl\DriverServiceImpl.class]
2024-09-19T11:23:32.506-05:00 DEBUG 32836 --- [uberApp] [           main] o.s.c.a.ClassPathBeanDefinitionScanner   : Identified candidate component class: file [E:\uberApp\target\classes\com\venkat\project\uber\uberApp\services\impl\RideRequestServiceImpl.class]
2024-09-19T11:23:32.506-05:00 DEBUG 32836 --- [uberApp] [           main] o.s.c.a.ClassPathBeanDefinitionScanner   : Identified candidate component class: file [E:\uberApp\target\classes\com\venkat\project\uber\uberApp\services\impl\RiderServiceImpl.class]
2024-09-19T11:23:32.507-05:00 DEBUG 32836 --- [uberApp] [           main] o.s.c.a.ClassPathBeanDefinitionScanner   : Identified candidate component class: file [E:\uberApp\target\classes\com\venkat\project\uber\uberApp\services\impl\RideServiceImpl.class]
2024-09-19T11:23:32.508-05:00 DEBUG 32836 --- [uberApp] [           main] o.s.c.a.ClassPathBeanDefinitionScanner   : Identified candidate component class: file [E:\uberApp\target\classes\com\venkat\project\uber\uberApp\strategies\impl\DriverMatchingHighestRatedDriverStrategy.class]
2024-09-19T11:23:32.508-05:00 DEBUG 32836 --- [uberApp] [           main] o.s.c.a.ClassPathBeanDefinitionScanner   : Identified candidate component class: file [E:\uberApp\target\classes\com\venkat\project\uber\uberApp\strategies\impl\DriverMatchingNearestDriverStrategy.class]
2024-09-19T11:23:32.508-05:00 DEBUG 32836 --- [uberApp] [           main] o.s.c.a.ClassPathBeanDefinitionScanner   : Identified candidate component class: file [E:\uberApp\target\classes\com\venkat\project\uber\uberApp\strategies\impl\RideFareSurgePricingFareCalculationStrategy.class]
2024-09-19T11:23:32.508-05:00 DEBUG 32836 --- [uberApp] [           main] o.s.c.a.ClassPathBeanDefinitionScanner   : Identified candidate component class: file [E:\uberApp\target\classes\com\venkat\project\uber\uberApp\strategies\impl\RiderFareDefaultFareCalculationStrategy.class]
2024-09-19T11:23:32.509-05:00 DEBUG 32836 --- [uberApp] [           main] o.s.c.a.ClassPathBeanDefinitionScanner   : Identified candidate component class: file [E:\uberApp\target\classes\com\venkat\project\uber\uberApp\strategies\RideStrategyManager.class]
2024-09-19T11:23:32.988-05:00  INFO 32836 --- [uberApp] [           main] .s.d.r.c.RepositoryConfigurationDelegate : Bootstrapping Spring Data JPA repositories in DEFAULT mode.
2024-09-19T11:23:32.994-05:00 DEBUG 32836 --- [uberApp] [           main] o.s.b.f.s.DefaultListableBeanFactory     : Creating shared instance of singleton bean 'org.springframework.boot.autoconfigure.AutoConfigurationPackages'
2024-09-19T11:23:33.001-05:00 DEBUG 32836 --- [uberApp] [           main] o.s.b.a.AutoConfigurationPackages        : @EnableAutoConfiguration was declared on a class in the package 'com.venkat.project.uber.uberApp'. Automatic @Repository and @Entity scanning is enabled.
2024-09-19T11:23:33.001-05:00 DEBUG 32836 --- [uberApp] [           main] .s.d.r.c.RepositoryConfigurationDelegate : Scanning for JPA repositories in packages com.venkat.project.uber.uberApp.
2024-09-19T11:23:33.013-05:00 DEBUG 32836 --- [uberApp] [           main] o.s.d.r.c.RepositoryComponentProvider    : Identified candidate component class: file [E:\uberApp\target\classes\com\venkat\project\uber\uberApp\repositories\DriverRepository.class]
2024-09-19T11:23:33.013-05:00 DEBUG 32836 --- [uberApp] [           main] o.s.d.r.c.RepositoryComponentProvider    : Identified candidate component class: file [E:\uberApp\target\classes\com\venkat\project\uber\uberApp\repositories\RideRepository.class]
2024-09-19T11:23:33.013-05:00 DEBUG 32836 --- [uberApp] [           main] o.s.d.r.c.RepositoryComponentProvider    : Identified candidate component class: file [E:\uberApp\target\classes\com\venkat\project\uber\uberApp\repositories\RideRequestRepository.class]
2024-09-19T11:23:33.014-05:00 DEBUG 32836 --- [uberApp] [           main] o.s.d.r.c.RepositoryComponentProvider    : Identified candidate component class: file [E:\uberApp\target\classes\com\venkat\project\uber\uberApp\repositories\RiderRepository.class]
2024-09-19T11:23:33.014-05:00 DEBUG 32836 --- [uberApp] [           main] o.s.d.r.c.RepositoryComponentProvider    : Identified candidate component class: file [E:\uberApp\target\classes\com\venkat\project\uber\uberApp\repositories\UserRepository.class]
2024-09-19T11:23:33.041-05:00 DEBUG 32836 --- [uberApp] [           main] ssPathScanningCandidateComponentProvider : Identified candidate component class: file [E:\uberApp\target\classes\com\venkat\project\uber\uberApp\services\impl\AuthServiceImpl.class]
2024-09-19T11:23:33.041-05:00 DEBUG 32836 --- [uberApp] [           main] ssPathScanningCandidateComponentProvider : Identified candidate component class: file [E:\uberApp\target\classes\com\venkat\project\uber\uberApp\services\impl\DistanceServiceOSRMImpl.class]
2024-09-19T11:23:33.041-05:00 DEBUG 32836 --- [uberApp] [           main] ssPathScanningCandidateComponentProvider : Identified candidate component class: file [E:\uberApp\target\classes\com\venkat\project\uber\uberApp\services\impl\DriverServiceImpl.class]
2024-09-19T11:23:33.042-05:00 DEBUG 32836 --- [uberApp] [           main] ssPathScanningCandidateComponentProvider : Identified candidate component class: file [E:\uberApp\target\classes\com\venkat\project\uber\uberApp\services\impl\RideRequestServiceImpl.class]
2024-09-19T11:23:33.042-05:00 DEBUG 32836 --- [uberApp] [           main] ssPathScanningCandidateComponentProvider : Identified candidate component class: file [E:\uberApp\target\classes\com\venkat\project\uber\uberApp\services\impl\RiderServiceImpl.class]
2024-09-19T11:23:33.042-05:00 DEBUG 32836 --- [uberApp] [           main] ssPathScanningCandidateComponentProvider : Identified candidate component class: file [E:\uberApp\target\classes\com\venkat\project\uber\uberApp\services\impl\RideServiceImpl.class]
2024-09-19T11:23:33.057-05:00  INFO 32836 --- [uberApp] [           main] .s.d.r.c.RepositoryConfigurationDelegate : Finished Spring Data repository scanning in 53 ms. Found 5 JPA repository interfaces.
2024-09-19T11:23:33.219-05:00 DEBUG 32836 --- [uberApp] [           main] o.s.b.f.s.DefaultListableBeanFactory     : Creating shared instance of singleton bean 'propertySourcesPlaceholderConfigurer'
2024-09-19T11:23:33.224-05:00 DEBUG 32836 --- [uberApp] [           main] o.s.b.f.s.DefaultListableBeanFactory     : Creating shared instance of singleton bean 'org.springframework.boot.test.mock.mockito.MockitoPostProcessor'
2024-09-19T11:23:33.225-05:00 DEBUG 32836 --- [uberApp] [           main] o.s.b.f.s.DefaultListableBeanFactory     : Creating shared instance of singleton bean 'emBeanDefinitionRegistrarPostProcessor'
2024-09-19T11:23:33.226-05:00 DEBUG 32836 --- [uberApp] [           main] o.s.b.f.s.DefaultListableBeanFactory     : Creating shared instance of singleton bean 'org.springframework.boot.sql.init.dependency.DatabaseInitializationDependencyConfigurer$DependsOnDatabaseInitializationPostProcessor'
2024-09-19T11:23:33.271-05:00 DEBUG 32836 --- [uberApp] [           main] o.s.b.f.s.DefaultListableBeanFactory     : Creating shared instance of singleton bean 'org.springframework.context.event.internalEventListenerProcessor'
2024-09-19T11:23:33.272-05:00 DEBUG 32836 --- [uberApp] [           main] o.s.b.f.s.DefaultListableBeanFactory     : Creating shared instance of singleton bean 'preserveErrorControllerTargetClassPostProcessor'
2024-09-19T11:23:33.273-05:00 DEBUG 32836 --- [uberApp] [           main] o.s.b.f.s.DefaultListableBeanFactory     : Creating shared instance of singleton bean 'org.springframework.context.event.internalEventListenerFactory'
2024-09-19T11:23:33.274-05:00 DEBUG 32836 --- [uberApp] [           main] o.s.b.f.s.DefaultListableBeanFactory     : Creating shared instance of singleton bean 'org.springframework.transaction.config.internalTransactionalEventListenerFactory'
2024-09-19T11:23:33.278-05:00 DEBUG 32836 --- [uberApp] [           main] o.s.b.f.s.DefaultListableBeanFactory     : Creating shared instance of singleton bean 'org.springframework.boot.test.mock.mockito.MockitoPostProcessor$SpyPostProcessor'
2024-09-19T11:23:33.279-05:00 DEBUG 32836 --- [uberApp] [           main] o.s.b.f.s.DefaultListableBeanFactory     : Creating shared instance of singleton bean 'org.springframework.context.annotation.internalAutowiredAnnotationProcessor'
2024-09-19T11:23:33.281-05:00 DEBUG 32836 --- [uberApp] [           main] o.s.b.f.s.DefaultListableBeanFactory     : Creating shared instance of singleton bean 'org.springframework.context.annotation.internalCommonAnnotationProcessor'
2024-09-19T11:23:33.284-05:00 DEBUG 32836 --- [uberApp] [           main] o.s.b.f.s.DefaultListableBeanFactory     : Creating shared instance of singleton bean 'org.springframework.context.annotation.internalPersistenceAnnotationProcessor'
2024-09-19T11:23:33.284-05:00 DEBUG 32836 --- [uberApp] [           main] o.s.b.f.s.DefaultListableBeanFactory     : Creating shared instance of singleton bean 'org.springframework.boot.context.properties.ConfigurationPropertiesBindingPostProcessor'
2024-09-19T11:23:33.285-05:00 DEBUG 32836 --- [uberApp] [           main] o.s.b.f.s.DefaultListableBeanFactory     : Creating shared instance of singleton bean 'org.springframework.boot.context.internalConfigurationPropertiesBinder'
2024-09-19T11:23:33.287-05:00 DEBUG 32836 --- [uberApp] [           main] o.s.b.f.s.DefaultListableBeanFactory     : Creating shared instance of singleton bean 'jdbcConnectionDetailsHikariBeanPostProcessor'
2024-09-19T11:23:33.290-05:00 DEBUG 32836 --- [uberApp] [           main] o.s.b.f.s.DefaultListableBeanFactory     : Creating shared instance of singleton bean 'org.springframework.aop.config.internalAutoProxyCreator'
2024-09-19T11:23:33.308-05:00 DEBUG 32836 --- [uberApp] [           main] o.s.b.f.s.DefaultListableBeanFactory     : Creating shared instance of singleton bean 'persistenceExceptionTranslationPostProcessor'
2024-09-19T11:23:33.323-05:00 DEBUG 32836 --- [uberApp] [           main] o.s.b.f.s.DefaultListableBeanFactory     : Autowiring by type from bean name 'persistenceExceptionTranslationPostProcessor' via factory method to bean named 'environment'
2024-09-19T11:23:33.327-05:00 DEBUG 32836 --- [uberApp] [           main] o.s.b.f.s.DefaultListableBeanFactory     : Creating shared instance of singleton bean 'webServerFactoryCustomizerBeanPostProcessor'
2024-09-19T11:23:33.327-05:00 DEBUG 32836 --- [uberApp] [           main] o.s.b.f.s.DefaultListableBeanFactory     : Creating shared instance of singleton bean 'errorPageRegistrarBeanPostProcessor'
2024-09-19T11:23:33.328-05:00 DEBUG 32836 --- [uberApp] [           main] o.s.b.f.s.DefaultListableBeanFactory     : Creating shared instance of singleton bean 'projectingArgumentResolverBeanPostProcessor'
2024-09-19T11:23:33.329-05:00 DEBUG 32836 --- [uberApp] [           main] o.s.b.f.s.DefaultListableBeanFactory     : Creating shared instance of singleton bean 'org.springframework.transaction.config.internalTransactionAdvisor'
2024-09-19T11:23:33.329-05:00 DEBUG 32836 --- [uberApp] [           main] o.s.b.f.s.DefaultListableBeanFactory     : Creating shared instance of singleton bean 'org.springframework.transaction.annotation.ProxyTransactionManagementConfiguration'
2024-09-19T11:23:33.336-05:00 DEBUG 32836 --- [uberApp] [           main] o.s.b.f.s.DefaultListableBeanFactory     : Creating shared instance of singleton bean 'transactionAttributeSource'
2024-09-19T11:23:33.337-05:00 DEBUG 32836 --- [uberApp] [           main] o.s.b.f.s.DefaultListableBeanFactory     : Creating shared instance of singleton bean 'transactionInterceptor'
2024-09-19T11:23:33.338-05:00 DEBUG 32836 --- [uberApp] [           main] o.s.b.f.s.DefaultListableBeanFactory     : Autowiring by type from bean name 'transactionInterceptor' via factory method to bean named 'transactionAttributeSource'
2024-09-19T11:23:33.341-05:00 DEBUG 32836 --- [uberApp] [           main] o.s.b.f.s.DefaultListableBeanFactory     : Autowiring by type from bean name 'org.springframework.transaction.config.internalTransactionAdvisor' via factory method to bean named 'transactionAttributeSource'
2024-09-19T11:23:33.341-05:00 DEBUG 32836 --- [uberApp] [           main] o.s.b.f.s.DefaultListableBeanFactory     : Autowiring by type from bean name 'org.springframework.transaction.config.internalTransactionAdvisor' via factory method to bean named 'transactionInterceptor'
2024-09-19T11:23:33.353-05:00 DEBUG 32836 --- [uberApp] [           main] o.s.u.c.s.UiApplicationContextUtils      : Unable to locate ThemeSource with name 'themeSource': using default [org.springframework.ui.context.support.ResourceBundleThemeSource@3fd05b3e]
2024-09-19T11:23:33.354-05:00 DEBUG 32836 --- [uberApp] [           main] o.s.b.f.s.DefaultListableBeanFactory     : Creating shared instance of singleton bean 'entityManagerFactory'
2024-09-19T11:23:33.355-05:00 DEBUG 32836 --- [uberApp] [           main] o.s.b.f.s.DefaultListableBeanFactory     : Creating shared instance of singleton bean 'org.springframework.boot.autoconfigure.orm.jpa.HibernateJpaConfiguration'
2024-09-19T11:23:33.355-05:00 DEBUG 32836 --- [uberApp] [           main] o.s.b.f.s.DefaultListableBeanFactory     : Creating shared instance of singleton bean 'dataSource'
2024-09-19T11:23:33.355-05:00 DEBUG 32836 --- [uberApp] [           main] o.s.b.f.s.DefaultListableBeanFactory     : Creating shared instance of singleton bean 'org.springframework.boot.autoconfigure.jdbc.DataSourceConfiguration$Hikari'
2024-09-19T11:23:33.356-05:00 DEBUG 32836 --- [uberApp] [           main] o.s.b.f.s.DefaultListableBeanFactory     : Creating shared instance of singleton bean 'spring.datasource-org.springframework.boot.autoconfigure.jdbc.DataSourceProperties'
2024-09-19T11:23:33.360-05:00 DEBUG 32836 --- [uberApp] [           main] o.s.b.f.s.DefaultListableBeanFactory     : Creating shared instance of singleton bean 'org.springframework.boot.context.properties.BoundConfigurationProperties'
2024-09-19T11:23:33.384-05:00 DEBUG 32836 --- [uberApp] [           main] o.s.b.f.s.DefaultListableBeanFactory     : Creating shared instance of singleton bean 'jdbcConnectionDetails'
2024-09-19T11:23:33.384-05:00 DEBUG 32836 --- [uberApp] [           main] o.s.b.f.s.DefaultListableBeanFactory     : Creating shared instance of singleton bean 'org.springframework.boot.autoconfigure.jdbc.DataSourceAutoConfiguration$PooledDataSourceConfiguration'
2024-09-19T11:23:33.385-05:00 DEBUG 32836 --- [uberApp] [           main] o.s.b.f.s.DefaultListableBeanFactory     : Autowiring by type from bean name 'jdbcConnectionDetails' via factory method to bean named 'spring.datasource-org.springframework.boot.autoconfigure.jdbc.DataSourceProperties'
2024-09-19T11:23:33.386-05:00 DEBUG 32836 --- [uberApp] [           main] o.s.b.f.s.DefaultListableBeanFactory     : Autowiring by type from bean name 'dataSource' via factory method to bean named 'spring.datasource-org.springframework.boot.autoconfigure.jdbc.DataSourceProperties'
2024-09-19T11:23:33.387-05:00 DEBUG 32836 --- [uberApp] [           main] o.s.b.f.s.DefaultListableBeanFactory     : Autowiring by type from bean name 'dataSource' via factory method to bean named 'jdbcConnectionDetails'
2024-09-19T11:23:33.413-05:00 DEBUG 32836 --- [uberApp] [           main] o.s.b.f.s.DefaultListableBeanFactory     : Creating shared instance of singleton bean 'spring.jpa-org.springframework.boot.autoconfigure.orm.jpa.JpaProperties'
2024-09-19T11:23:33.418-05:00 DEBUG 32836 --- [uberApp] [           main] o.s.b.f.s.DefaultListableBeanFactory     : Creating shared instance of singleton bean 'spring.jpa.hibernate-org.springframework.boot.autoconfigure.orm.jpa.HibernateProperties'
2024-09-19T11:23:33.419-05:00 DEBUG 32836 --- [uberApp] [           main] o.s.b.f.s.DefaultListableBeanFactory     : Autowiring by type from bean name 'org.springframework.boot.autoconfigure.orm.jpa.HibernateJpaConfiguration' via constructor to bean named 'dataSource'
2024-09-19T11:23:33.419-05:00 DEBUG 32836 --- [uberApp] [           main] o.s.b.f.s.DefaultListableBeanFactory     : Autowiring by type from bean name 'org.springframework.boot.autoconfigure.orm.jpa.HibernateJpaConfiguration' via constructor to bean named 'spring.jpa-org.springframework.boot.autoconfigure.orm.jpa.JpaProperties'
2024-09-19T11:23:33.420-05:00 DEBUG 32836 --- [uberApp] [           main] o.s.b.f.s.DefaultListableBeanFactory     : Autowiring by type from bean name 'org.springframework.boot.autoconfigure.orm.jpa.HibernateJpaConfiguration' via constructor to bean named 'org.springframework.beans.factory.support.DefaultListableBeanFactory@56f2bbea'
2024-09-19T11:23:33.420-05:00 DEBUG 32836 --- [uberApp] [           main] o.s.b.f.s.DefaultListableBeanFactory     : Autowiring by type from bean name 'org.springframework.boot.autoconfigure.orm.jpa.HibernateJpaConfiguration' via constructor to bean named 'spring.jpa.hibernate-org.springframework.boot.autoconfigure.orm.jpa.HibernateProperties'
2024-09-19T11:23:33.423-05:00 DEBUG 32836 --- [uberApp] [           main] o.s.b.f.s.DefaultListableBeanFactory     : Creating shared instance of singleton bean 'hikariPoolDataSourceMetadataProvider'
2024-09-19T11:23:33.423-05:00 DEBUG 32836 --- [uberApp] [           main] o.s.b.f.s.DefaultListableBeanFactory     : Creating shared instance of singleton bean 'org.springframework.boot.autoconfigure.jdbc.metadata.DataSourcePoolMetadataProvidersConfiguration$HikariPoolDataSourceMetadataProviderConfiguration'
2024-09-19T11:23:33.431-05:00 DEBUG 32836 --- [uberApp] [           main] o.s.b.f.s.DefaultListableBeanFactory     : Creating shared instance of singleton bean 'entityManagerFactoryBuilder'
2024-09-19T11:23:33.432-05:00 DEBUG 32836 --- [uberApp] [           main] o.s.b.f.s.DefaultListableBeanFactory     : Creating shared instance of singleton bean 'jpaVendorAdapter'
2024-09-19T11:23:33.461-05:00 DEBUG 32836 --- [uberApp] [           main] o.s.b.f.s.DefaultListableBeanFactory     : Autowiring by type from bean name 'entityManagerFactoryBuilder' via factory method to bean named 'jpaVendorAdapter'
2024-09-19T11:23:33.468-05:00 DEBUG 32836 --- [uberApp] [           main] o.s.b.f.s.DefaultListableBeanFactory     : Creating shared instance of singleton bean 'persistenceManagedTypes'
2024-09-19T11:23:33.468-05:00 DEBUG 32836 --- [uberApp] [           main] o.s.b.f.s.DefaultListableBeanFactory     : Autowiring by type from bean name 'persistenceManagedTypes' via factory method to bean named 'org.springframework.beans.factory.support.DefaultListableBeanFactory@56f2bbea'
2024-09-19T11:23:33.469-05:00 DEBUG 32836 --- [uberApp] [           main] o.s.b.f.s.DefaultListableBeanFactory     : Autowiring by type from bean name 'persistenceManagedTypes' via factory method to bean named 'org.springframework.web.context.support.GenericWebApplicationContext@4d9d1b69'
2024-09-19T11:23:33.482-05:00 DEBUG 32836 --- [uberApp] [           main] o.s.b.f.s.DefaultListableBeanFactory     : Autowiring by type from bean name 'entityManagerFactory' via factory method to bean named 'entityManagerFactoryBuilder'
2024-09-19T11:23:33.483-05:00 DEBUG 32836 --- [uberApp] [           main] o.s.b.f.s.DefaultListableBeanFactory     : Autowiring by type from bean name 'entityManagerFactory' via factory method to bean named 'persistenceManagedTypes'
2024-09-19T11:23:33.519-05:00 DEBUG 32836 --- [uberApp] [           main] j.LocalContainerEntityManagerFactoryBean : Building JPA container EntityManagerFactory for persistence unit 'default'
2024-09-19T11:23:33.577-05:00  INFO 32836 --- [uberApp] [           main] o.hibernate.jpa.internal.util.LogHelper  : HHH000204: Processing PersistenceUnitInfo [name: default]
2024-09-19T11:23:33.637-05:00  INFO 32836 --- [uberApp] [           main] org.hibernate.Version                    : HHH000412: Hibernate ORM core version 6.5.3.Final
2024-09-19T11:23:33.648-05:00  INFO 32836 --- [uberApp] [           main] o.h.spatial.integration.SpatialService   : HHH80000001: hibernate-spatial integration enabled : true
2024-09-19T11:23:33.665-05:00  INFO 32836 --- [uberApp] [           main] o.h.c.internal.RegionFactoryInitiator    : HHH000026: Second-level cache disabled
2024-09-19T11:23:33.773-05:00  INFO 32836 --- [uberApp] [           main] com.zaxxer.hikari.HikariDataSource       : HikariPool-1 - Starting...
2024-09-19T11:23:34.067-05:00  INFO 32836 --- [uberApp] [           main] com.zaxxer.hikari.pool.HikariPool        : HikariPool-1 - Added connection org.postgresql.jdbc.PgConnection@6cc48a17
2024-09-19T11:23:34.069-05:00  INFO 32836 --- [uberApp] [           main] com.zaxxer.hikari.HikariDataSource       : HikariPool-1 - Start completed.
2024-09-19T11:23:34.149-05:00  INFO 32836 --- [uberApp] [           main] org.hibernate.spatial                    : HHH80000003: hibernate-spatial adding type contributions from : org.hibernate.spatial.dialect.postgis.PostgisDialectContributor
2024-09-19T11:23:34.500-05:00  INFO 32836 --- [uberApp] [           main] o.s.o.j.p.SpringPersistenceUnitInfo      : No LoadTimeWeaver setup: ignoring JPA class transformer
2024-09-19T11:23:34.524-05:00  INFO 32836 --- [uberApp] [           main] org.hibernate.spatial                    : HHH80000003: hibernate-spatial adding type contributions from : org.hibernate.spatial.dialect.postgis.PostgisDialectContributor
2024-09-19T11:23:34.837-05:00  INFO 32836 --- [uberApp] [           main] org.hibernate.spatial                    : HHH80000004: hibernate-spatial adding function contributions from : org.hibernate.spatial.dialect.postgis.PostgisDialectContributor
2024-09-19T11:23:35.344-05:00  INFO 32836 --- [uberApp] [           main] o.h.e.t.j.p.i.JtaPlatformInitiator       : HHH000489: No JTA platform available (set 'hibernate.transaction.jta.platform' to enable JTA platform integration)
2024-09-19T11:23:35.353-05:00 DEBUG 32836 --- [uberApp] [           main] org.hibernate.SQL                        : 
    alter table if exists driver 
       drop constraint if exists FK29a5l15muu6jqd77k1vp91fhw
Hibernate: 
    alter table if exists driver 
       drop constraint if exists FK29a5l15muu6jqd77k1vp91fhw
2024-09-19T11:23:35.356-05:00  WARN 32836 --- [uberApp] [           main] o.h.engine.jdbc.spi.SqlExceptionHelper   : SQL Warning Code: 0, SQLState: 00000
2024-09-19T11:23:35.356-05:00  WARN 32836 --- [uberApp] [           main] o.h.engine.jdbc.spi.SqlExceptionHelper   : relation "driver" does not exist, skipping
2024-09-19T11:23:35.356-05:00 DEBUG 32836 --- [uberApp] [           main] org.hibernate.SQL                        : 
    alter table if exists payment 
       drop constraint if exists FKtlyjkef4sm6h6g777mxgoh81v
Hibernate: 
    alter table if exists payment 
       drop constraint if exists FKtlyjkef4sm6h6g777mxgoh81v
2024-09-19T11:23:35.357-05:00  WARN 32836 --- [uberApp] [           main] o.h.engine.jdbc.spi.SqlExceptionHelper   : SQL Warning Code: 0, SQLState: 00000
2024-09-19T11:23:35.357-05:00  WARN 32836 --- [uberApp] [           main] o.h.engine.jdbc.spi.SqlExceptionHelper   : relation "payment" does not exist, skipping
2024-09-19T11:23:35.357-05:00 DEBUG 32836 --- [uberApp] [           main] org.hibernate.SQL                        : 
    alter table if exists ride 
       drop constraint if exists FKo12dq19jo25foqggvedgvaa0p
Hibernate: 
    alter table if exists ride 
       drop constraint if exists FKo12dq19jo25foqggvedgvaa0p
2024-09-19T11:23:35.357-05:00  WARN 32836 --- [uberApp] [           main] o.h.engine.jdbc.spi.SqlExceptionHelper   : SQL Warning Code: 0, SQLState: 00000
2024-09-19T11:23:35.357-05:00  WARN 32836 --- [uberApp] [           main] o.h.engine.jdbc.spi.SqlExceptionHelper   : relation "ride" does not exist, skipping
2024-09-19T11:23:35.358-05:00 DEBUG 32836 --- [uberApp] [           main] org.hibernate.SQL                        : 
    alter table if exists ride 
       drop constraint if exists FKojie7hvuyn0t49px5hsxt5cr8
Hibernate: 
    alter table if exists ride 
       drop constraint if exists FKojie7hvuyn0t49px5hsxt5cr8
2024-09-19T11:23:35.358-05:00  WARN 32836 --- [uberApp] [           main] o.h.engine.jdbc.spi.SqlExceptionHelper   : SQL Warning Code: 0, SQLState: 00000
2024-09-19T11:23:35.358-05:00  WARN 32836 --- [uberApp] [           main] o.h.engine.jdbc.spi.SqlExceptionHelper   : relation "ride" does not exist, skipping
2024-09-19T11:23:35.358-05:00 DEBUG 32836 --- [uberApp] [           main] org.hibernate.SQL                        : 
    alter table if exists rider 
       drop constraint if exists FKpciwlqisj1l3dbqsv52bg76kd
Hibernate: 
    alter table if exists rider 
       drop constraint if exists FKpciwlqisj1l3dbqsv52bg76kd
2024-09-19T11:23:35.358-05:00  WARN 32836 --- [uberApp] [           main] o.h.engine.jdbc.spi.SqlExceptionHelper   : SQL Warning Code: 0, SQLState: 00000
2024-09-19T11:23:35.359-05:00  WARN 32836 --- [uberApp] [           main] o.h.engine.jdbc.spi.SqlExceptionHelper   : relation "rider" does not exist, skipping
2024-09-19T11:23:35.359-05:00 DEBUG 32836 --- [uberApp] [           main] org.hibernate.SQL                        : 
    alter table if exists ride_request 
       drop constraint if exists FKcduxgbjabdg5yolikiws9vn7p
Hibernate: 
    alter table if exists ride_request 
       drop constraint if exists FKcduxgbjabdg5yolikiws9vn7p
2024-09-19T11:23:35.359-05:00  WARN 32836 --- [uberApp] [           main] o.h.engine.jdbc.spi.SqlExceptionHelper   : SQL Warning Code: 0, SQLState: 00000
2024-09-19T11:23:35.359-05:00  WARN 32836 --- [uberApp] [           main] o.h.engine.jdbc.spi.SqlExceptionHelper   : relation "ride_request" does not exist, skipping
2024-09-19T11:23:35.359-05:00 DEBUG 32836 --- [uberApp] [           main] org.hibernate.SQL                        : 
    alter table if exists user_roles 
       drop constraint if exists FK6fql8djp64yp4q9b3qeyhr82b
Hibernate: 
    alter table if exists user_roles 
       drop constraint if exists FK6fql8djp64yp4q9b3qeyhr82b
2024-09-19T11:23:35.360-05:00  WARN 32836 --- [uberApp] [           main] o.h.engine.jdbc.spi.SqlExceptionHelper   : SQL Warning Code: 0, SQLState: 00000
2024-09-19T11:23:35.360-05:00  WARN 32836 --- [uberApp] [           main] o.h.engine.jdbc.spi.SqlExceptionHelper   : relation "user_roles" does not exist, skipping
2024-09-19T11:23:35.360-05:00 DEBUG 32836 --- [uberApp] [           main] org.hibernate.SQL                        : 
    alter table if exists wallet 
       drop constraint if exists FK8xcge928o78vtbh64bddusygy
Hibernate: 
    alter table if exists wallet 
       drop constraint if exists FK8xcge928o78vtbh64bddusygy
2024-09-19T11:23:35.360-05:00  WARN 32836 --- [uberApp] [           main] o.h.engine.jdbc.spi.SqlExceptionHelper   : SQL Warning Code: 0, SQLState: 00000
2024-09-19T11:23:35.361-05:00  WARN 32836 --- [uberApp] [           main] o.h.engine.jdbc.spi.SqlExceptionHelper   : relation "wallet" does not exist, skipping
2024-09-19T11:23:35.361-05:00 DEBUG 32836 --- [uberApp] [           main] org.hibernate.SQL                        : 
    alter table if exists wallet_transaction 
       drop constraint if exists FK4ayshp0r354bi0ulfxpmdfdvm
Hibernate: 
    alter table if exists wallet_transaction 
       drop constraint if exists FK4ayshp0r354bi0ulfxpmdfdvm
2024-09-19T11:23:35.361-05:00  WARN 32836 --- [uberApp] [           main] o.h.engine.jdbc.spi.SqlExceptionHelper   : SQL Warning Code: 0, SQLState: 00000
2024-09-19T11:23:35.361-05:00  WARN 32836 --- [uberApp] [           main] o.h.engine.jdbc.spi.SqlExceptionHelper   : relation "wallet_transaction" does not exist, skipping
2024-09-19T11:23:35.361-05:00 DEBUG 32836 --- [uberApp] [           main] org.hibernate.SQL                        : 
    alter table if exists wallet_transaction 
       drop constraint if exists FK6cnvafp3a0xhbs0eh9w26sett
Hibernate: 
    alter table if exists wallet_transaction 
       drop constraint if exists FK6cnvafp3a0xhbs0eh9w26sett
2024-09-19T11:23:35.361-05:00  WARN 32836 --- [uberApp] [           main] o.h.engine.jdbc.spi.SqlExceptionHelper   : SQL Warning Code: 0, SQLState: 00000
2024-09-19T11:23:35.361-05:00  WARN 32836 --- [uberApp] [           main] o.h.engine.jdbc.spi.SqlExceptionHelper   : relation "wallet_transaction" does not exist, skipping
2024-09-19T11:23:35.362-05:00 DEBUG 32836 --- [uberApp] [           main] org.hibernate.SQL                        : 
    drop table if exists app_user cascade
Hibernate: 
    drop table if exists app_user cascade
2024-09-19T11:23:35.362-05:00  WARN 32836 --- [uberApp] [           main] o.h.engine.jdbc.spi.SqlExceptionHelper   : SQL Warning Code: 0, SQLState: 00000
2024-09-19T11:23:35.362-05:00  WARN 32836 --- [uberApp] [           main] o.h.engine.jdbc.spi.SqlExceptionHelper   : table "app_user" does not exist, skipping
2024-09-19T11:23:35.362-05:00 DEBUG 32836 --- [uberApp] [           main] org.hibernate.SQL                        : 
    drop table if exists driver cascade
Hibernate: 
    drop table if exists driver cascade
2024-09-19T11:23:35.362-05:00  WARN 32836 --- [uberApp] [           main] o.h.engine.jdbc.spi.SqlExceptionHelper   : SQL Warning Code: 0, SQLState: 00000
2024-09-19T11:23:35.362-05:00  WARN 32836 --- [uberApp] [           main] o.h.engine.jdbc.spi.SqlExceptionHelper   : table "driver" does not exist, skipping
2024-09-19T11:23:35.362-05:00 DEBUG 32836 --- [uberApp] [           main] org.hibernate.SQL                        : 
    drop table if exists payment cascade
Hibernate: 
    drop table if exists payment cascade
2024-09-19T11:23:35.362-05:00  WARN 32836 --- [uberApp] [           main] o.h.engine.jdbc.spi.SqlExceptionHelper   : SQL Warning Code: 0, SQLState: 00000
2024-09-19T11:23:35.362-05:00  WARN 32836 --- [uberApp] [           main] o.h.engine.jdbc.spi.SqlExceptionHelper   : table "payment" does not exist, skipping
2024-09-19T11:23:35.363-05:00 DEBUG 32836 --- [uberApp] [           main] org.hibernate.SQL                        : 
    drop table if exists ride cascade
Hibernate: 
    drop table if exists ride cascade
2024-09-19T11:23:35.363-05:00  WARN 32836 --- [uberApp] [           main] o.h.engine.jdbc.spi.SqlExceptionHelper   : SQL Warning Code: 0, SQLState: 00000
2024-09-19T11:23:35.363-05:00  WARN 32836 --- [uberApp] [           main] o.h.engine.jdbc.spi.SqlExceptionHelper   : table "ride" does not exist, skipping
2024-09-19T11:23:35.363-05:00 DEBUG 32836 --- [uberApp] [           main] org.hibernate.SQL                        : 
    drop table if exists rider cascade
Hibernate: 
    drop table if exists rider cascade
2024-09-19T11:23:35.363-05:00  WARN 32836 --- [uberApp] [           main] o.h.engine.jdbc.spi.SqlExceptionHelper   : SQL Warning Code: 0, SQLState: 00000
2024-09-19T11:23:35.363-05:00  WARN 32836 --- [uberApp] [           main] o.h.engine.jdbc.spi.SqlExceptionHelper   : table "rider" does not exist, skipping
2024-09-19T11:23:35.363-05:00 DEBUG 32836 --- [uberApp] [           main] org.hibernate.SQL                        : 
    drop table if exists ride_request cascade
Hibernate: 
    drop table if exists ride_request cascade
2024-09-19T11:23:35.363-05:00  WARN 32836 --- [uberApp] [           main] o.h.engine.jdbc.spi.SqlExceptionHelper   : SQL Warning Code: 0, SQLState: 00000
2024-09-19T11:23:35.363-05:00  WARN 32836 --- [uberApp] [           main] o.h.engine.jdbc.spi.SqlExceptionHelper   : table "ride_request" does not exist, skipping
2024-09-19T11:23:35.363-05:00 DEBUG 32836 --- [uberApp] [           main] org.hibernate.SQL                        : 
    drop table if exists user_roles cascade
Hibernate: 
    drop table if exists user_roles cascade
2024-09-19T11:23:35.364-05:00  WARN 32836 --- [uberApp] [           main] o.h.engine.jdbc.spi.SqlExceptionHelper   : SQL Warning Code: 0, SQLState: 00000
2024-09-19T11:23:35.364-05:00  WARN 32836 --- [uberApp] [           main] o.h.engine.jdbc.spi.SqlExceptionHelper   : table "user_roles" does not exist, skipping
2024-09-19T11:23:35.364-05:00 DEBUG 32836 --- [uberApp] [           main] org.hibernate.SQL                        : 
    drop table if exists wallet cascade
Hibernate: 
    drop table if exists wallet cascade
2024-09-19T11:23:35.364-05:00  WARN 32836 --- [uberApp] [           main] o.h.engine.jdbc.spi.SqlExceptionHelper   : SQL Warning Code: 0, SQLState: 00000
2024-09-19T11:23:35.364-05:00  WARN 32836 --- [uberApp] [           main] o.h.engine.jdbc.spi.SqlExceptionHelper   : table "wallet" does not exist, skipping
2024-09-19T11:23:35.364-05:00 DEBUG 32836 --- [uberApp] [           main] org.hibernate.SQL                        : 
    drop table if exists wallet_transaction cascade
Hibernate: 
    drop table if exists wallet_transaction cascade
2024-09-19T11:23:35.364-05:00  WARN 32836 --- [uberApp] [           main] o.h.engine.jdbc.spi.SqlExceptionHelper   : SQL Warning Code: 0, SQLState: 00000
2024-09-19T11:23:35.365-05:00  WARN 32836 --- [uberApp] [           main] o.h.engine.jdbc.spi.SqlExceptionHelper   : table "wallet_transaction" does not exist, skipping
2024-09-19T11:23:35.368-05:00 DEBUG 32836 --- [uberApp] [           main] org.hibernate.SQL                        : 
    create table app_user (
        id bigint generated by default as identity,
        email varchar(255) unique,
        name varchar(255),
        password varchar(255),
        primary key (id)
    )
Hibernate: 
    create table app_user (
        id bigint generated by default as identity,
        email varchar(255) unique,
        name varchar(255),
        password varchar(255),
        primary key (id)
    )
2024-09-19T11:23:35.377-05:00 DEBUG 32836 --- [uberApp] [           main] org.hibernate.SQL                        : 
    create table driver (
        available boolean,
        rating float(53),
        id bigint generated by default as identity,
        user_id bigint unique,
        vehicle_id varchar(255),
        current_location Geometry(Point, 4326),
        primary key (id)
    )
Hibernate: 
    create table driver (
        available boolean,
        rating float(53),
        id bigint generated by default as identity,
        user_id bigint unique,
        vehicle_id varchar(255),
        current_location Geometry(Point, 4326),
        primary key (id)
    )
2024-09-19T11:23:35.391-05:00 DEBUG 32836 --- [uberApp] [           main] org.hibernate.SQL                        : 
    create table payment (
        amount float(53),
        id bigint generated by default as identity,
        payment_time timestamp(6),
        ride_id bigint unique,
        payment_method varchar(255) check (payment_method in ('CASH','WALLET')),
        payment_status varchar(255) check (payment_status in ('PENDING','CONFIRMED','REFUNDED')),
        primary key (id)
    )
Hibernate: 
    create table payment (
        amount float(53),
        id bigint generated by default as identity,
        payment_time timestamp(6),
        ride_id bigint unique,
        payment_method varchar(255) check (payment_method in ('CASH','WALLET')),
        payment_status varchar(255) check (payment_status in ('PENDING','CONFIRMED','REFUNDED')),
        primary key (id)
    )
2024-09-19T11:23:35.398-05:00 DEBUG 32836 --- [uberApp] [           main] org.hibernate.SQL                        : 
    create table ride (
        fare float(53),
        created_time timestamp(6),
        driver_id bigint,
        ended_at timestamp(6),
        id bigint generated by default as identity,
        rider_id bigint,
        started_at timestamp(6),
        otp varchar(255),
        payment_method varchar(255) check (payment_method in ('CASH','WALLET')),
        ride_status varchar(255) check (ride_status in ('CANCELLED','CONFIRMED','ENDED','ONGOING')),
        drop_off_location Geometry(Point, 4326),
        pickup_location Geometry(Point, 4326),
        primary key (id)
    )
Hibernate: 
    create table ride (
        fare float(53),
        created_time timestamp(6),
        driver_id bigint,
        ended_at timestamp(6),
        id bigint generated by default as identity,
        rider_id bigint,
        started_at timestamp(6),
        otp varchar(255),
        payment_method varchar(255) check (payment_method in ('CASH','WALLET')),
        ride_status varchar(255) check (ride_status in ('CANCELLED','CONFIRMED','ENDED','ONGOING')),
        drop_off_location Geometry(Point, 4326),
        pickup_location Geometry(Point, 4326),
        primary key (id)
    )
2024-09-19T11:23:35.404-05:00 DEBUG 32836 --- [uberApp] [           main] org.hibernate.SQL                        : 
    create table rider (
        rating float(53),
        id bigint generated by default as identity,
        user_id bigint unique,
        primary key (id)
    )
Hibernate: 
    create table rider (
        rating float(53),
        id bigint generated by default as identity,
        user_id bigint unique,
        primary key (id)
    )
2024-09-19T11:23:35.408-05:00 DEBUG 32836 --- [uberApp] [           main] org.hibernate.SQL                        : 
    create table ride_request (
        fare float(53),
        id bigint generated by default as identity,
        requested_time timestamp(6),
        rider_id bigint,
        payment_method varchar(255) check (payment_method in ('CASH','WALLET')),
        ride_request_status varchar(255) check (ride_request_status in ('PENDING','CANCELLED','CONFIRMED')),
        drop_off_location Geometry(Point, 4326),
        pickup_location Geometry(Point, 4326),
        primary key (id)
    )
Hibernate: 
    create table ride_request (
        fare float(53),
        id bigint generated by default as identity,
        requested_time timestamp(6),
        rider_id bigint,
        payment_method varchar(255) check (payment_method in ('CASH','WALLET')),
        ride_request_status varchar(255) check (ride_request_status in ('PENDING','CANCELLED','CONFIRMED')),
        drop_off_location Geometry(Point, 4326),
        pickup_location Geometry(Point, 4326),
        primary key (id)
    )
2024-09-19T11:23:35.413-05:00 DEBUG 32836 --- [uberApp] [           main] org.hibernate.SQL                        : 
    create table user_roles (
        user_id bigint not null,
        roles varchar(255) check (roles in ('ADMIN','DRIVER','RIDER'))
    )
Hibernate: 
    create table user_roles (
        user_id bigint not null,
        roles varchar(255) check (roles in ('ADMIN','DRIVER','RIDER'))
    )
2024-09-19T11:23:35.414-05:00 DEBUG 32836 --- [uberApp] [           main] org.hibernate.SQL                        : 
    create table wallet (
        balance float(53),
        id bigint generated by default as identity,
        user_id bigint unique,
        primary key (id)
    )
Hibernate: 
    create table wallet (
        balance float(53),
        id bigint generated by default as identity,
        user_id bigint unique,
        primary key (id)
    )
2024-09-19T11:23:35.418-05:00 DEBUG 32836 --- [uberApp] [           main] org.hibernate.SQL                        : 
    create table wallet_transaction (
        amount float(53),
        transaction_method smallint check (transaction_method between 0 and 1),
        transaction_type smallint check (transaction_type between 0 and 1),
        id bigint generated by default as identity,
        ride_id bigint unique,
        time_stamp timestamp(6),
        wallet_id bigint,
        transaction_id varchar(255),
        primary key (id)
    )
Hibernate: 
    create table wallet_transaction (
        amount float(53),
        transaction_method smallint check (transaction_method between 0 and 1),
        transaction_type smallint check (transaction_type between 0 and 1),
        id bigint generated by default as identity,
        ride_id bigint unique,
        time_stamp timestamp(6),
        wallet_id bigint,
        transaction_id varchar(255),
        primary key (id)
    )
2024-09-19T11:23:35.422-05:00 DEBUG 32836 --- [uberApp] [           main] org.hibernate.SQL                        : 
    alter table if exists driver 
       add constraint FK29a5l15muu6jqd77k1vp91fhw 
       foreign key (user_id) 
       references app_user
Hibernate: 
    alter table if exists driver 
       add constraint FK29a5l15muu6jqd77k1vp91fhw 
       foreign key (user_id) 
       references app_user
2024-09-19T11:23:35.425-05:00 DEBUG 32836 --- [uberApp] [           main] org.hibernate.SQL                        : 
    alter table if exists payment 
       add constraint FKtlyjkef4sm6h6g777mxgoh81v 
       foreign key (ride_id) 
       references ride
Hibernate: 
    alter table if exists payment 
       add constraint FKtlyjkef4sm6h6g777mxgoh81v 
       foreign key (ride_id) 
       references ride
2024-09-19T11:23:35.428-05:00 DEBUG 32836 --- [uberApp] [           main] org.hibernate.SQL                        : 
    alter table if exists ride 
       add constraint FKo12dq19jo25foqggvedgvaa0p 
       foreign key (driver_id) 
       references driver
Hibernate: 
    alter table if exists ride 
       add constraint FKo12dq19jo25foqggvedgvaa0p 
       foreign key (driver_id) 
       references driver
2024-09-19T11:23:35.429-05:00 DEBUG 32836 --- [uberApp] [           main] org.hibernate.SQL                        : 
    alter table if exists ride 
       add constraint FKojie7hvuyn0t49px5hsxt5cr8 
       foreign key (rider_id) 
       references rider
Hibernate: 
    alter table if exists ride 
       add constraint FKojie7hvuyn0t49px5hsxt5cr8 
       foreign key (rider_id) 
       references rider
2024-09-19T11:23:35.431-05:00 DEBUG 32836 --- [uberApp] [           main] org.hibernate.SQL                        : 
    alter table if exists rider 
       add constraint FKpciwlqisj1l3dbqsv52bg76kd 
       foreign key (user_id) 
       references app_user
Hibernate: 
    alter table if exists rider 
       add constraint FKpciwlqisj1l3dbqsv52bg76kd 
       foreign key (user_id) 
       references app_user
2024-09-19T11:23:35.432-05:00 DEBUG 32836 --- [uberApp] [           main] org.hibernate.SQL                        : 
    alter table if exists ride_request 
       add constraint FKcduxgbjabdg5yolikiws9vn7p 
       foreign key (rider_id) 
       references rider
Hibernate: 
    alter table if exists ride_request 
       add constraint FKcduxgbjabdg5yolikiws9vn7p 
       foreign key (rider_id) 
       references rider
2024-09-19T11:23:35.434-05:00 DEBUG 32836 --- [uberApp] [           main] org.hibernate.SQL                        : 
    alter table if exists user_roles 
       add constraint FK6fql8djp64yp4q9b3qeyhr82b 
       foreign key (user_id) 
       references app_user
Hibernate: 
    alter table if exists user_roles 
       add constraint FK6fql8djp64yp4q9b3qeyhr82b 
       foreign key (user_id) 
       references app_user
2024-09-19T11:23:35.434-05:00 DEBUG 32836 --- [uberApp] [           main] org.hibernate.SQL                        : 
    alter table if exists wallet 
       add constraint FK8xcge928o78vtbh64bddusygy 
       foreign key (user_id) 
       references app_user
Hibernate: 
    alter table if exists wallet 
       add constraint FK8xcge928o78vtbh64bddusygy 
       foreign key (user_id) 
       references app_user
2024-09-19T11:23:35.436-05:00 DEBUG 32836 --- [uberApp] [           main] org.hibernate.SQL                        : 
    alter table if exists wallet_transaction 
       add constraint FK4ayshp0r354bi0ulfxpmdfdvm 
       foreign key (ride_id) 
       references ride
Hibernate: 
    alter table if exists wallet_transaction 
       add constraint FK4ayshp0r354bi0ulfxpmdfdvm 
       foreign key (ride_id) 
       references ride
2024-09-19T11:23:35.437-05:00 DEBUG 32836 --- [uberApp] [           main] org.hibernate.SQL                        : 
    alter table if exists wallet_transaction 
       add constraint FK6cnvafp3a0xhbs0eh9w26sett 
       foreign key (wallet_id) 
       references wallet
Hibernate: 
    alter table if exists wallet_transaction 
       add constraint FK6cnvafp3a0xhbs0eh9w26sett 
       foreign key (wallet_id) 
       references wallet
2024-09-19T11:23:35.440-05:00  INFO 32836 --- [uberApp] [           main] j.LocalContainerEntityManagerFactoryBean : Initialized JPA EntityManagerFactory for persistence unit 'default'
2024-09-19T11:23:35.443-05:00 DEBUG 32836 --- [uberApp] [           main] o.s.b.f.s.DefaultListableBeanFactory     : Creating shared instance of singleton bean 'uberAppApplication'
2024-09-19T11:23:35.446-05:00 DEBUG 32836 --- [uberApp] [           main] o.s.b.f.s.DefaultListableBeanFactory     : Creating shared instance of singleton bean 'globalExceptionHandler'
2024-09-19T11:23:35.450-05:00 DEBUG 32836 --- [uberApp] [           main] o.s.b.f.s.DefaultListableBeanFactory     : Creating shared instance of singleton bean 'globalResponseHandler'
2024-09-19T11:23:35.453-05:00 DEBUG 32836 --- [uberApp] [           main] o.s.b.f.s.DefaultListableBeanFactory     : Creating shared instance of singleton bean 'mapperConfig'
2024-09-19T11:23:35.454-05:00 DEBUG 32836 --- [uberApp] [           main] o.s.b.f.s.DefaultListableBeanFactory     : Creating shared instance of singleton bean 'authController'
2024-09-19T11:23:35.457-05:00 DEBUG 32836 --- [uberApp] [           main] o.s.b.f.s.DefaultListableBeanFactory     : Creating shared instance of singleton bean 'authServiceImpl'
2024-09-19T11:23:35.458-05:00 DEBUG 32836 --- [uberApp] [           main] o.s.b.f.s.DefaultListableBeanFactory     : Creating shared instance of singleton bean 'userRepository'
2024-09-19T11:23:35.462-05:00 DEBUG 32836 --- [uberApp] [           main] o.s.b.f.s.DefaultListableBeanFactory     : Creating shared instance of singleton bean 'jpa.named-queries#4'
2024-09-19T11:23:35.465-05:00 DEBUG 32836 --- [uberApp] [           main] o.s.b.f.s.DefaultListableBeanFactory     : Creating shared instance of singleton bean 'jpa.UserRepository.fragments#0'
2024-09-19T11:23:35.468-05:00 DEBUG 32836 --- [uberApp] [           main] o.s.b.f.s.DefaultListableBeanFactory     : Creating shared instance of singleton bean 'jpaSharedEM_entityManagerFactory'
2024-09-19T11:23:35.489-05:00 DEBUG 32836 --- [uberApp] [           main] o.s.b.f.s.DefaultListableBeanFactory     : Creating shared instance of singleton bean 'jpaMappingContext'
2024-09-19T11:23:35.490-05:00 DEBUG 32836 --- [uberApp] [           main] .c.JpaMetamodelMappingContextFactoryBean : Initializing JpaMetamodelMappingContext…
2024-09-19T11:23:35.507-05:00 DEBUG 32836 --- [uberApp] [           main] .c.JpaMetamodelMappingContextFactoryBean : Finished initializing JpaMetamodelMappingContext
2024-09-19T11:23:35.543-05:00 DEBUG 32836 --- [uberApp] [           main] tor$SharedEntityManagerInvocationHandler : Creating new EntityManager for shared EntityManager invocation
2024-09-19T11:23:35.583-05:00 DEBUG 32836 --- [uberApp] [           main] tor$SharedEntityManagerInvocationHandler : Creating new EntityManager for shared EntityManager invocation
2024-09-19T11:23:35.628-05:00 DEBUG 32836 --- [uberApp] [           main] o.s.d.r.c.s.RepositoryFactorySupport     : Initializing repository instance for com.venkat.project.uber.uberApp.repositories.UserRepository…
2024-09-19T11:23:35.638-05:00 DEBUG 32836 --- [uberApp] [           main] tor$SharedEntityManagerInvocationHandler : Creating new EntityManager for shared EntityManager invocation
2024-09-19T11:23:35.711-05:00 DEBUG 32836 --- [uberApp] [           main] o.s.d.jpa.repository.query.NamedQuery    : Looking up named query User.findByEmail
2024-09-19T11:23:35.714-05:00 DEBUG 32836 --- [uberApp] [           main] o.s.d.jpa.repository.query.NamedQuery    : Did not find named query User.findByEmail
2024-09-19T11:23:35.716-05:00 DEBUG 32836 --- [uberApp] [           main] tor$SharedEntityManagerInvocationHandler : Creating new EntityManager for shared EntityManager invocation
2024-09-19T11:23:35.767-05:00 DEBUG 32836 --- [uberApp] [           main] o.s.d.r.c.s.RepositoryFactorySupport     : Finished creation of repository instance for com.venkat.project.uber.uberApp.repositories.UserRepository.
2024-09-19T11:23:35.771-05:00 DEBUG 32836 --- [uberApp] [           main] o.s.b.f.s.DefaultListableBeanFactory     : Creating shared instance of singleton bean 'modelMapper'
2024-09-19T11:23:35.838-05:00 DEBUG 32836 --- [uberApp] [           main] o.s.b.f.s.DefaultListableBeanFactory     : Creating shared instance of singleton bean 'riderServiceImpl'
2024-09-19T11:23:35.841-05:00 DEBUG 32836 --- [uberApp] [           main] o.s.b.f.s.DefaultListableBeanFactory     : Creating shared instance of singleton bean 'rideStrategyManager'
2024-09-19T11:23:35.842-05:00 DEBUG 32836 --- [uberApp] [           main] o.s.b.f.s.DefaultListableBeanFactory     : Creating shared instance of singleton bean 'driverMatchingHighestRatedDriverStrategy'
2024-09-19T11:23:35.842-05:00 DEBUG 32836 --- [uberApp] [           main] o.s.b.f.s.DefaultListableBeanFactory     : Creating shared instance of singleton bean 'driverRepository'
2024-09-19T11:23:35.843-05:00 DEBUG 32836 --- [uberApp] [           main] o.s.b.f.s.DefaultListableBeanFactory     : Creating shared instance of singleton bean 'jpa.named-queries#3'
2024-09-19T11:23:35.844-05:00 DEBUG 32836 --- [uberApp] [           main] o.s.b.f.s.DefaultListableBeanFactory     : Creating shared instance of singleton bean 'jpa.DriverRepository.fragments#0'
2024-09-19T11:23:35.844-05:00 DEBUG 32836 --- [uberApp] [           main] tor$SharedEntityManagerInvocationHandler : Creating new EntityManager for shared EntityManager invocation
2024-09-19T11:23:35.853-05:00 DEBUG 32836 --- [uberApp] [           main] o.s.d.r.c.s.RepositoryFactorySupport     : Initializing repository instance for com.venkat.project.uber.uberApp.repositories.DriverRepository…
2024-09-19T11:23:35.853-05:00 DEBUG 32836 --- [uberApp] [           main] tor$SharedEntityManagerInvocationHandler : Creating new EntityManager for shared EntityManager invocation
2024-09-19T11:23:35.877-05:00  INFO 32836 --- [uberApp] [           main] o.s.d.j.r.query.QueryEnhancerFactory     : Hibernate is in classpath; If applicable, HQL parser will be used.
2024-09-19T11:23:35.883-05:00 DEBUG 32836 --- [uberApp] [           main] o.s.d.jpa.repository.query.NamedQuery    : Did not find named query Driver.findTenNearestDrivers.count
2024-09-19T11:23:35.884-05:00 DEBUG 32836 --- [uberApp] [           main] tor$SharedEntityManagerInvocationHandler : Creating new EntityManager for shared EntityManager invocation
2024-09-19T11:23:35.889-05:00 DEBUG 32836 --- [uberApp] [           main] o.s.d.jpa.repository.query.NamedQuery    : Did not find named query Driver.findTenNearbyTopRatedDrivers.count
2024-09-19T11:23:35.889-05:00 DEBUG 32836 --- [uberApp] [           main] tor$SharedEntityManagerInvocationHandler : Creating new EntityManager for shared EntityManager invocation
2024-09-19T11:23:35.891-05:00 DEBUG 32836 --- [uberApp] [           main] o.s.d.r.c.s.RepositoryFactorySupport     : Finished creation of repository instance for com.venkat.project.uber.uberApp.repositories.DriverRepository.
2024-09-19T11:23:35.892-05:00 DEBUG 32836 --- [uberApp] [           main] o.s.b.f.s.DefaultListableBeanFactory     : Autowiring by type from bean name 'driverMatchingHighestRatedDriverStrategy' via constructor to bean named 'driverRepository'
2024-09-19T11:23:35.919-05:00 DEBUG 32836 --- [uberApp] [           main] o.s.b.f.s.DefaultListableBeanFactory     : Creating shared instance of singleton bean 'driverMatchingNearestDriverStrategy'
2024-09-19T11:23:35.920-05:00 DEBUG 32836 --- [uberApp] [           main] o.s.b.f.s.DefaultListableBeanFactory     : Autowiring by type from bean name 'driverMatchingNearestDriverStrategy' via constructor to bean named 'driverRepository'
2024-09-19T11:23:35.921-05:00 DEBUG 32836 --- [uberApp] [           main] o.s.b.f.s.DefaultListableBeanFactory     : Creating shared instance of singleton bean 'rideFareSurgePricingFareCalculationStrategy'
2024-09-19T11:23:35.921-05:00 DEBUG 32836 --- [uberApp] [           main] o.s.b.f.s.DefaultListableBeanFactory     : Creating shared instance of singleton bean 'distanceServiceOSRMImpl'
2024-09-19T11:23:35.921-05:00 DEBUG 32836 --- [uberApp] [           main] o.s.b.f.s.DefaultListableBeanFactory     : Autowiring by type from bean name 'rideFareSurgePricingFareCalculationStrategy' via constructor to bean named 'distanceServiceOSRMImpl'
2024-09-19T11:23:35.922-05:00 DEBUG 32836 --- [uberApp] [           main] o.s.b.f.s.DefaultListableBeanFactory     : Creating shared instance of singleton bean 'riderFareDefaultFareCalculationStrategy'
2024-09-19T11:23:35.922-05:00 DEBUG 32836 --- [uberApp] [           main] o.s.b.f.s.DefaultListableBeanFactory     : Autowiring by type from bean name 'riderFareDefaultFareCalculationStrategy' via constructor to bean named 'distanceServiceOSRMImpl'
2024-09-19T11:23:35.922-05:00 DEBUG 32836 --- [uberApp] [           main] o.s.b.f.s.DefaultListableBeanFactory     : Autowiring by type from bean name 'rideStrategyManager' via constructor to bean named 'driverMatchingHighestRatedDriverStrategy'
2024-09-19T11:23:35.922-05:00 DEBUG 32836 --- [uberApp] [           main] o.s.b.f.s.DefaultListableBeanFactory     : Autowiring by type from bean name 'rideStrategyManager' via constructor to bean named 'driverMatchingNearestDriverStrategy'
2024-09-19T11:23:35.922-05:00 DEBUG 32836 --- [uberApp] [           main] o.s.b.f.s.DefaultListableBeanFactory     : Autowiring by type from bean name 'rideStrategyManager' via constructor to bean named 'rideFareSurgePricingFareCalculationStrategy'
2024-09-19T11:23:35.922-05:00 DEBUG 32836 --- [uberApp] [           main] o.s.b.f.s.DefaultListableBeanFactory     : Autowiring by type from bean name 'rideStrategyManager' via constructor to bean named 'riderFareDefaultFareCalculationStrategy'
2024-09-19T11:23:35.923-05:00 DEBUG 32836 --- [uberApp] [           main] o.s.b.f.s.DefaultListableBeanFactory     : Creating shared instance of singleton bean 'rideRequestRepository'
2024-09-19T11:23:35.924-05:00 DEBUG 32836 --- [uberApp] [           main] o.s.b.f.s.DefaultListableBeanFactory     : Creating shared instance of singleton bean 'jpa.named-queries#2'
2024-09-19T11:23:35.924-05:00 DEBUG 32836 --- [uberApp] [           main] o.s.b.f.s.DefaultListableBeanFactory     : Creating shared instance of singleton bean 'jpa.RideRequestRepository.fragments#0'
2024-09-19T11:23:35.925-05:00 DEBUG 32836 --- [uberApp] [           main] tor$SharedEntityManagerInvocationHandler : Creating new EntityManager for shared EntityManager invocation
2024-09-19T11:23:35.930-05:00 DEBUG 32836 --- [uberApp] [           main] o.s.d.r.c.s.RepositoryFactorySupport     : Initializing repository instance for com.venkat.project.uber.uberApp.repositories.RideRequestRepository…
2024-09-19T11:23:35.930-05:00 DEBUG 32836 --- [uberApp] [           main] tor$SharedEntityManagerInvocationHandler : Creating new EntityManager for shared EntityManager invocation
2024-09-19T11:23:35.934-05:00 DEBUG 32836 --- [uberApp] [           main] o.s.d.r.c.s.RepositoryFactorySupport     : Finished creation of repository instance for com.venkat.project.uber.uberApp.repositories.RideRequestRepository.
2024-09-19T11:23:35.935-05:00 DEBUG 32836 --- [uberApp] [           main] o.s.b.f.s.DefaultListableBeanFactory     : Creating shared instance of singleton bean 'riderRepository'
2024-09-19T11:23:35.936-05:00 DEBUG 32836 --- [uberApp] [           main] o.s.b.f.s.DefaultListableBeanFactory     : Creating shared instance of singleton bean 'jpa.named-queries#0'
2024-09-19T11:23:35.936-05:00 DEBUG 32836 --- [uberApp] [           main] o.s.b.f.s.DefaultListableBeanFactory     : Creating shared instance of singleton bean 'jpa.RiderRepository.fragments#0'
2024-09-19T11:23:35.937-05:00 DEBUG 32836 --- [uberApp] [           main] tor$SharedEntityManagerInvocationHandler : Creating new EntityManager for shared EntityManager invocation
2024-09-19T11:23:35.937-05:00 DEBUG 32836 --- [uberApp] [           main] o.s.d.r.c.s.RepositoryFactorySupport     : Initializing repository instance for com.venkat.project.uber.uberApp.repositories.RiderRepository…
2024-09-19T11:23:35.938-05:00 DEBUG 32836 --- [uberApp] [           main] tor$SharedEntityManagerInvocationHandler : Creating new EntityManager for shared EntityManager invocation
2024-09-19T11:23:35.941-05:00 DEBUG 32836 --- [uberApp] [           main] o.s.d.r.c.s.RepositoryFactorySupport     : Finished creation of repository instance for com.venkat.project.uber.uberApp.repositories.RiderRepository.
2024-09-19T11:23:35.942-05:00 DEBUG 32836 --- [uberApp] [           main] o.s.b.f.s.DefaultListableBeanFactory     : Autowiring by type from bean name 'riderServiceImpl' via constructor to bean named 'modelMapper'
2024-09-19T11:23:35.942-05:00 DEBUG 32836 --- [uberApp] [           main] o.s.b.f.s.DefaultListableBeanFactory     : Autowiring by type from bean name 'riderServiceImpl' via constructor to bean named 'rideStrategyManager'
2024-09-19T11:23:35.942-05:00 DEBUG 32836 --- [uberApp] [           main] o.s.b.f.s.DefaultListableBeanFactory     : Autowiring by type from bean name 'riderServiceImpl' via constructor to bean named 'rideRequestRepository'
2024-09-19T11:23:35.942-05:00 DEBUG 32836 --- [uberApp] [           main] o.s.b.f.s.DefaultListableBeanFactory     : Autowiring by type from bean name 'riderServiceImpl' via constructor to bean named 'riderRepository'
2024-09-19T11:23:35.950-05:00 DEBUG 32836 --- [uberApp] [           main] o.s.b.f.s.DefaultListableBeanFactory     : Autowiring by type from bean name 'authServiceImpl' via constructor to bean named 'userRepository'
2024-09-19T11:23:35.950-05:00 DEBUG 32836 --- [uberApp] [           main] o.s.b.f.s.DefaultListableBeanFactory     : Autowiring by type from bean name 'authServiceImpl' via constructor to bean named 'modelMapper'
2024-09-19T11:23:35.950-05:00 DEBUG 32836 --- [uberApp] [           main] o.s.b.f.s.DefaultListableBeanFactory     : Autowiring by type from bean name 'authServiceImpl' via constructor to bean named 'riderServiceImpl'
2024-09-19T11:23:35.956-05:00 DEBUG 32836 --- [uberApp] [           main] o.s.b.f.s.DefaultListableBeanFactory     : Autowiring by type from bean name 'authController' via constructor to bean named 'authServiceImpl'
2024-09-19T11:23:35.956-05:00 DEBUG 32836 --- [uberApp] [           main] o.s.b.f.s.DefaultListableBeanFactory     : Creating shared instance of singleton bean 'driverController'
2024-09-19T11:23:35.958-05:00 DEBUG 32836 --- [uberApp] [           main] o.s.b.f.s.DefaultListableBeanFactory     : Creating shared instance of singleton bean 'driverServiceImpl'
2024-09-19T11:23:35.959-05:00 DEBUG 32836 --- [uberApp] [           main] o.s.b.f.s.DefaultListableBeanFactory     : Creating shared instance of singleton bean 'rideRequestServiceImpl'
2024-09-19T11:23:35.959-05:00 DEBUG 32836 --- [uberApp] [           main] o.s.b.f.s.DefaultListableBeanFactory     : Autowiring by type from bean name 'rideRequestServiceImpl' via constructor to bean named 'rideRequestRepository'
2024-09-19T11:23:35.960-05:00 DEBUG 32836 --- [uberApp] [           main] o.s.b.f.s.DefaultListableBeanFactory     : Creating shared instance of singleton bean 'rideServiceImpl'
2024-09-19T11:23:35.962-05:00 DEBUG 32836 --- [uberApp] [           main] o.s.b.f.s.DefaultListableBeanFactory     : Creating shared instance of singleton bean 'rideRepository'
2024-09-19T11:23:35.963-05:00 DEBUG 32836 --- [uberApp] [           main] o.s.b.f.s.DefaultListableBeanFactory     : Creating shared instance of singleton bean 'jpa.named-queries#1'
2024-09-19T11:23:35.964-05:00 DEBUG 32836 --- [uberApp] [           main] o.s.b.f.s.DefaultListableBeanFactory     : Creating shared instance of singleton bean 'jpa.RideRepository.fragments#0'
2024-09-19T11:23:35.965-05:00 DEBUG 32836 --- [uberApp] [           main] tor$SharedEntityManagerInvocationHandler : Creating new EntityManager for shared EntityManager invocation
2024-09-19T11:23:35.971-05:00 DEBUG 32836 --- [uberApp] [           main] o.s.d.r.c.s.RepositoryFactorySupport     : Initializing repository instance for com.venkat.project.uber.uberApp.repositories.RideRepository…
2024-09-19T11:23:35.971-05:00 DEBUG 32836 --- [uberApp] [           main] tor$SharedEntityManagerInvocationHandler : Creating new EntityManager for shared EntityManager invocation
2024-09-19T11:23:35.975-05:00 DEBUG 32836 --- [uberApp] [           main] o.s.d.r.c.s.RepositoryFactorySupport     : Finished creation of repository instance for com.venkat.project.uber.uberApp.repositories.RideRepository.
2024-09-19T11:23:35.975-05:00 DEBUG 32836 --- [uberApp] [           main] o.s.b.f.s.DefaultListableBeanFactory     : Autowiring by type from bean name 'rideServiceImpl' via constructor to bean named 'rideRepository'
2024-09-19T11:23:35.975-05:00 DEBUG 32836 --- [uberApp] [           main] o.s.b.f.s.DefaultListableBeanFactory     : Autowiring by type from bean name 'rideServiceImpl' via constructor to bean named 'rideRequestServiceImpl'
2024-09-19T11:23:35.975-05:00 DEBUG 32836 --- [uberApp] [           main] o.s.b.f.s.DefaultListableBeanFactory     : Autowiring by type from bean name 'rideServiceImpl' via constructor to bean named 'modelMapper'
2024-09-19T11:23:35.976-05:00 DEBUG 32836 --- [uberApp] [           main] o.s.b.f.s.DefaultListableBeanFactory     : Autowiring by type from bean name 'driverServiceImpl' via constructor to bean named 'rideRequestServiceImpl'
2024-09-19T11:23:35.977-05:00 DEBUG 32836 --- [uberApp] [           main] o.s.b.f.s.DefaultListableBeanFactory     : Autowiring by type from bean name 'driverServiceImpl' via constructor to bean named 'driverRepository'
2024-09-19T11:23:35.977-05:00 DEBUG 32836 --- [uberApp] [           main] o.s.b.f.s.DefaultListableBeanFactory     : Autowiring by type from bean name 'driverServiceImpl' via constructor to bean named 'rideServiceImpl'
2024-09-19T11:23:35.977-05:00 DEBUG 32836 --- [uberApp] [           main] o.s.b.f.s.DefaultListableBeanFactory     : Autowiring by type from bean name 'driverServiceImpl' via constructor to bean named 'modelMapper'
2024-09-19T11:23:35.984-05:00 DEBUG 32836 --- [uberApp] [           main] o.s.b.f.s.DefaultListableBeanFactory     : Autowiring by type from bean name 'driverController' via constructor to bean named 'driverServiceImpl'
2024-09-19T11:23:35.984-05:00 DEBUG 32836 --- [uberApp] [           main] o.s.b.f.s.DefaultListableBeanFactory     : Creating shared instance of singleton bean 'riderController'
2024-09-19T11:23:35.985-05:00 DEBUG 32836 --- [uberApp] [           main] o.s.b.f.s.DefaultListableBeanFactory     : Autowiring by type from bean name 'riderController' via constructor to bean named 'riderServiceImpl'
2024-09-19T11:23:35.985-05:00 DEBUG 32836 --- [uberApp] [           main] o.s.b.f.s.DefaultListableBeanFactory     : Creating shared instance of singleton bean 'org.springframework.boot.autoconfigure.context.PropertyPlaceholderAutoConfiguration'
2024-09-19T11:23:35.985-05:00 DEBUG 32836 --- [uberApp] [           main] o.s.b.f.s.DefaultListableBeanFactory     : Creating shared instance of singleton bean 'org.springframework.boot.autoconfigure.ssl.SslAutoConfiguration'
2024-09-19T11:23:35.986-05:00 DEBUG 32836 --- [uberApp] [           main] o.s.b.f.s.DefaultListableBeanFactory     : Creating shared instance of singleton bean 'spring.ssl-org.springframework.boot.autoconfigure.ssl.SslProperties'
2024-09-19T11:23:35.988-05:00 DEBUG 32836 --- [uberApp] [           main] o.s.b.f.s.DefaultListableBeanFactory     : Autowiring by type from bean name 'org.springframework.boot.autoconfigure.ssl.SslAutoConfiguration' via constructor to bean named 'spring.ssl-org.springframework.boot.autoconfigure.ssl.SslProperties'
2024-09-19T11:23:35.988-05:00 DEBUG 32836 --- [uberApp] [           main] o.s.b.f.s.DefaultListableBeanFactory     : Creating shared instance of singleton bean 'fileWatcher'
2024-09-19T11:23:35.990-05:00 DEBUG 32836 --- [uberApp] [           main] o.s.b.f.s.DefaultListableBeanFactory     : Creating shared instance of singleton bean 'sslPropertiesSslBundleRegistrar'
2024-09-19T11:23:35.991-05:00 DEBUG 32836 --- [uberApp] [           main] o.s.b.f.s.DefaultListableBeanFactory     : Autowiring by type from bean name 'sslPropertiesSslBundleRegistrar' via factory method to bean named 'fileWatcher'
2024-09-19T11:23:35.994-05:00 DEBUG 32836 --- [uberApp] [           main] o.s.b.f.s.DefaultListableBeanFactory     : Creating shared instance of singleton bean 'sslBundleRegistry'
2024-09-19T11:23:35.998-05:00 DEBUG 32836 --- [uberApp] [           main] o.s.b.f.s.DefaultListableBeanFactory     : Creating shared instance of singleton bean 'org.springframework.boot.context.properties.EnableConfigurationPropertiesRegistrar.methodValidationExcludeFilter'
2024-09-19T11:23:35.999-05:00 DEBUG 32836 --- [uberApp] [           main] o.s.b.f.s.DefaultListableBeanFactory     : Creating shared instance of singleton bean 'org.springframework.boot.autoconfigure.websocket.servlet.WebSocketServletAutoConfiguration$TomcatWebSocketConfiguration'
2024-09-19T11:23:36.000-05:00 DEBUG 32836 --- [uberApp] [           main] o.s.b.f.s.DefaultListableBeanFactory     : Creating shared instance of singleton bean 'websocketServletWebServerCustomizer'
2024-09-19T11:23:36.002-05:00 DEBUG 32836 --- [uberApp] [           main] o.s.b.f.s.DefaultListableBeanFactory     : Creating shared instance of singleton bean 'org.springframework.boot.autoconfigure.websocket.servlet.WebSocketServletAutoConfiguration'
2024-09-19T11:23:36.003-05:00 DEBUG 32836 --- [uberApp] [           main] o.s.b.f.s.DefaultListableBeanFactory     : Creating shared instance of singleton bean 'org.springframework.boot.autoconfigure.web.servlet.ServletWebServerFactoryConfiguration$EmbeddedTomcat'
2024-09-19T11:23:36.003-05:00 DEBUG 32836 --- [uberApp] [           main] o.s.b.f.s.DefaultListableBeanFactory     : Creating shared instance of singleton bean 'tomcatServletWebServerFactory'
2024-09-19T11:23:36.049-05:00 DEBUG 32836 --- [uberApp] [           main] o.s.b.f.s.DefaultListableBeanFactory     : Creating shared instance of singleton bean 'servletWebServerFactoryCustomizer'
2024-09-19T11:23:36.050-05:00 DEBUG 32836 --- [uberApp] [           main] o.s.b.f.s.DefaultListableBeanFactory     : Creating shared instance of singleton bean 'org.springframework.boot.autoconfigure.web.servlet.ServletWebServerFactoryAutoConfiguration'
2024-09-19T11:23:36.051-05:00 DEBUG 32836 --- [uberApp] [           main] o.s.b.f.s.DefaultListableBeanFactory     : Creating shared instance of singleton bean 'server-org.springframework.boot.autoconfigure.web.ServerProperties'
2024-09-19T11:23:36.065-05:00 DEBUG 32836 --- [uberApp] [           main] o.s.b.f.s.DefaultListableBeanFactory     : Autowiring by type from bean name 'servletWebServerFactoryCustomizer' via factory method to bean named 'server-org.springframework.boot.autoconfigure.web.ServerProperties'
2024-09-19T11:23:36.069-05:00 DEBUG 32836 --- [uberApp] [           main] o.s.b.f.s.DefaultListableBeanFactory     : Creating shared instance of singleton bean 'tomcatServletWebServerFactoryCustomizer'
2024-09-19T11:23:36.069-05:00 DEBUG 32836 --- [uberApp] [           main] o.s.b.f.s.DefaultListableBeanFactory     : Autowiring by type from bean name 'tomcatServletWebServerFactoryCustomizer' via factory method to bean named 'server-org.springframework.boot.autoconfigure.web.ServerProperties'
2024-09-19T11:23:36.070-05:00 DEBUG 32836 --- [uberApp] [           main] o.s.b.f.s.DefaultListableBeanFactory     : Creating shared instance of singleton bean 'localeCharsetMappingsCustomizer'
2024-09-19T11:23:36.070-05:00 DEBUG 32836 --- [uberApp] [           main] o.s.b.f.s.DefaultListableBeanFactory     : Creating shared instance of singleton bean 'org.springframework.boot.autoconfigure.web.servlet.HttpEncodingAutoConfiguration'
2024-09-19T11:23:36.070-05:00 DEBUG 32836 --- [uberApp] [           main] o.s.b.f.s.DefaultListableBeanFactory     : Autowiring by type from bean name 'org.springframework.boot.autoconfigure.web.servlet.HttpEncodingAutoConfiguration' via constructor to bean named 'server-org.springframework.boot.autoconfigure.web.ServerProperties'
2024-09-19T11:23:36.099-05:00 DEBUG 32836 --- [uberApp] [           main] o.s.b.f.s.DefaultListableBeanFactory     : Creating shared instance of singleton bean 'errorPageCustomizer'
2024-09-19T11:23:36.099-05:00 DEBUG 32836 --- [uberApp] [           main] o.s.b.f.s.DefaultListableBeanFactory     : Creating shared instance of singleton bean 'org.springframework.boot.autoconfigure.web.servlet.error.ErrorMvcAutoConfiguration'
2024-09-19T11:23:36.100-05:00 DEBUG 32836 --- [uberApp] [           main] o.s.b.f.s.DefaultListableBeanFactory     : Autowiring by type from bean name 'org.springframework.boot.autoconfigure.web.servlet.error.ErrorMvcAutoConfiguration' via constructor to bean named 'server-org.springframework.boot.autoconfigure.web.ServerProperties'
2024-09-19T11:23:36.100-05:00 DEBUG 32836 --- [uberApp] [           main] o.s.b.f.s.DefaultListableBeanFactory     : Creating shared instance of singleton bean 'dispatcherServletRegistration'
2024-09-19T11:23:36.100-05:00 DEBUG 32836 --- [uberApp] [           main] o.s.b.f.s.DefaultListableBeanFactory     : Creating shared instance of singleton bean 'org.springframework.boot.autoconfigure.web.servlet.DispatcherServletAutoConfiguration$DispatcherServletRegistrationConfiguration'
2024-09-19T11:23:36.101-05:00 DEBUG 32836 --- [uberApp] [           main] o.s.b.f.s.DefaultListableBeanFactory     : Creating shared instance of singleton bean 'dispatcherServlet'
2024-09-19T11:23:36.101-05:00 DEBUG 32836 --- [uberApp] [           main] o.s.b.f.s.DefaultListableBeanFactory     : Creating shared instance of singleton bean 'org.springframework.boot.autoconfigure.web.servlet.DispatcherServletAutoConfiguration$DispatcherServletConfiguration'
2024-09-19T11:23:36.102-05:00 DEBUG 32836 --- [uberApp] [           main] o.s.b.f.s.DefaultListableBeanFactory     : Creating shared instance of singleton bean 'spring.mvc-org.springframework.boot.autoconfigure.web.servlet.WebMvcProperties'
2024-09-19T11:23:36.106-05:00 DEBUG 32836 --- [uberApp] [           main] o.s.b.f.s.DefaultListableBeanFactory     : Autowiring by type from bean name 'dispatcherServlet' via factory method to bean named 'spring.mvc-org.springframework.boot.autoconfigure.web.servlet.WebMvcProperties'
2024-09-19T11:23:36.123-05:00 DEBUG 32836 --- [uberApp] [           main] o.s.b.f.s.DefaultListableBeanFactory     : Autowiring by type from bean name 'dispatcherServletRegistration' via factory method to bean named 'dispatcherServlet'
2024-09-19T11:23:36.123-05:00 DEBUG 32836 --- [uberApp] [           main] o.s.b.f.s.DefaultListableBeanFactory     : Autowiring by type from bean name 'dispatcherServletRegistration' via factory method to bean named 'spring.mvc-org.springframework.boot.autoconfigure.web.servlet.WebMvcProperties'
2024-09-19T11:23:36.125-05:00 DEBUG 32836 --- [uberApp] [           main] o.s.b.f.s.DefaultListableBeanFactory     : Creating shared instance of singleton bean 'multipartConfigElement'
2024-09-19T11:23:36.126-05:00 DEBUG 32836 --- [uberApp] [           main] o.s.b.f.s.DefaultListableBeanFactory     : Creating shared instance of singleton bean 'org.springframework.boot.autoconfigure.web.servlet.MultipartAutoConfiguration'
2024-09-19T11:23:36.126-05:00 DEBUG 32836 --- [uberApp] [           main] o.s.b.f.s.DefaultListableBeanFactory     : Creating shared instance of singleton bean 'spring.servlet.multipart-org.springframework.boot.autoconfigure.web.servlet.MultipartProperties'
2024-09-19T11:23:36.129-05:00 DEBUG 32836 --- [uberApp] [           main] o.s.b.f.s.DefaultListableBeanFactory     : Autowiring by type from bean name 'org.springframework.boot.autoconfigure.web.servlet.MultipartAutoConfiguration' via constructor to bean named 'spring.servlet.multipart-org.springframework.boot.autoconfigure.web.servlet.MultipartProperties'
2024-09-19T11:23:36.134-05:00 DEBUG 32836 --- [uberApp] [           main] o.s.b.f.s.DefaultListableBeanFactory     : Autowiring by type from bean name 'errorPageCustomizer' via factory method to bean named 'dispatcherServletRegistration'
2024-09-19T11:23:36.136-05:00 DEBUG 32836 --- [uberApp] [           main] o.s.b.f.s.DefaultListableBeanFactory     : Creating shared instance of singleton bean 'org.springframework.boot.autoconfigure.web.servlet.DispatcherServletAutoConfiguration'
2024-09-19T11:23:36.136-05:00 DEBUG 32836 --- [uberApp] [           main] o.s.b.f.s.DefaultListableBeanFactory     : Creating shared instance of singleton bean 'org.springframework.boot.autoconfigure.task.TaskExecutorConfigurations$ThreadPoolTaskExecutorBuilderConfiguration'
2024-09-19T11:23:36.136-05:00 DEBUG 32836 --- [uberApp] [           main] o.s.b.f.s.DefaultListableBeanFactory     : Creating shared instance of singleton bean 'threadPoolTaskExecutorBuilder'
2024-09-19T11:23:36.137-05:00 DEBUG 32836 --- [uberApp] [           main] o.s.b.f.s.DefaultListableBeanFactory     : Creating shared instance of singleton bean 'spring.task.execution-org.springframework.boot.autoconfigure.task.TaskExecutionProperties'
2024-09-19T11:23:36.138-05:00 DEBUG 32836 --- [uberApp] [           main] o.s.b.f.s.DefaultListableBeanFactory     : Autowiring by type from bean name 'threadPoolTaskExecutorBuilder' via factory method to bean named 'spring.task.execution-org.springframework.boot.autoconfigure.task.TaskExecutionProperties'
2024-09-19T11:23:36.142-05:00 DEBUG 32836 --- [uberApp] [           main] o.s.b.f.s.DefaultListableBeanFactory     : Creating shared instance of singleton bean 'org.springframework.boot.autoconfigure.task.TaskExecutorConfigurations$TaskExecutorBuilderConfiguration'
2024-09-19T11:23:36.142-05:00 DEBUG 32836 --- [uberApp] [           main] o.s.b.f.s.DefaultListableBeanFactory     : Creating shared instance of singleton bean 'taskExecutorBuilder'
2024-09-19T11:23:36.143-05:00 DEBUG 32836 --- [uberApp] [           main] o.s.b.f.s.DefaultListableBeanFactory     : Autowiring by type from bean name 'taskExecutorBuilder' via factory method to bean named 'spring.task.execution-org.springframework.boot.autoconfigure.task.TaskExecutionProperties'
2024-09-19T11:23:36.145-05:00 DEBUG 32836 --- [uberApp] [           main] o.s.b.f.s.DefaultListableBeanFactory     : Creating shared instance of singleton bean 'org.springframework.boot.autoconfigure.task.TaskExecutorConfigurations$SimpleAsyncTaskExecutorBuilderConfiguration'
2024-09-19T11:23:36.145-05:00 DEBUG 32836 --- [uberApp] [           main] o.s.b.f.s.DefaultListableBeanFactory     : Autowiring by type from bean name 'org.springframework.boot.autoconfigure.task.TaskExecutorConfigurations$SimpleAsyncTaskExecutorBuilderConfiguration' via constructor to bean named 'spring.task.execution-org.springframework.boot.autoconfigure.task.TaskExecutionProperties'
2024-09-19T11:23:36.146-05:00 DEBUG 32836 --- [uberApp] [           main] o.s.b.f.s.DefaultListableBeanFactory     : Creating shared instance of singleton bean 'simpleAsyncTaskExecutorBuilder'
2024-09-19T11:23:36.148-05:00 DEBUG 32836 --- [uberApp] [           main] o.s.b.f.s.DefaultListableBeanFactory     : Creating shared instance of singleton bean 'org.springframework.boot.autoconfigure.task.TaskExecutorConfigurations$TaskExecutorConfiguration'
2024-09-19T11:23:36.149-05:00 DEBUG 32836 --- [uberApp] [           main] o.s.b.f.s.DefaultListableBeanFactory     : Creating shared instance of singleton bean 'org.springframework.boot.autoconfigure.task.TaskExecutionAutoConfiguration'
2024-09-19T11:23:36.149-05:00 DEBUG 32836 --- [uberApp] [           main] o.s.b.f.s.DefaultListableBeanFactory     : Creating shared instance of singleton bean 'org.springframework.boot.autoconfigure.web.servlet.error.ErrorMvcAutoConfiguration$WhitelabelErrorViewConfiguration'
2024-09-19T11:23:36.150-05:00 DEBUG 32836 --- [uberApp] [           main] o.s.b.f.s.DefaultListableBeanFactory     : Creating shared instance of singleton bean 'error'
2024-09-19T11:23:36.151-05:00 DEBUG 32836 --- [uberApp] [           main] o.s.b.f.s.DefaultListableBeanFactory     : Creating shared instance of singleton bean 'beanNameViewResolver'
2024-09-19T11:23:36.154-05:00 DEBUG 32836 --- [uberApp] [           main] o.s.b.f.s.DefaultListableBeanFactory     : Creating shared instance of singleton bean 'org.springframework.boot.autoconfigure.web.servlet.error.ErrorMvcAutoConfiguration$DefaultErrorViewResolverConfiguration'
2024-09-19T11:23:36.155-05:00 DEBUG 32836 --- [uberApp] [           main] o.s.b.f.s.DefaultListableBeanFactory     : Creating shared instance of singleton bean 'spring.web-org.springframework.boot.autoconfigure.web.WebProperties'
2024-09-19T11:23:36.163-05:00 DEBUG 32836 --- [uberApp] [           main] o.s.b.f.s.DefaultListableBeanFactory     : Autowiring by type from bean name 'org.springframework.boot.autoconfigure.web.servlet.error.ErrorMvcAutoConfiguration$DefaultErrorViewResolverConfiguration' via constructor to bean named 'org.springframework.web.context.support.GenericWebApplicationContext@4d9d1b69'
2024-09-19T11:23:36.164-05:00 DEBUG 32836 --- [uberApp] [           main] o.s.b.f.s.DefaultListableBeanFactory     : Autowiring by type from bean name 'org.springframework.boot.autoconfigure.web.servlet.error.ErrorMvcAutoConfiguration$DefaultErrorViewResolverConfiguration' via constructor to bean named 'spring.web-org.springframework.boot.autoconfigure.web.WebProperties'
2024-09-19T11:23:36.164-05:00 DEBUG 32836 --- [uberApp] [           main] o.s.b.f.s.DefaultListableBeanFactory     : Creating shared instance of singleton bean 'conventionErrorViewResolver'
2024-09-19T11:23:36.167-05:00 DEBUG 32836 --- [uberApp] [           main] o.s.b.f.s.DefaultListableBeanFactory     : Creating shared instance of singleton bean 'errorAttributes'
2024-09-19T11:23:36.170-05:00 DEBUG 32836 --- [uberApp] [           main] o.s.b.f.s.DefaultListableBeanFactory     : Creating shared instance of singleton bean 'basicErrorController'
2024-09-19T11:23:36.170-05:00 DEBUG 32836 --- [uberApp] [           main] o.s.b.f.s.DefaultListableBeanFactory     : Autowiring by type from bean name 'basicErrorController' via factory method to bean named 'errorAttributes'
2024-09-19T11:23:36.174-05:00 DEBUG 32836 --- [uberApp] [           main] o.s.b.f.s.DefaultListableBeanFactory     : Creating shared instance of singleton bean 'org.springframework.boot.autoconfigure.web.servlet.WebMvcAutoConfiguration$EnableWebMvcConfiguration'
2024-09-19T11:23:36.174-05:00 DEBUG 32836 --- [uberApp] [           main] o.s.b.f.s.DefaultListableBeanFactory     : Autowiring by type from bean name 'org.springframework.boot.autoconfigure.web.servlet.WebMvcAutoConfiguration$EnableWebMvcConfiguration' via constructor to bean named 'spring.mvc-org.springframework.boot.autoconfigure.web.servlet.WebMvcProperties'
2024-09-19T11:23:36.175-05:00 DEBUG 32836 --- [uberApp] [           main] o.s.b.f.s.DefaultListableBeanFactory     : Autowiring by type from bean name 'org.springframework.boot.autoconfigure.web.servlet.WebMvcAutoConfiguration$EnableWebMvcConfiguration' via constructor to bean named 'spring.web-org.springframework.boot.autoconfigure.web.WebProperties'
2024-09-19T11:23:36.175-05:00 DEBUG 32836 --- [uberApp] [           main] o.s.b.f.s.DefaultListableBeanFactory     : Autowiring by type from bean name 'org.springframework.boot.autoconfigure.web.servlet.WebMvcAutoConfiguration$EnableWebMvcConfiguration' via constructor to bean named 'org.springframework.beans.factory.support.DefaultListableBeanFactory@56f2bbea'
2024-09-19T11:23:36.178-05:00 DEBUG 32836 --- [uberApp] [           main] o.s.b.f.s.DefaultListableBeanFactory     : Creating shared instance of singleton bean 'org.springframework.boot.autoconfigure.web.servlet.WebMvcAutoConfiguration$WebMvcAutoConfigurationAdapter'
2024-09-19T11:23:36.178-05:00 DEBUG 32836 --- [uberApp] [           main] o.s.b.f.s.DefaultListableBeanFactory     : Autowiring by type from bean name 'org.springframework.boot.autoconfigure.web.servlet.WebMvcAutoConfiguration$WebMvcAutoConfigurationAdapter' via constructor to bean named 'spring.web-org.springframework.boot.autoconfigure.web.WebProperties'
2024-09-19T11:23:36.179-05:00 DEBUG 32836 --- [uberApp] [           main] o.s.b.f.s.DefaultListableBeanFactory     : Autowiring by type from bean name 'org.springframework.boot.autoconfigure.web.servlet.WebMvcAutoConfiguration$WebMvcAutoConfigurationAdapter' via constructor to bean named 'spring.mvc-org.springframework.boot.autoconfigure.web.servlet.WebMvcProperties'
2024-09-19T11:23:36.179-05:00 DEBUG 32836 --- [uberApp] [           main] o.s.b.f.s.DefaultListableBeanFactory     : Autowiring by type from bean name 'org.springframework.boot.autoconfigure.web.servlet.WebMvcAutoConfiguration$WebMvcAutoConfigurationAdapter' via constructor to bean named 'org.springframework.beans.factory.support.DefaultListableBeanFactory@56f2bbea'
2024-09-19T11:23:36.181-05:00 DEBUG 32836 --- [uberApp] [           main] o.s.b.f.s.DefaultListableBeanFactory     : Creating shared instance of singleton bean 'openEntityManagerInViewInterceptorConfigurer'
2024-09-19T11:23:36.181-05:00 DEBUG 32836 --- [uberApp] [           main] o.s.b.f.s.DefaultListableBeanFactory     : Creating shared instance of singleton bean 'org.springframework.boot.autoconfigure.orm.jpa.JpaBaseConfiguration$JpaWebConfiguration'
2024-09-19T11:23:36.181-05:00 DEBUG 32836 --- [uberApp] [           main] o.s.b.f.s.DefaultListableBeanFactory     : Autowiring by type from bean name 'org.springframework.boot.autoconfigure.orm.jpa.JpaBaseConfiguration$JpaWebConfiguration' via constructor to bean named 'spring.jpa-org.springframework.boot.autoconfigure.orm.jpa.JpaProperties'
2024-09-19T11:23:36.182-05:00 DEBUG 32836 --- [uberApp] [           main] o.s.b.f.s.DefaultListableBeanFactory     : Creating shared instance of singleton bean 'openEntityManagerInViewInterceptor'
2024-09-19T11:23:36.182-05:00  WARN 32836 --- [uberApp] [           main] JpaBaseConfiguration$JpaWebConfiguration : spring.jpa.open-in-view is enabled by default. Therefore, database queries may be performed during view rendering. Explicitly configure spring.jpa.open-in-view to disable this warning
2024-09-19T11:23:36.184-05:00 DEBUG 32836 --- [uberApp] [           main] o.s.b.f.s.DefaultListableBeanFactory     : Autowiring by type from bean name 'openEntityManagerInViewInterceptorConfigurer' via factory method to bean named 'openEntityManagerInViewInterceptor'
2024-09-19T11:23:36.185-05:00 DEBUG 32836 --- [uberApp] [           main] o.s.b.f.s.DefaultListableBeanFactory     : Creating shared instance of singleton bean 'org.springframework.data.web.config.SpringDataWebConfiguration'
2024-09-19T11:23:36.186-05:00 DEBUG 32836 --- [uberApp] [           main] o.s.b.f.s.DefaultListableBeanFactory     : Autowiring by type from bean name 'org.springframework.data.web.config.SpringDataWebConfiguration' via constructor to bean named 'org.springframework.web.context.support.GenericWebApplicationContext@4d9d1b69'
2024-09-19T11:23:36.189-05:00 DEBUG 32836 --- [uberApp] [           main] o.s.b.f.s.DefaultListableBeanFactory     : Creating shared instance of singleton bean 'welcomePageHandlerMapping'
2024-09-19T11:23:36.190-05:00 DEBUG 32836 --- [uberApp] [           main] o.s.b.f.s.DefaultListableBeanFactory     : Creating shared instance of singleton bean 'mvcConversionService'
2024-09-19T11:23:36.202-05:00 DEBUG 32836 --- [uberApp] [           main] o.s.b.f.s.DefaultListableBeanFactory     : Creating shared instance of singleton bean 'mvcResourceUrlProvider'
2024-09-19T11:23:36.204-05:00 DEBUG 32836 --- [uberApp] [           main] o.s.b.f.s.DefaultListableBeanFactory     : Autowiring by type from bean name 'welcomePageHandlerMapping' via factory method to bean named 'org.springframework.web.context.support.GenericWebApplicationContext@4d9d1b69'
2024-09-19T11:23:36.204-05:00 DEBUG 32836 --- [uberApp] [           main] o.s.b.f.s.DefaultListableBeanFactory     : Autowiring by type from bean name 'welcomePageHandlerMapping' via factory method to bean named 'mvcConversionService'
2024-09-19T11:23:36.204-05:00 DEBUG 32836 --- [uberApp] [           main] o.s.b.f.s.DefaultListableBeanFactory     : Autowiring by type from bean name 'welcomePageHandlerMapping' via factory method to bean named 'mvcResourceUrlProvider'
2024-09-19T11:23:36.217-05:00 DEBUG 32836 --- [uberApp] [           main] o.s.b.f.s.DefaultListableBeanFactory     : Creating shared instance of singleton bean 'welcomePageNotAcceptableHandlerMapping'
2024-09-19T11:23:36.218-05:00 DEBUG 32836 --- [uberApp] [           main] o.s.b.f.s.DefaultListableBeanFactory     : Autowiring by type from bean name 'welcomePageNotAcceptableHandlerMapping' via factory method to bean named 'org.springframework.web.context.support.GenericWebApplicationContext@4d9d1b69'
2024-09-19T11:23:36.218-05:00 DEBUG 32836 --- [uberApp] [           main] o.s.b.f.s.DefaultListableBeanFactory     : Autowiring by type from bean name 'welcomePageNotAcceptableHandlerMapping' via factory method to bean named 'mvcConversionService'
2024-09-19T11:23:36.218-05:00 DEBUG 32836 --- [uberApp] [           main] o.s.b.f.s.DefaultListableBeanFactory     : Autowiring by type from bean name 'welcomePageNotAcceptableHandlerMapping' via factory method to bean named 'mvcResourceUrlProvider'
2024-09-19T11:23:36.220-05:00 DEBUG 32836 --- [uberApp] [           main] o.s.b.f.s.DefaultListableBeanFactory     : Creating shared instance of singleton bean 'localeResolver'
2024-09-19T11:23:36.222-05:00 DEBUG 32836 --- [uberApp] [           main] o.s.b.f.s.DefaultListableBeanFactory     : Creating shared instance of singleton bean 'themeResolver'
2024-09-19T11:23:36.224-05:00 DEBUG 32836 --- [uberApp] [           main] o.s.b.f.s.DefaultListableBeanFactory     : Creating shared instance of singleton bean 'flashMapManager'
2024-09-19T11:23:36.228-05:00 DEBUG 32836 --- [uberApp] [           main] o.s.b.f.s.DefaultListableBeanFactory     : Creating shared instance of singleton bean 'mvcValidator'
2024-09-19T11:23:36.229-05:00 DEBUG 32836 --- [uberApp] [           main] o.s.b.f.s.DefaultListableBeanFactory     : Creating shared instance of singleton bean 'mvcContentNegotiationManager'
2024-09-19T11:23:36.233-05:00 DEBUG 32836 --- [uberApp] [           main] o.s.b.f.s.DefaultListableBeanFactory     : Creating shared instance of singleton bean 'requestMappingHandlerMapping'
2024-09-19T11:23:36.235-05:00 DEBUG 32836 --- [uberApp] [           main] o.s.b.f.s.DefaultListableBeanFactory     : Autowiring by type from bean name 'requestMappingHandlerMapping' via factory method to bean named 'mvcContentNegotiationManager'
2024-09-19T11:23:36.235-05:00 DEBUG 32836 --- [uberApp] [           main] o.s.b.f.s.DefaultListableBeanFactory     : Autowiring by type from bean name 'requestMappingHandlerMapping' via factory method to bean named 'mvcConversionService'
2024-09-19T11:23:36.235-05:00 DEBUG 32836 --- [uberApp] [           main] o.s.b.f.s.DefaultListableBeanFactory     : Autowiring by type from bean name 'requestMappingHandlerMapping' via factory method to bean named 'mvcResourceUrlProvider'
2024-09-19T11:23:36.269-05:00 DEBUG 32836 --- [uberApp] [           main] s.w.s.m.m.a.RequestMappingHandlerMapping : 6 mappings in 'requestMappingHandlerMapping'
2024-09-19T11:23:36.271-05:00 DEBUG 32836 --- [uberApp] [           main] o.s.b.f.s.DefaultListableBeanFactory     : Creating shared instance of singleton bean 'mvcPatternParser'
2024-09-19T11:23:36.272-05:00 DEBUG 32836 --- [uberApp] [           main] o.s.b.f.s.DefaultListableBeanFactory     : Creating shared instance of singleton bean 'mvcUrlPathHelper'
2024-09-19T11:23:36.273-05:00 DEBUG 32836 --- [uberApp] [           main] o.s.b.f.s.DefaultListableBeanFactory     : Creating shared instance of singleton bean 'mvcPathMatcher'
2024-09-19T11:23:36.275-05:00 DEBUG 32836 --- [uberApp] [           main] o.s.b.f.s.DefaultListableBeanFactory     : Creating shared instance of singleton bean 'viewControllerHandlerMapping'
2024-09-19T11:23:36.275-05:00 DEBUG 32836 --- [uberApp] [           main] o.s.b.f.s.DefaultListableBeanFactory     : Autowiring by type from bean name 'viewControllerHandlerMapping' via factory method to bean named 'mvcConversionService'
2024-09-19T11:23:36.275-05:00 DEBUG 32836 --- [uberApp] [           main] o.s.b.f.s.DefaultListableBeanFactory     : Autowiring by type from bean name 'viewControllerHandlerMapping' via factory method to bean named 'mvcResourceUrlProvider'
2024-09-19T11:23:36.276-05:00 DEBUG 32836 --- [uberApp] [           main] o.s.b.f.s.DefaultListableBeanFactory     : Creating shared instance of singleton bean 'beanNameHandlerMapping'
2024-09-19T11:23:36.276-05:00 DEBUG 32836 --- [uberApp] [           main] o.s.b.f.s.DefaultListableBeanFactory     : Autowiring by type from bean name 'beanNameHandlerMapping' via factory method to bean named 'mvcConversionService'
2024-09-19T11:23:36.276-05:00 DEBUG 32836 --- [uberApp] [           main] o.s.b.f.s.DefaultListableBeanFactory     : Autowiring by type from bean name 'beanNameHandlerMapping' via factory method to bean named 'mvcResourceUrlProvider'
2024-09-19T11:23:36.279-05:00 DEBUG 32836 --- [uberApp] [           main] o.s.b.f.s.DefaultListableBeanFactory     : Creating shared instance of singleton bean 'routerFunctionMapping'
2024-09-19T11:23:36.279-05:00 DEBUG 32836 --- [uberApp] [           main] o.s.b.f.s.DefaultListableBeanFactory     : Autowiring by type from bean name 'routerFunctionMapping' via factory method to bean named 'mvcConversionService'
2024-09-19T11:23:36.279-05:00 DEBUG 32836 --- [uberApp] [           main] o.s.b.f.s.DefaultListableBeanFactory     : Autowiring by type from bean name 'routerFunctionMapping' via factory method to bean named 'mvcResourceUrlProvider'
2024-09-19T11:23:36.281-05:00 DEBUG 32836 --- [uberApp] [           main] o.s.b.f.s.DefaultListableBeanFactory     : Creating shared instance of singleton bean 'messageConverters'
2024-09-19T11:23:36.281-05:00 DEBUG 32836 --- [uberApp] [           main] o.s.b.f.s.DefaultListableBeanFactory     : Creating shared instance of singleton bean 'org.springframework.boot.autoconfigure.http.HttpMessageConvertersAutoConfiguration'
2024-09-19T11:23:36.286-05:00 DEBUG 32836 --- [uberApp] [           main] o.s.b.f.s.DefaultListableBeanFactory     : Creating shared instance of singleton bean 'stringHttpMessageConverter'
2024-09-19T11:23:36.286-05:00 DEBUG 32836 --- [uberApp] [           main] o.s.b.f.s.DefaultListableBeanFactory     : Creating shared instance of singleton bean 'org.springframework.boot.autoconfigure.http.HttpMessageConvertersAutoConfiguration$StringHttpMessageConverterConfiguration'
2024-09-19T11:23:36.287-05:00 DEBUG 32836 --- [uberApp] [           main] o.s.b.f.s.DefaultListableBeanFactory     : Autowiring by type from bean name 'stringHttpMessageConverter' via factory method to bean named 'environment'
2024-09-19T11:23:36.290-05:00 DEBUG 32836 --- [uberApp] [           main] o.s.b.f.s.DefaultListableBeanFactory     : Creating shared instance of singleton bean 'mappingJackson2HttpMessageConverter'
2024-09-19T11:23:36.291-05:00 DEBUG 32836 --- [uberApp] [           main] o.s.b.f.s.DefaultListableBeanFactory     : Creating shared instance of singleton bean 'org.springframework.boot.autoconfigure.http.JacksonHttpMessageConvertersConfiguration$MappingJackson2HttpMessageConverterConfiguration'
2024-09-19T11:23:36.291-05:00 DEBUG 32836 --- [uberApp] [           main] o.s.b.f.s.DefaultListableBeanFactory     : Creating shared instance of singleton bean 'jacksonObjectMapper'
2024-09-19T11:23:36.291-05:00 DEBUG 32836 --- [uberApp] [           main] o.s.b.f.s.DefaultListableBeanFactory     : Creating shared instance of singleton bean 'org.springframework.boot.autoconfigure.jackson.JacksonAutoConfiguration$JacksonObjectMapperConfiguration'
2024-09-19T11:23:36.292-05:00 DEBUG 32836 --- [uberApp] [           main] o.s.b.f.s.DefaultListableBeanFactory     : Creating shared instance of singleton bean 'org.springframework.boot.autoconfigure.jackson.JacksonAutoConfiguration$JacksonObjectMapperBuilderConfiguration'
2024-09-19T11:23:36.293-05:00 DEBUG 32836 --- [uberApp] [           main] o.s.b.f.s.DefaultListableBeanFactory     : Creating shared instance of singleton bean 'standardJacksonObjectMapperBuilderCustomizer'
2024-09-19T11:23:36.293-05:00 DEBUG 32836 --- [uberApp] [           main] o.s.b.f.s.DefaultListableBeanFactory     : Creating shared instance of singleton bean 'org.springframework.boot.autoconfigure.jackson.JacksonAutoConfiguration$Jackson2ObjectMapperBuilderCustomizerConfiguration'
2024-09-19T11:23:36.293-05:00 DEBUG 32836 --- [uberApp] [           main] o.s.b.f.s.DefaultListableBeanFactory     : Creating shared instance of singleton bean 'spring.jackson-org.springframework.boot.autoconfigure.jackson.JacksonProperties'
2024-09-19T11:23:36.296-05:00 DEBUG 32836 --- [uberApp] [           main] o.s.b.f.s.DefaultListableBeanFactory     : Autowiring by type from bean name 'standardJacksonObjectMapperBuilderCustomizer' via factory method to bean named 'spring.jackson-org.springframework.boot.autoconfigure.jackson.JacksonProperties'
2024-09-19T11:23:36.297-05:00 DEBUG 32836 --- [uberApp] [           main] o.s.b.f.s.DefaultListableBeanFactory     : Creating shared instance of singleton bean 'parameterNamesModule'
2024-09-19T11:23:36.297-05:00 DEBUG 32836 --- [uberApp] [           main] o.s.b.f.s.DefaultListableBeanFactory     : Creating shared instance of singleton bean 'org.springframework.boot.autoconfigure.jackson.JacksonAutoConfiguration$ParameterNamesModuleConfiguration'
2024-09-19T11:23:36.302-05:00 DEBUG 32836 --- [uberApp] [           main] o.s.b.f.s.DefaultListableBeanFactory     : Creating shared instance of singleton bean 'jsonMixinModule'
2024-09-19T11:23:36.302-05:00 DEBUG 32836 --- [uberApp] [           main] o.s.b.f.s.DefaultListableBeanFactory     : Creating shared instance of singleton bean 'org.springframework.boot.autoconfigure.jackson.JacksonAutoConfiguration$JacksonMixinConfiguration'
2024-09-19T11:23:36.303-05:00 DEBUG 32836 --- [uberApp] [           main] o.s.b.f.s.DefaultListableBeanFactory     : Creating shared instance of singleton bean 'jsonMixinModuleEntries'
2024-09-19T11:23:36.303-05:00 DEBUG 32836 --- [uberApp] [           main] o.s.b.f.s.DefaultListableBeanFactory     : Autowiring by type from bean name 'jsonMixinModuleEntries' via factory method to bean named 'org.springframework.web.context.support.GenericWebApplicationContext@4d9d1b69'
2024-09-19T11:23:36.308-05:00 DEBUG 32836 --- [uberApp] [           main] o.s.b.f.s.DefaultListableBeanFactory     : Autowiring by type from bean name 'jsonMixinModule' via factory method to bean named 'org.springframework.web.context.support.GenericWebApplicationContext@4d9d1b69'
2024-09-19T11:23:36.308-05:00 DEBUG 32836 --- [uberApp] [           main] o.s.b.f.s.DefaultListableBeanFactory     : Autowiring by type from bean name 'jsonMixinModule' via factory method to bean named 'jsonMixinModuleEntries'
2024-09-19T11:23:36.310-05:00 DEBUG 32836 --- [uberApp] [           main] o.s.b.f.s.DefaultListableBeanFactory     : Creating shared instance of singleton bean 'jsonComponentModule'
2024-09-19T11:23:36.310-05:00 DEBUG 32836 --- [uberApp] [           main] o.s.b.f.s.DefaultListableBeanFactory     : Creating shared instance of singleton bean 'org.springframework.boot.autoconfigure.jackson.JacksonAutoConfiguration'
2024-09-19T11:23:36.313-05:00 DEBUG 32836 --- [uberApp] [           main] o.s.b.f.s.DefaultListableBeanFactory     : Creating shared instance of singleton bean 'jacksonGeoModule'
2024-09-19T11:23:36.313-05:00 DEBUG 32836 --- [uberApp] [           main] o.s.b.f.s.DefaultListableBeanFactory     : Creating shared instance of singleton bean 'org.springframework.data.web.config.SpringDataJacksonConfiguration'
2024-09-19T11:23:36.316-05:00 DEBUG 32836 --- [uberApp] [           main] o.s.b.f.s.DefaultListableBeanFactory     : Creating shared instance of singleton bean 'pageModule'
2024-09-19T11:23:36.318-05:00 DEBUG 32836 --- [uberApp] [           main] o.s.b.f.s.DefaultListableBeanFactory     : Autowiring by type from bean name 'jacksonObjectMapperBuilder' via factory method to bean named 'org.springframework.web.context.support.GenericWebApplicationContext@4d9d1b69'
2024-09-19T11:23:36.318-05:00 DEBUG 32836 --- [uberApp] [           main] o.s.b.f.s.DefaultListableBeanFactory     : Autowiring by type from bean name 'jacksonObjectMapperBuilder' via factory method to bean named 'standardJacksonObjectMapperBuilderCustomizer'
2024-09-19T11:23:36.320-05:00 DEBUG 32836 --- [uberApp] [           main] o.s.b.f.s.DefaultListableBeanFactory     : Autowiring by type from bean name 'jacksonObjectMapper' via factory method to bean named 'jacksonObjectMapperBuilder'
2024-09-19T11:23:36.334-05:00 DEBUG 32836 --- [uberApp] [           main] o.s.b.f.s.DefaultListableBeanFactory     : Autowiring by type from bean name 'mappingJackson2HttpMessageConverter' via factory method to bean named 'jacksonObjectMapper'
2024-09-19T11:23:36.388-05:00 DEBUG 32836 --- [uberApp] [           main] o.s.b.f.s.DefaultListableBeanFactory     : Creating shared instance of singleton bean 'resourceHandlerMapping'
2024-09-19T11:23:36.388-05:00 DEBUG 32836 --- [uberApp] [           main] o.s.b.f.s.DefaultListableBeanFactory     : Autowiring by type from bean name 'resourceHandlerMapping' via factory method to bean named 'mvcContentNegotiationManager'
2024-09-19T11:23:36.388-05:00 DEBUG 32836 --- [uberApp] [           main] o.s.b.f.s.DefaultListableBeanFactory     : Autowiring by type from bean name 'resourceHandlerMapping' via factory method to bean named 'mvcConversionService'
2024-09-19T11:23:36.388-05:00 DEBUG 32836 --- [uberApp] [           main] o.s.b.f.s.DefaultListableBeanFactory     : Autowiring by type from bean name 'resourceHandlerMapping' via factory method to bean named 'mvcResourceUrlProvider'
2024-09-19T11:23:36.401-05:00 DEBUG 32836 --- [uberApp] [           main] o.s.w.s.handler.SimpleUrlHandlerMapping  : Patterns [/webjars/**, /**] in 'resourceHandlerMapping'
2024-09-19T11:23:36.402-05:00 DEBUG 32836 --- [uberApp] [           main] o.s.b.f.s.DefaultListableBeanFactory     : Creating shared instance of singleton bean 'defaultServletHandlerMapping'
2024-09-19T11:23:36.403-05:00 DEBUG 32836 --- [uberApp] [           main] o.s.b.f.s.DefaultListableBeanFactory     : Creating shared instance of singleton bean 'requestMappingHandlerAdapter'
2024-09-19T11:23:36.404-05:00 DEBUG 32836 --- [uberApp] [           main] o.s.b.f.s.DefaultListableBeanFactory     : Autowiring by type from bean name 'requestMappingHandlerAdapter' via factory method to bean named 'mvcContentNegotiationManager'
2024-09-19T11:23:36.404-05:00 DEBUG 32836 --- [uberApp] [           main] o.s.b.f.s.DefaultListableBeanFactory     : Autowiring by type from bean name 'requestMappingHandlerAdapter' via factory method to bean named 'mvcConversionService'
2024-09-19T11:23:36.404-05:00 DEBUG 32836 --- [uberApp] [           main] o.s.b.f.s.DefaultListableBeanFactory     : Autowiring by type from bean name 'requestMappingHandlerAdapter' via factory method to bean named 'mvcValidator'
2024-09-19T11:23:36.411-05:00 DEBUG 32836 --- [uberApp] [           main] o.s.b.f.s.DefaultListableBeanFactory     : Creating shared instance of singleton bean 'sortResolver'
2024-09-19T11:23:36.413-05:00 DEBUG 32836 --- [uberApp] [           main] o.s.b.f.s.DefaultListableBeanFactory     : Creating shared instance of singleton bean 'sortCustomizer'
2024-09-19T11:23:36.413-05:00 DEBUG 32836 --- [uberApp] [           main] o.s.b.f.s.DefaultListableBeanFactory     : Creating shared instance of singleton bean 'org.springframework.boot.autoconfigure.data.web.SpringDataWebAutoConfiguration'
2024-09-19T11:23:36.414-05:00 DEBUG 32836 --- [uberApp] [           main] o.s.b.f.s.DefaultListableBeanFactory     : Creating shared instance of singleton bean 'spring.data.web-org.springframework.boot.autoconfigure.data.web.SpringDataWebProperties'
2024-09-19T11:23:36.415-05:00 DEBUG 32836 --- [uberApp] [           main] o.s.b.f.s.DefaultListableBeanFactory     : Autowiring by type from bean name 'org.springframework.boot.autoconfigure.data.web.SpringDataWebAutoConfiguration' via constructor to bean named 'spring.data.web-org.springframework.boot.autoconfigure.data.web.SpringDataWebProperties'
2024-09-19T11:23:36.417-05:00 DEBUG 32836 --- [uberApp] [           main] o.s.b.f.s.DefaultListableBeanFactory     : Creating shared instance of singleton bean 'pageableResolver'
2024-09-19T11:23:36.418-05:00 DEBUG 32836 --- [uberApp] [           main] o.s.b.f.s.DefaultListableBeanFactory     : Creating shared instance of singleton bean 'pageableCustomizer'
2024-09-19T11:23:36.421-05:00 DEBUG 32836 --- [uberApp] [           main] o.s.b.f.s.DefaultListableBeanFactory     : Creating shared instance of singleton bean 'applicationTaskExecutor'
2024-09-19T11:23:36.421-05:00 DEBUG 32836 --- [uberApp] [           main] o.s.b.f.s.DefaultListableBeanFactory     : Autowiring by type from bean name 'applicationTaskExecutor' via factory method to bean named 'taskExecutorBuilder'
2024-09-19T11:23:36.430-05:00 DEBUG 32836 --- [uberApp] [           main] o.s.s.concurrent.ThreadPoolTaskExecutor  : Initializing ExecutorService 'applicationTaskExecutor'
2024-09-19T11:23:36.445-05:00 DEBUG 32836 --- [uberApp] [           main] s.w.s.m.m.a.RequestMappingHandlerAdapter : ControllerAdvice beans: 0 @ModelAttribute, 0 @InitBinder, 1 RequestBodyAdvice, 2 ResponseBodyAdvice
2024-09-19T11:23:36.471-05:00 DEBUG 32836 --- [uberApp] [           main] o.s.b.f.s.DefaultListableBeanFactory     : Creating shared instance of singleton bean 'handlerFunctionAdapter'
2024-09-19T11:23:36.476-05:00 DEBUG 32836 --- [uberApp] [           main] o.s.b.f.s.DefaultListableBeanFactory     : Creating shared instance of singleton bean 'mvcUriComponentsContributor'
2024-09-19T11:23:36.477-05:00 DEBUG 32836 --- [uberApp] [           main] o.s.b.f.s.DefaultListableBeanFactory     : Autowiring by type from bean name 'mvcUriComponentsContributor' via factory method to bean named 'mvcConversionService'
2024-09-19T11:23:36.477-05:00 DEBUG 32836 --- [uberApp] [           main] o.s.b.f.s.DefaultListableBeanFactory     : Autowiring by type from bean name 'mvcUriComponentsContributor' via factory method to bean named 'requestMappingHandlerAdapter'
2024-09-19T11:23:36.482-05:00 DEBUG 32836 --- [uberApp] [           main] o.s.b.f.s.DefaultListableBeanFactory     : Creating shared instance of singleton bean 'httpRequestHandlerAdapter'
2024-09-19T11:23:36.482-05:00 DEBUG 32836 --- [uberApp] [           main] o.s.b.f.s.DefaultListableBeanFactory     : Creating shared instance of singleton bean 'simpleControllerHandlerAdapter'
2024-09-19T11:23:36.483-05:00 DEBUG 32836 --- [uberApp] [           main] o.s.b.f.s.DefaultListableBeanFactory     : Creating shared instance of singleton bean 'handlerExceptionResolver'
2024-09-19T11:23:36.483-05:00 DEBUG 32836 --- [uberApp] [           main] o.s.b.f.s.DefaultListableBeanFactory     : Autowiring by type from bean name 'handlerExceptionResolver' via factory method to bean named 'mvcContentNegotiationManager'
2024-09-19T11:23:36.489-05:00 DEBUG 32836 --- [uberApp] [           main] .m.m.a.ExceptionHandlerExceptionResolver : ControllerAdvice beans: 1 @ExceptionHandler, 2 ResponseBodyAdvice
2024-09-19T11:23:36.492-05:00 DEBUG 32836 --- [uberApp] [           main] o.s.b.f.s.DefaultListableBeanFactory     : Creating shared instance of singleton bean 'mvcViewResolver'
2024-09-19T11:23:36.492-05:00 DEBUG 32836 --- [uberApp] [           main] o.s.b.f.s.DefaultListableBeanFactory     : Autowiring by type from bean name 'mvcViewResolver' via factory method to bean named 'mvcContentNegotiationManager'
2024-09-19T11:23:36.494-05:00 DEBUG 32836 --- [uberApp] [           main] o.s.b.f.s.DefaultListableBeanFactory     : Creating shared instance of singleton bean 'viewNameTranslator'
2024-09-19T11:23:36.496-05:00 DEBUG 32836 --- [uberApp] [           main] o.s.b.f.s.DefaultListableBeanFactory     : Creating shared instance of singleton bean 'defaultViewResolver'
2024-09-19T11:23:36.503-05:00 DEBUG 32836 --- [uberApp] [           main] o.s.b.f.s.DefaultListableBeanFactory     : Creating shared instance of singleton bean 'viewResolver'
2024-09-19T11:23:36.503-05:00 DEBUG 32836 --- [uberApp] [           main] o.s.b.f.s.DefaultListableBeanFactory     : Autowiring by type from bean name 'viewResolver' via factory method to bean named 'org.springframework.beans.factory.support.DefaultListableBeanFactory@56f2bbea'
2024-09-19T11:23:36.505-05:00 DEBUG 32836 --- [uberApp] [           main] o.s.b.f.s.DefaultListableBeanFactory     : Creating shared instance of singleton bean 'viewResolver'
2024-09-19T11:23:36.507-05:00 DEBUG 32836 --- [uberApp] [           main] o.s.b.f.s.DefaultListableBeanFactory     : Creating shared instance of singleton bean 'requestContextFilter'
2024-09-19T11:23:36.509-05:00 DEBUG 32836 --- [uberApp] [           main] o.s.b.f.s.DefaultListableBeanFactory     : Creating shared instance of singleton bean 'org.springframework.boot.autoconfigure.web.servlet.WebMvcAutoConfiguration'
2024-09-19T11:23:36.509-05:00 DEBUG 32836 --- [uberApp] [           main] o.s.b.f.s.DefaultListableBeanFactory     : Creating shared instance of singleton bean 'formContentFilter'
2024-09-19T11:23:36.510-05:00 DEBUG 32836 --- [uberApp] [           main] o.s.b.f.s.DefaultListableBeanFactory     : Creating shared instance of singleton bean 'org.springframework.boot.autoconfigure.aop.AopAutoConfiguration$AspectJAutoProxyingConfiguration$CglibAutoProxyConfiguration'
2024-09-19T11:23:36.511-05:00 DEBUG 32836 --- [uberApp] [           main] o.s.b.f.s.DefaultListableBeanFactory     : Creating shared instance of singleton bean 'org.springframework.boot.autoconfigure.aop.AopAutoConfiguration$AspectJAutoProxyingConfiguration'
2024-09-19T11:23:36.511-05:00 DEBUG 32836 --- [uberApp] [           main] o.s.b.f.s.DefaultListableBeanFactory     : Creating shared instance of singleton bean 'org.springframework.boot.autoconfigure.aop.AopAutoConfiguration'
2024-09-19T11:23:36.511-05:00 DEBUG 32836 --- [uberApp] [           main] o.s.b.f.s.DefaultListableBeanFactory     : Creating shared instance of singleton bean 'org.springframework.boot.autoconfigure.availability.ApplicationAvailabilityAutoConfiguration'
2024-09-19T11:23:36.511-05:00 DEBUG 32836 --- [uberApp] [           main] o.s.b.f.s.DefaultListableBeanFactory     : Creating shared instance of singleton bean 'applicationAvailability'
2024-09-19T11:23:36.514-05:00 DEBUG 32836 --- [uberApp] [           main] o.s.b.f.s.DefaultListableBeanFactory     : Creating shared instance of singleton bean 'org.springframework.boot.autoconfigure.transaction.jta.JtaAutoConfiguration'
2024-09-19T11:23:36.515-05:00 DEBUG 32836 --- [uberApp] [           main] o.s.b.f.s.DefaultListableBeanFactory     : Creating shared instance of singleton bean 'org.springframework.boot.autoconfigure.jdbc.metadata.DataSourcePoolMetadataProvidersConfiguration'
2024-09-19T11:23:36.515-05:00 DEBUG 32836 --- [uberApp] [           main] o.s.b.f.s.DefaultListableBeanFactory     : Creating shared instance of singleton bean 'org.springframework.boot.autoconfigure.jdbc.DataSourceAutoConfiguration'
2024-09-19T11:23:36.515-05:00 DEBUG 32836 --- [uberApp] [           main] o.s.b.f.s.DefaultListableBeanFactory     : Creating shared instance of singleton bean 'org.springframework.boot.autoconfigure.transaction.TransactionManagerCustomizationAutoConfiguration'
2024-09-19T11:23:36.515-05:00 DEBUG 32836 --- [uberApp] [           main] o.s.b.f.s.DefaultListableBeanFactory     : Creating shared instance of singleton bean 'platformTransactionManagerCustomizers'
2024-09-19T11:23:36.516-05:00 DEBUG 32836 --- [uberApp] [           main] o.s.b.f.s.DefaultListableBeanFactory     : Creating shared instance of singleton bean 'transactionExecutionListeners'
2024-09-19T11:23:36.519-05:00 DEBUG 32836 --- [uberApp] [           main] o.s.b.f.s.DefaultListableBeanFactory     : Creating shared instance of singleton bean 'spring.transaction-org.springframework.boot.autoconfigure.transaction.TransactionProperties'
2024-09-19T11:23:36.522-05:00 DEBUG 32836 --- [uberApp] [           main] o.s.b.f.s.DefaultListableBeanFactory     : Creating shared instance of singleton bean 'org.springframework.boot.autoconfigure.orm.jpa.JpaBaseConfiguration$PersistenceManagedTypesConfiguration'
2024-09-19T11:23:36.522-05:00 DEBUG 32836 --- [uberApp] [           main] o.s.b.f.s.DefaultListableBeanFactory     : Creating shared instance of singleton bean 'transactionManager'
2024-09-19T11:23:36.531-05:00 DEBUG 32836 --- [uberApp] [           main] o.s.b.f.s.DefaultListableBeanFactory     : Creating shared instance of singleton bean 'org.springframework.boot.autoconfigure.orm.jpa.HibernateJpaAutoConfiguration'
2024-09-19T11:23:36.532-05:00 DEBUG 32836 --- [uberApp] [           main] o.s.b.f.s.DefaultListableBeanFactory     : Creating shared instance of singleton bean 'org.springframework.boot.autoconfigure.context.ConfigurationPropertiesAutoConfiguration'
2024-09-19T11:23:36.532-05:00 DEBUG 32836 --- [uberApp] [           main] o.s.b.f.s.DefaultListableBeanFactory     : Creating shared instance of singleton bean 'org.springframework.boot.autoconfigure.context.LifecycleAutoConfiguration'
2024-09-19T11:23:36.533-05:00 DEBUG 32836 --- [uberApp] [           main] o.s.b.f.s.DefaultListableBeanFactory     : Creating shared instance of singleton bean 'lifecycleProcessor'
2024-09-19T11:23:36.533-05:00 DEBUG 32836 --- [uberApp] [           main] o.s.b.f.s.DefaultListableBeanFactory     : Creating shared instance of singleton bean 'spring.lifecycle-org.springframework.boot.autoconfigure.context.LifecycleProperties'
2024-09-19T11:23:36.534-05:00 DEBUG 32836 --- [uberApp] [           main] o.s.b.f.s.DefaultListableBeanFactory     : Autowiring by type from bean name 'lifecycleProcessor' via factory method to bean named 'spring.lifecycle-org.springframework.boot.autoconfigure.context.LifecycleProperties'
2024-09-19T11:23:36.535-05:00 DEBUG 32836 --- [uberApp] [           main] o.s.b.f.s.DefaultListableBeanFactory     : Creating shared instance of singleton bean 'org.springframework.boot.autoconfigure.dao.PersistenceExceptionTranslationAutoConfiguration'
2024-09-19T11:23:36.536-05:00 DEBUG 32836 --- [uberApp] [           main] o.s.b.f.s.DefaultListableBeanFactory     : Creating shared instance of singleton bean 'org.springframework.boot.autoconfigure.data.jpa.JpaRepositoriesAutoConfiguration'
2024-09-19T11:23:36.536-05:00 DEBUG 32836 --- [uberApp] [           main] o.s.b.f.s.DefaultListableBeanFactory     : Creating shared instance of singleton bean 'org.springframework.data.jpa.util.JpaMetamodelCacheCleanup'
2024-09-19T11:23:36.536-05:00 DEBUG 32836 --- [uberApp] [           main] o.s.b.f.s.DefaultListableBeanFactory     : Creating shared instance of singleton bean 'org.springframework.data.jpa.repository.support.JpaEvaluationContextExtension'
2024-09-19T11:23:36.539-05:00 DEBUG 32836 --- [uberApp] [           main] o.s.b.f.s.DefaultListableBeanFactory     : Creating shared instance of singleton bean 'data-jpa.repository-aot-processor#0'
2024-09-19T11:23:36.548-05:00 DEBUG 32836 --- [uberApp] [           main] o.s.b.f.s.DefaultListableBeanFactory     : Creating shared instance of singleton bean 'org.springframework.boot.autoconfigure.http.JacksonHttpMessageConvertersConfiguration'
2024-09-19T11:23:36.548-05:00 DEBUG 32836 --- [uberApp] [           main] o.s.b.f.s.DefaultListableBeanFactory     : Creating shared instance of singleton bean 'org.springframework.data.web.config.ProjectingArgumentResolverRegistrar'
2024-09-19T11:23:36.548-05:00 DEBUG 32836 --- [uberApp] [           main] o.s.b.f.s.DefaultListableBeanFactory     : Creating shared instance of singleton bean 'offsetResolver'
2024-09-19T11:23:36.550-05:00 DEBUG 32836 --- [uberApp] [           main] o.s.b.f.s.DefaultListableBeanFactory     : Creating shared instance of singleton bean 'org.springframework.boot.autoconfigure.info.ProjectInfoAutoConfiguration'
2024-09-19T11:23:36.551-05:00 DEBUG 32836 --- [uberApp] [           main] o.s.b.f.s.DefaultListableBeanFactory     : Creating shared instance of singleton bean 'spring.info-org.springframework.boot.autoconfigure.info.ProjectInfoProperties'
2024-09-19T11:23:36.552-05:00 DEBUG 32836 --- [uberApp] [           main] o.s.b.f.s.DefaultListableBeanFactory     : Autowiring by type from bean name 'org.springframework.boot.autoconfigure.info.ProjectInfoAutoConfiguration' via constructor to bean named 'spring.info-org.springframework.boot.autoconfigure.info.ProjectInfoProperties'
2024-09-19T11:23:36.552-05:00 DEBUG 32836 --- [uberApp] [           main] o.s.b.f.s.DefaultListableBeanFactory     : Creating shared instance of singleton bean 'org.springframework.boot.autoconfigure.jdbc.JdbcTemplateConfiguration'
2024-09-19T11:23:36.552-05:00 DEBUG 32836 --- [uberApp] [           main] o.s.b.f.s.DefaultListableBeanFactory     : Creating shared instance of singleton bean 'dataSourceScriptDatabaseInitializer'
2024-09-19T11:23:36.553-05:00 DEBUG 32836 --- [uberApp] [           main] o.s.b.f.s.DefaultListableBeanFactory     : Creating shared instance of singleton bean 'org.springframework.boot.autoconfigure.sql.init.DataSourceInitializationConfiguration'
2024-09-19T11:23:36.553-05:00 DEBUG 32836 --- [uberApp] [           main] o.s.b.f.s.DefaultListableBeanFactory     : Creating shared instance of singleton bean 'spring.sql.init-org.springframework.boot.autoconfigure.sql.init.SqlInitializationProperties'
2024-09-19T11:23:36.559-05:00 DEBUG 32836 --- [uberApp] [           main] o.s.b.f.s.DefaultListableBeanFactory     : Autowiring by type from bean name 'dataSourceScriptDatabaseInitializer' via factory method to bean named 'dataSource'
2024-09-19T11:23:36.559-05:00 DEBUG 32836 --- [uberApp] [           main] o.s.b.f.s.DefaultListableBeanFactory     : Autowiring by type from bean name 'dataSourceScriptDatabaseInitializer' via factory method to bean named 'spring.sql.init-org.springframework.boot.autoconfigure.sql.init.SqlInitializationProperties'
2024-09-19T11:23:36.564-05:00 DEBUG 32836 --- [uberApp] [           main] o.s.jdbc.datasource.DataSourceUtils      : Fetching JDBC Connection from DataSource
2024-09-19T11:23:36.565-05:00 DEBUG 32836 --- [uberApp] [           main] o.s.jdbc.datasource.init.ScriptUtils     : Executing SQL script from class path resource [data.sql]
2024-09-19T11:23:36.569-05:00 DEBUG 32836 --- [uberApp] [           main] o.s.jdbc.datasource.init.ScriptUtils     : 40 returned as update count for SQL: INSERT INTO app_user (name, email, password) VALUES ('Aarav Sharma', 'aarav@gmail.com', 'Password'), ('Vivaan Khanna', 'vivaan.khanna@example.com', '$2a$10$examplePasswordHash2'), ('Aditya Verma', 'aditya.verma@example.com', '$2a$10$examplePasswordHash3'), ('Vihaan Kapoor', 'vihaan.kapoor@example.com', '$2a$10$examplePasswordHash4'), ('Arjun Patel', 'arjun.patel@example.com', '$2a$10$examplePasswordHash5'), ('Sai Reddy', 'sai.reddy@example.com', '$2a$10$examplePasswordHash6'), ('Ananya Nair', 'ananya.nair@example.com', '$2a$10$examplePasswordHash7'), ('Ishaan Thakur', 'ishaan.thakur@example.com', '$2a$10$examplePasswordHash8'), ('Aryan Rao', 'aryan.rao@example.com', '$2a$10$examplePasswordHash9'), ('Diya Singh', 'diya.singh@example.com', '$2a$10$examplePasswordHash10'), ('Kabir Joshi', 'kabir.joshi@example.com', '$2a$10$examplePasswordHash11'), ('Krishna Iyer', 'krishna.iyer@example.com', '$2a$10$examplePasswordHash12'), ('Reyansh Pandey', 'reyansh.pandey@example.com', '$2a$10$examplePasswordHash13'), ('Ayaan Mehta', 'ayaan.mehta@example.com', '$2a$10$examplePasswordHash14'), ('Anaya Mishra', 'anaya.mishra@example.com', '$2a$10$examplePasswordHash15'), ('Navya Kulkarni', 'navya.kulkarni@example.com', '$2a$10$examplePasswordHash16'), ('Naira Desai', 'naira.desai@example.com', '$2a$10$examplePasswordHash17'), ('Dhruv Saxena', 'dhruv.saxena@example.com', '$2a$10$examplePasswordHash18'), ('Sara Bajaj', 'sara.bajaj@example.com', '$2a$10$examplePasswordHash19'), ('Arnav Malhotra', 'arnav.malhotra@example.com', '$2a$10$examplePasswordHash20'), ('Rahul Kumar', 'rahul.kumar@example.com', '$2a$10$examplePasswordHash21'), ('Rohit Gupta', 'rohit.gupta@example.com', '$2a$10$examplePasswordHash22'), ('Pooja Sharma', 'pooja.sharma@example.com', '$2a$10$examplePasswordHash23'), ('Karan Singh', 'karan.singh@example.com', '$2a$10$examplePasswordHash24'), ('Sonia Mehta', 'sonia.mehta@example.com', '$2a$10$examplePasswordHash25'), ('Anil Kapoor', 'anil.kapoor@example.com', '$2a$10$examplePasswordHash26'), ('Deepak Verma', 'deepak.verma@example.com', '$2a$10$examplePasswordHash27'), ('Sneha Jain', 'sneha.jain@example.com', '$2a$10$examplePasswordHash28'), ('Ajay Mishra', 'ajay.mishra@example.com', '$2a$10$examplePasswordHash29'), ('Nisha Reddy', 'nisha.reddy@example.com', '$2a$10$examplePasswordHash30'), ('Vikas Joshi', 'vikas.joshi@example.com', '$2a$10$examplePasswordHash31'), ('Meena Desai', 'meena.desai@example.com', '$2a$10$examplePasswordHash32'), ('Rajesh Iyer', 'rajesh.iyer@example.com', '$2a$10$examplePasswordHash33'), ('Suresh Nair', 'suresh.nair@example.com', '$2a$10$examplePasswordHash34'), ('Kavita Singh', 'kavita.singh@example.com', '$2a$10$examplePasswordHash35'), ('Ankur Saxena', 'ankur.saxena@example.com', '$2a$10$examplePasswordHash36'), ('Geeta Bajaj', 'geeta.bajaj@example.com', '$2a$10$examplePasswordHash37'), ('Ramesh Malhotra', 'ramesh.malhotra@example.com', '$2a$10$examplePasswordHash38'), ('Seema Rao', 'seema.rao@example.com', '$2a$10$examplePasswordHash39'), ('Tarun Sharma', 'tarun.sharma@example.com', '$2a$10$examplePasswordHash40')
2024-09-19T11:23:36.572-05:00 DEBUG 32836 --- [uberApp] [           main] o.s.jdbc.datasource.init.ScriptUtils     : 79 returned as update count for SQL: INSERT INTO user_roles (user_id, roles) VALUES (1, 'RIDER'), (2, 'RIDER'), (2, 'DRIVER'), (3, 'RIDER'), (3, 'DRIVER'), (4, 'RIDER'), (4, 'DRIVER'), (5, 'RIDER'), (5, 'DRIVER'), (6, 'RIDER'), (6, 'DRIVER'), (7, 'RIDER'), (7, 'DRIVER'), (8, 'RIDER'), (8, 'DRIVER'), (9, 'RIDER'), (9, 'DRIVER'), (10, 'RIDER'), (10, 'DRIVER'), (11, 'RIDER'), (11, 'DRIVER'), (12, 'RIDER'), (12, 'DRIVER'), (13, 'RIDER'), (13, 'DRIVER'), (14, 'RIDER'), (14, 'DRIVER'), (15, 'RIDER'), (15, 'DRIVER'), (16, 'RIDER'), (16, 'DRIVER'), (17, 'RIDER'), (17, 'DRIVER'), (18, 'RIDER'), (18, 'DRIVER'), (19, 'RIDER'), (19, 'DRIVER'), (20, 'RIDER'), (20, 'DRIVER'), (21, 'RIDER'), (21, 'DRIVER'), (22, 'RIDER'), (22, 'DRIVER'), (23, 'RIDER'), (23, 'DRIVER'), (24, 'RIDER'), (24, 'DRIVER'), (25, 'RIDER'), (25, 'DRIVER'), (26, 'RIDER'), (26, 'DRIVER'), (27, 'RIDER'), (27, 'DRIVER'), (28, 'RIDER'), (28, 'DRIVER'), (29, 'RIDER'), (29, 'DRIVER'), (30, 'RIDER'), (30, 'DRIVER'), (31, 'RIDER'), (31, 'DRIVER'), (32, 'RIDER'), (32, 'DRIVER'), (33, 'RIDER'), (33, 'DRIVER'), (34, 'RIDER'), (34, 'DRIVER'), (35, 'RIDER'), (35, 'DRIVER'), (36, 'RIDER'), (36, 'DRIVER'), (37, 'RIDER'), (37, 'DRIVER'), (38, 'RIDER'), (38, 'DRIVER'), (39, 'RIDER'), (39, 'DRIVER'), (40, 'RIDER'), (40, 'DRIVER')
2024-09-19T11:23:36.573-05:00 DEBUG 32836 --- [uberApp] [           main] o.s.jdbc.datasource.init.ScriptUtils     : 1 returned as update count for SQL: INSERT INTO rider (id, user_id, rating) VALUES (1, 1, 4.9)
2024-09-19T11:23:36.575-05:00 DEBUG 32836 --- [uberApp] [           main] o.s.jdbc.datasource.init.ScriptUtils     : 39 returned as update count for SQL: INSERT INTO driver (id, user_id, rating, available, current_location) VALUES (2, 2, 4.7, true, ST_GeomFromText('POINT(77.1025 28.7041)', 4326)), (3, 3, 4.8, true, ST_GeomFromText('POINT(77.2167 28.6667)', 4326)), (4, 4, 4.6, true, ST_GeomFromText('POINT(77.2273 28.6353)', 4326)), (5, 5, 4.9, true, ST_GeomFromText('POINT(77.2500 28.5500)', 4326)), (6, 6, 4.3, true, ST_GeomFromText('POINT(77.2000 28.6200)', 4326)), (7, 7, 4.4, true, ST_GeomFromText('POINT(77.2800 28.5900)', 4326)), (8, 8, 4.5, true, ST_GeomFromText('POINT(77.2600 28.6800)', 4326)), (9, 9, 4.6, true, ST_GeomFromText('POINT(77.2200 28.6400)', 4326)), (10, 10, 4.7, true, ST_GeomFromText('POINT(77.2700 28.6700)', 4326)), (11, 11, 4.8, true, ST_GeomFromText('POINT(77.2400 28.6100)', 4326)), (12, 12, 4.2, true, ST_GeomFromText('POINT(77.2300 28.6600)', 4326)), (13, 13, 4.1, true, ST_GeomFromText('POINT(77.1900 28.6000)', 4326)), (14, 14, 4.0, true, ST_GeomFromText('POINT(77.1800 28.6300)', 4326)), (15, 15, 4.5, true, ST_GeomFromText('POINT(77.1500 28.6500)', 4326)), (16, 16, 4.3, true, ST_GeomFromText('POINT(77.1200 28.6700)', 4326)), (17, 17, 4.6, true, ST_GeomFromText('POINT(77.1700 28.6800)', 4326)), (18, 18, 4.4, true, ST_GeomFromText('POINT(77.1400 28.6900)', 4326)), (19, 19, 4.7, true, ST_GeomFromText('POINT(77.1300 28.7000)', 4326)), (20, 20, 4.8, true, ST_GeomFromText('POINT(77.1100 28.7100)', 4326)), (21, 21, 4.5, true, ST_GeomFromText('POINT(77.2295 28.6129)', 4326)), (22, 22, 4.7, true, ST_GeomFromText('POINT(77.2285 28.6159)', 4326)), (23, 23, 4.8, true, ST_GeomFromText('POINT(77.2315 28.6119)', 4326)), (24, 24, 4.6, true, ST_GeomFromText('POINT(77.2325 28.6169)', 4326)), (25, 25, 4.9, true, ST_GeomFromText('POINT(77.2345 28.6179)', 4326)), (26, 26, 4.3, true, ST_GeomFromText('POINT(77.2355 28.6199)', 4326)), (27, 27, 4.4, true, ST_GeomFromText('POINT(77.2365 28.6219)', 4326)), (28, 28, 4.5, true, ST_GeomFromText('POINT(77.2375 28.6239)', 4326)), (29, 29, 4.6, true, ST_GeomFromText('POINT(77.2385 28.6259)', 4326)), (30, 30, 4.7, true, ST_GeomFromText('POINT(77.2395 28.6279)', 4326)), (31, 31, 4.8, true, ST_GeomFromText('POINT(77.2405 28.6299)', 4326)), (32, 32, 4.2, true, ST_GeomFromText('POINT(77.2415 28.6319)', 4326)), (33, 33, 4.1, true, ST_GeomFromText('POINT(77.2425 28.6339)', 4326)), (34, 34, 4.0, true, ST_GeomFromText('POINT(77.2435 28.6359)', 4326)), (35, 35, 4.5, true, ST_GeomFromText('POINT(77.2445 28.6379)', 4326)), (36, 36, 4.3, true, ST_GeomFromText('POINT(77.2455 28.6399)', 4326)), (37, 37, 4.6, true, ST_GeomFromText('POINT(77.2465 28.6419)', 4326)), (38, 38, 4.4, true, ST_GeomFromText('POINT(77.2475 28.6439)', 4326)), (39, 39, 4.7, true, ST_GeomFromText('POINT(77.2485 28.6459)', 4326)), (40, 40, 4.8, true, ST_GeomFromText('POINT(77.2495 28.6479)', 4326))
2024-09-19T11:23:36.576-05:00 DEBUG 32836 --- [uberApp] [           main] o.s.jdbc.datasource.init.ScriptUtils     : Executed SQL script from class path resource [data.sql] in 10 ms.
2024-09-19T11:23:36.577-05:00 DEBUG 32836 --- [uberApp] [           main] o.s.b.f.s.DefaultListableBeanFactory     : Creating shared instance of singleton bean 'jdbcTemplate'
2024-09-19T11:23:36.578-05:00 DEBUG 32836 --- [uberApp] [           main] o.s.b.f.s.DefaultListableBeanFactory     : Creating shared instance of singleton bean 'spring.jdbc-org.springframework.boot.autoconfigure.jdbc.JdbcProperties'
2024-09-19T11:23:36.579-05:00 DEBUG 32836 --- [uberApp] [           main] o.s.b.f.s.DefaultListableBeanFactory     : Autowiring by type from bean name 'jdbcTemplate' via factory method to bean named 'dataSource'
2024-09-19T11:23:36.579-05:00 DEBUG 32836 --- [uberApp] [           main] o.s.b.f.s.DefaultListableBeanFactory     : Autowiring by type from bean name 'jdbcTemplate' via factory method to bean named 'spring.jdbc-org.springframework.boot.autoconfigure.jdbc.JdbcProperties'
2024-09-19T11:23:36.586-05:00 DEBUG 32836 --- [uberApp] [           main] o.s.b.f.s.DefaultListableBeanFactory     : Creating shared instance of singleton bean 'org.springframework.boot.autoconfigure.jdbc.NamedParameterJdbcTemplateConfiguration'
2024-09-19T11:23:36.587-05:00 DEBUG 32836 --- [uberApp] [           main] o.s.b.f.s.DefaultListableBeanFactory     : Creating shared instance of singleton bean 'namedParameterJdbcTemplate'
2024-09-19T11:23:36.587-05:00 DEBUG 32836 --- [uberApp] [           main] o.s.b.f.s.DefaultListableBeanFactory     : Autowiring by type from bean name 'namedParameterJdbcTemplate' via factory method to bean named 'jdbcTemplate'
2024-09-19T11:23:36.606-05:00 DEBUG 32836 --- [uberApp] [           main] o.s.b.f.s.DefaultListableBeanFactory     : Creating shared instance of singleton bean 'org.springframework.boot.autoconfigure.jdbc.JdbcTemplateAutoConfiguration'
2024-09-19T11:23:36.607-05:00 DEBUG 32836 --- [uberApp] [           main] o.s.b.f.s.DefaultListableBeanFactory     : Creating shared instance of singleton bean 'org.springframework.boot.autoconfigure.jdbc.JdbcClientAutoConfiguration'
2024-09-19T11:23:36.607-05:00 DEBUG 32836 --- [uberApp] [           main] o.s.b.f.s.DefaultListableBeanFactory     : Creating shared instance of singleton bean 'jdbcClient'
2024-09-19T11:23:36.607-05:00 DEBUG 32836 --- [uberApp] [           main] o.s.b.f.s.DefaultListableBeanFactory     : Autowiring by type from bean name 'jdbcClient' via factory method to bean named 'namedParameterJdbcTemplate'
2024-09-19T11:23:36.609-05:00 DEBUG 32836 --- [uberApp] [           main] o.s.b.f.s.DefaultListableBeanFactory     : Creating shared instance of singleton bean 'org.springframework.boot.autoconfigure.sql.init.SqlInitializationAutoConfiguration'
2024-09-19T11:23:36.609-05:00 DEBUG 32836 --- [uberApp] [           main] o.s.b.f.s.DefaultListableBeanFactory     : Creating shared instance of singleton bean 'org.springframework.boot.autoconfigure.task.TaskSchedulingConfigurations$ThreadPoolTaskSchedulerBuilderConfiguration'
2024-09-19T11:23:36.610-05:00 DEBUG 32836 --- [uberApp] [           main] o.s.b.f.s.DefaultListableBeanFactory     : Creating shared instance of singleton bean 'threadPoolTaskSchedulerBuilder'
2024-09-19T11:23:36.610-05:00 DEBUG 32836 --- [uberApp] [           main] o.s.b.f.s.DefaultListableBeanFactory     : Creating shared instance of singleton bean 'spring.task.scheduling-org.springframework.boot.autoconfigure.task.TaskSchedulingProperties'
2024-09-19T11:23:36.611-05:00 DEBUG 32836 --- [uberApp] [           main] o.s.b.f.s.DefaultListableBeanFactory     : Autowiring by type from bean name 'threadPoolTaskSchedulerBuilder' via factory method to bean named 'spring.task.scheduling-org.springframework.boot.autoconfigure.task.TaskSchedulingProperties'
2024-09-19T11:23:36.613-05:00 DEBUG 32836 --- [uberApp] [           main] o.s.b.f.s.DefaultListableBeanFactory     : Creating shared instance of singleton bean 'org.springframework.boot.autoconfigure.task.TaskSchedulingConfigurations$TaskSchedulerBuilderConfiguration'
2024-09-19T11:23:36.614-05:00 DEBUG 32836 --- [uberApp] [           main] o.s.b.f.s.DefaultListableBeanFactory     : Creating shared instance of singleton bean 'taskSchedulerBuilder'
2024-09-19T11:23:36.614-05:00 DEBUG 32836 --- [uberApp] [           main] o.s.b.f.s.DefaultListableBeanFactory     : Autowiring by type from bean name 'taskSchedulerBuilder' via factory method to bean named 'spring.task.scheduling-org.springframework.boot.autoconfigure.task.TaskSchedulingProperties'
2024-09-19T11:23:36.615-05:00 DEBUG 32836 --- [uberApp] [           main] o.s.b.f.s.DefaultListableBeanFactory     : Creating shared instance of singleton bean 'org.springframework.boot.autoconfigure.task.TaskSchedulingConfigurations$SimpleAsyncTaskSchedulerBuilderConfiguration'
2024-09-19T11:23:36.615-05:00 DEBUG 32836 --- [uberApp] [           main] o.s.b.f.s.DefaultListableBeanFactory     : Autowiring by type from bean name 'org.springframework.boot.autoconfigure.task.TaskSchedulingConfigurations$SimpleAsyncTaskSchedulerBuilderConfiguration' via constructor to bean named 'spring.task.scheduling-org.springframework.boot.autoconfigure.task.TaskSchedulingProperties'
2024-09-19T11:23:36.616-05:00 DEBUG 32836 --- [uberApp] [           main] o.s.b.f.s.DefaultListableBeanFactory     : Creating shared instance of singleton bean 'simpleAsyncTaskSchedulerBuilder'
2024-09-19T11:23:36.618-05:00 DEBUG 32836 --- [uberApp] [           main] o.s.b.f.s.DefaultListableBeanFactory     : Creating shared instance of singleton bean 'org.springframework.boot.autoconfigure.task.TaskSchedulingAutoConfiguration'
2024-09-19T11:23:36.618-05:00 DEBUG 32836 --- [uberApp] [           main] o.s.b.f.s.DefaultListableBeanFactory     : Creating shared instance of singleton bean 'org.springframework.boot.autoconfigure.jdbc.DataSourceTransactionManagerAutoConfiguration$JdbcTransactionManagerConfiguration'
2024-09-19T11:23:36.619-05:00 DEBUG 32836 --- [uberApp] [           main] o.s.b.f.s.DefaultListableBeanFactory     : Creating shared instance of singleton bean 'org.springframework.boot.autoconfigure.jdbc.DataSourceTransactionManagerAutoConfiguration'
2024-09-19T11:23:36.619-05:00 DEBUG 32836 --- [uberApp] [           main] o.s.b.f.s.DefaultListableBeanFactory     : Creating shared instance of singleton bean 'org.springframework.boot.autoconfigure.transaction.TransactionAutoConfiguration$EnableTransactionManagementConfiguration$CglibAutoProxyConfiguration'
2024-09-19T11:23:36.619-05:00 DEBUG 32836 --- [uberApp] [           main] o.s.b.f.s.DefaultListableBeanFactory     : Creating shared instance of singleton bean 'org.springframework.boot.autoconfigure.transaction.TransactionAutoConfiguration$EnableTransactionManagementConfiguration'
2024-09-19T11:23:36.619-05:00 DEBUG 32836 --- [uberApp] [           main] o.s.b.f.s.DefaultListableBeanFactory     : Creating shared instance of singleton bean 'org.springframework.boot.autoconfigure.transaction.TransactionAutoConfiguration$TransactionTemplateConfiguration'
2024-09-19T11:23:36.620-05:00 DEBUG 32836 --- [uberApp] [           main] o.s.b.f.s.DefaultListableBeanFactory     : Creating shared instance of singleton bean 'transactionTemplate'
2024-09-19T11:23:36.620-05:00 DEBUG 32836 --- [uberApp] [           main] o.s.b.f.s.DefaultListableBeanFactory     : Autowiring by type from bean name 'transactionTemplate' via factory method to bean named 'transactionManager'
2024-09-19T11:23:36.622-05:00 DEBUG 32836 --- [uberApp] [           main] o.s.b.f.s.DefaultListableBeanFactory     : Creating shared instance of singleton bean 'org.springframework.boot.autoconfigure.transaction.TransactionAutoConfiguration'
2024-09-19T11:23:36.623-05:00 DEBUG 32836 --- [uberApp] [           main] o.s.b.f.s.DefaultListableBeanFactory     : Creating shared instance of singleton bean 'org.springframework.boot.autoconfigure.web.client.RestClientAutoConfiguration'
2024-09-19T11:23:36.623-05:00 DEBUG 32836 --- [uberApp] [           main] o.s.b.f.s.DefaultListableBeanFactory     : Creating shared instance of singleton bean 'httpMessageConvertersRestClientCustomizer'
2024-09-19T11:23:36.624-05:00 DEBUG 32836 --- [uberApp] [           main] o.s.b.f.s.DefaultListableBeanFactory     : Creating shared instance of singleton bean 'restClientSsl'
2024-09-19T11:23:36.624-05:00 DEBUG 32836 --- [uberApp] [           main] o.s.b.f.s.DefaultListableBeanFactory     : Autowiring by type from bean name 'restClientSsl' via factory method to bean named 'sslBundleRegistry'
2024-09-19T11:23:36.624-05:00 DEBUG 32836 --- [uberApp] [           main] o.s.b.f.s.DefaultListableBeanFactory     : Creating shared instance of singleton bean 'restClientBuilderConfigurer'
2024-09-19T11:23:36.625-05:00 DEBUG 32836 --- [uberApp] [           main] o.s.b.f.s.DefaultListableBeanFactory     : Creating shared instance of singleton bean 'org.springframework.boot.autoconfigure.web.client.RestTemplateAutoConfiguration'
2024-09-19T11:23:36.625-05:00 DEBUG 32836 --- [uberApp] [           main] o.s.b.f.s.DefaultListableBeanFactory     : Creating shared instance of singleton bean 'characterEncodingFilter'
2024-09-19T11:23:36.626-05:00 DEBUG 32836 --- [uberApp] [           main] o.s.b.f.s.DefaultListableBeanFactory     : Creating shared instance of singleton bean 'multipartResolver'
2024-09-19T11:23:36.637-05:00 DEBUG 32836 --- [uberApp] [           main] o.s.c.support.DefaultLifecycleProcessor  : Starting beans in phase -2147483647
2024-09-19T11:23:36.637-05:00 DEBUG 32836 --- [uberApp] [           main] o.s.c.support.DefaultLifecycleProcessor  : Successfully started bean 'springBootLoggingLifecycle'
2024-09-19T11:23:36.637-05:00 DEBUG 32836 --- [uberApp] [           main] o.s.c.support.DefaultLifecycleProcessor  : Starting beans in phase 2147483647
2024-09-19T11:23:36.654-05:00 DEBUG 32836 --- [uberApp] [           main] .s.b.a.l.ConditionEvaluationReportLogger : 


============================
CONDITIONS EVALUATION REPORT
============================


Positive matches:
-----------------

   AopAutoConfiguration matched:
      - @ConditionalOnProperty (spring.aop.auto=true) matched (OnPropertyCondition)

   AopAutoConfiguration.AspectJAutoProxyingConfiguration matched:
      - @ConditionalOnClass found required class 'org.aspectj.weaver.Advice' (OnClassCondition)

   AopAutoConfiguration.AspectJAutoProxyingConfiguration.CglibAutoProxyConfiguration matched:
      - @ConditionalOnProperty (spring.aop.proxy-target-class=true) matched (OnPropertyCondition)

   ApplicationAvailabilityAutoConfiguration#applicationAvailability matched:
      - @ConditionalOnMissingBean (types: org.springframework.boot.availability.ApplicationAvailability; SearchStrategy: all) did not find any beans (OnBeanCondition)

   DataSourceAutoConfiguration matched:
      - @ConditionalOnClass found required classes 'javax.sql.DataSource', 'org.springframework.jdbc.datasource.embedded.EmbeddedDatabaseType' (OnClassCondition)
      - @ConditionalOnMissingBean (types: io.r2dbc.spi.ConnectionFactory; SearchStrategy: all) did not find any beans (OnBeanCondition)

   DataSourceAutoConfiguration.PooledDataSourceConfiguration matched:
      - AnyNestedCondition 1 matched 1 did not; NestedCondition on DataSourceAutoConfiguration.PooledDataSourceCondition.PooledDataSourceAvailable PooledDataSource found supported DataSource; NestedCondition on DataSourceAutoConfiguration.PooledDataSourceCondition.ExplicitType @ConditionalOnProperty (spring.datasource.type) did not find property 'type' (DataSourceAutoConfiguration.PooledDataSourceCondition)
      - @ConditionalOnMissingBean (types: javax.sql.DataSource,javax.sql.XADataSource; SearchStrategy: all) did not find any beans (OnBeanCondition)

   DataSourceAutoConfiguration.PooledDataSourceConfiguration#jdbcConnectionDetails matched:
      - @ConditionalOnMissingBean (types: org.springframework.boot.autoconfigure.jdbc.JdbcConnectionDetails; SearchStrategy: all) did not find any beans (OnBeanCondition)

   DataSourceConfiguration.Hikari matched:
      - @ConditionalOnClass found required class 'com.zaxxer.hikari.HikariDataSource' (OnClassCondition)
      - @ConditionalOnProperty (spring.datasource.type=com.zaxxer.hikari.HikariDataSource) matched (OnPropertyCondition)
      - @ConditionalOnMissingBean (types: javax.sql.DataSource; SearchStrategy: all) did not find any beans (OnBeanCondition)

   DataSourceInitializationConfiguration matched:
      - @ConditionalOnClass found required class 'org.springframework.jdbc.datasource.init.DatabasePopulator' (OnClassCondition)
      - @ConditionalOnSingleCandidate (types: javax.sql.DataSource; SearchStrategy: all) found a single bean 'dataSource'; @ConditionalOnMissingBean (types: org.springframework.boot.autoconfigure.sql.init.SqlDataSourceScriptDatabaseInitializer,org.springframework.boot.autoconfigure.sql.init.SqlR2dbcScriptDatabaseInitializer; SearchStrategy: all) did not find any beans (OnBeanCondition)

   DataSourcePoolMetadataProvidersConfiguration.HikariPoolDataSourceMetadataProviderConfiguration matched:
      - @ConditionalOnClass found required class 'com.zaxxer.hikari.HikariDataSource' (OnClassCondition)

   DataSourceTransactionManagerAutoConfiguration matched:
      - @ConditionalOnClass found required classes 'javax.sql.DataSource', 'org.springframework.jdbc.core.JdbcTemplate', 'org.springframework.transaction.TransactionManager' (OnClassCondition)

   DataSourceTransactionManagerAutoConfiguration.JdbcTransactionManagerConfiguration matched:
      - @ConditionalOnSingleCandidate (types: javax.sql.DataSource; SearchStrategy: all) found a single bean 'dataSource' (OnBeanCondition)

   DispatcherServletAutoConfiguration matched:
      - @ConditionalOnClass found required class 'org.springframework.web.servlet.DispatcherServlet' (OnClassCondition)
      - found 'session' scope (OnWebApplicationCondition)

   DispatcherServletAutoConfiguration.DispatcherServletConfiguration matched:
      - @ConditionalOnClass found required class 'jakarta.servlet.ServletRegistration' (OnClassCondition)
      - Default DispatcherServlet did not find dispatcher servlet beans (DispatcherServletAutoConfiguration.DefaultDispatcherServletCondition)

   DispatcherServletAutoConfiguration.DispatcherServletRegistrationConfiguration matched:
      - @ConditionalOnClass found required class 'jakarta.servlet.ServletRegistration' (OnClassCondition)
      - DispatcherServlet Registration did not find servlet registration bean (DispatcherServletAutoConfiguration.DispatcherServletRegistrationCondition)

   DispatcherServletAutoConfiguration.DispatcherServletRegistrationConfiguration#dispatcherServletRegistration matched:
      - @ConditionalOnBean (names: dispatcherServlet types: org.springframework.web.servlet.DispatcherServlet; SearchStrategy: all) found bean 'dispatcherServlet' (OnBeanCondition)

   ErrorMvcAutoConfiguration matched:
      - @ConditionalOnClass found required classes 'jakarta.servlet.Servlet', 'org.springframework.web.servlet.DispatcherServlet' (OnClassCondition)
      - found 'session' scope (OnWebApplicationCondition)

   ErrorMvcAutoConfiguration#basicErrorController matched:
      - @ConditionalOnMissingBean (types: org.springframework.boot.web.servlet.error.ErrorController; SearchStrategy: current) did not find any beans (OnBeanCondition)

   ErrorMvcAutoConfiguration#errorAttributes matched:
      - @ConditionalOnMissingBean (types: org.springframework.boot.web.servlet.error.ErrorAttributes; SearchStrategy: current) did not find any beans (OnBeanCondition)

   ErrorMvcAutoConfiguration.DefaultErrorViewResolverConfiguration#conventionErrorViewResolver matched:
      - @ConditionalOnBean (types: org.springframework.web.servlet.DispatcherServlet; SearchStrategy: all) found bean 'dispatcherServlet'; @ConditionalOnMissingBean (types: org.springframework.boot.autoconfigure.web.servlet.error.ErrorViewResolver; SearchStrategy: all) did not find any beans (OnBeanCondition)

   ErrorMvcAutoConfiguration.WhitelabelErrorViewConfiguration matched:
      - @ConditionalOnProperty (server.error.whitelabel.enabled) matched (OnPropertyCondition)
      - ErrorTemplate Missing did not find error template view (ErrorMvcAutoConfiguration.ErrorTemplateMissingCondition)

   ErrorMvcAutoConfiguration.WhitelabelErrorViewConfiguration#beanNameViewResolver matched:
      - @ConditionalOnMissingBean (types: org.springframework.web.servlet.view.BeanNameViewResolver; SearchStrategy: all) did not find any beans (OnBeanCondition)

   ErrorMvcAutoConfiguration.WhitelabelErrorViewConfiguration#defaultErrorView matched:
      - @ConditionalOnMissingBean (names: error; SearchStrategy: all) did not find any beans (OnBeanCondition)

   GenericCacheConfiguration matched:
      - Cache org.springframework.boot.autoconfigure.cache.GenericCacheConfiguration automatic cache type (CacheCondition)

   HibernateJpaAutoConfiguration matched:
      - @ConditionalOnClass found required classes 'org.springframework.orm.jpa.LocalContainerEntityManagerFactoryBean', 'jakarta.persistence.EntityManager', 'org.hibernate.engine.spi.SessionImplementor' (OnClassCondition)

   HibernateJpaConfiguration matched:
      - @ConditionalOnSingleCandidate (types: javax.sql.DataSource; SearchStrategy: all) found a single bean 'dataSource' (OnBeanCondition)

   HttpEncodingAutoConfiguration matched:
      - @ConditionalOnClass found required class 'org.springframework.web.filter.CharacterEncodingFilter' (OnClassCondition)
      - found 'session' scope (OnWebApplicationCondition)
      - @ConditionalOnProperty (server.servlet.encoding.enabled) matched (OnPropertyCondition)

   HttpEncodingAutoConfiguration#characterEncodingFilter matched:
      - @ConditionalOnMissingBean (types: org.springframework.web.filter.CharacterEncodingFilter; SearchStrategy: all) did not find any beans (OnBeanCondition)

   HttpMessageConvertersAutoConfiguration matched:
      - @ConditionalOnClass found required class 'org.springframework.http.converter.HttpMessageConverter' (OnClassCondition)
      - NoneNestedConditions 0 matched 1 did not; NestedCondition on HttpMessageConvertersAutoConfiguration.NotReactiveWebApplicationCondition.ReactiveWebApplication did not find reactive web application classes (HttpMessageConvertersAutoConfiguration.NotReactiveWebApplicationCondition)

   HttpMessageConvertersAutoConfiguration#messageConverters matched:
      - @ConditionalOnMissingBean (types: org.springframework.boot.autoconfigure.http.HttpMessageConverters; SearchStrategy: all) did not find any beans (OnBeanCondition)

   HttpMessageConvertersAutoConfiguration.StringHttpMessageConverterConfiguration matched:
      - @ConditionalOnClass found required class 'org.springframework.http.converter.StringHttpMessageConverter' (OnClassCondition)

   HttpMessageConvertersAutoConfiguration.StringHttpMessageConverterConfiguration#stringHttpMessageConverter matched:
      - @ConditionalOnMissingBean (types: org.springframework.http.converter.StringHttpMessageConverter; SearchStrategy: all) did not find any beans (OnBeanCondition)

   JacksonAutoConfiguration matched:
      - @ConditionalOnClass found required class 'com.fasterxml.jackson.databind.ObjectMapper' (OnClassCondition)

   JacksonAutoConfiguration.Jackson2ObjectMapperBuilderCustomizerConfiguration matched:
      - @ConditionalOnClass found required class 'org.springframework.http.converter.json.Jackson2ObjectMapperBuilder' (OnClassCondition)

   JacksonAutoConfiguration.JacksonObjectMapperBuilderConfiguration matched:
      - @ConditionalOnClass found required class 'org.springframework.http.converter.json.Jackson2ObjectMapperBuilder' (OnClassCondition)

   JacksonAutoConfiguration.JacksonObjectMapperBuilderConfiguration#jacksonObjectMapperBuilder matched:
      - @ConditionalOnMissingBean (types: org.springframework.http.converter.json.Jackson2ObjectMapperBuilder; SearchStrategy: all) did not find any beans (OnBeanCondition)

   JacksonAutoConfiguration.JacksonObjectMapperConfiguration matched:
      - @ConditionalOnClass found required class 'org.springframework.http.converter.json.Jackson2ObjectMapperBuilder' (OnClassCondition)

   JacksonAutoConfiguration.JacksonObjectMapperConfiguration#jacksonObjectMapper matched:
      - @ConditionalOnMissingBean (types: com.fasterxml.jackson.databind.ObjectMapper; SearchStrategy: all) did not find any beans (OnBeanCondition)

   JacksonAutoConfiguration.ParameterNamesModuleConfiguration matched:
      - @ConditionalOnClass found required class 'com.fasterxml.jackson.module.paramnames.ParameterNamesModule' (OnClassCondition)

   JacksonAutoConfiguration.ParameterNamesModuleConfiguration#parameterNamesModule matched:
      - @ConditionalOnMissingBean (types: com.fasterxml.jackson.module.paramnames.ParameterNamesModule; SearchStrategy: all) did not find any beans (OnBeanCondition)

   JacksonHttpMessageConvertersConfiguration.MappingJackson2HttpMessageConverterConfiguration matched:
      - @ConditionalOnClass found required class 'com.fasterxml.jackson.databind.ObjectMapper' (OnClassCondition)
      - @ConditionalOnProperty (spring.mvc.converters.preferred-json-mapper=jackson) matched (OnPropertyCondition)
      - @ConditionalOnBean (types: com.fasterxml.jackson.databind.ObjectMapper; SearchStrategy: all) found bean 'jacksonObjectMapper' (OnBeanCondition)

   JacksonHttpMessageConvertersConfiguration.MappingJackson2HttpMessageConverterConfiguration#mappingJackson2HttpMessageConverter matched:
      - @ConditionalOnMissingBean (types: org.springframework.http.converter.json.MappingJackson2HttpMessageConverter ignored: org.springframework.hateoas.server.mvc.TypeConstrainedMappingJackson2HttpMessageConverter,org.springframework.data.rest.webmvc.alps.AlpsJsonHttpMessageConverter; SearchStrategy: all) did not find any beans (OnBeanCondition)

   JdbcClientAutoConfiguration matched:
      - @ConditionalOnSingleCandidate (types: org.springframework.jdbc.core.namedparam.NamedParameterJdbcTemplate; SearchStrategy: all) found a single bean 'namedParameterJdbcTemplate'; @ConditionalOnMissingBean (types: org.springframework.jdbc.core.simple.JdbcClient; SearchStrategy: all) did not find any beans (OnBeanCondition)

   JdbcTemplateAutoConfiguration matched:
      - @ConditionalOnClass found required classes 'javax.sql.DataSource', 'org.springframework.jdbc.core.JdbcTemplate' (OnClassCondition)
      - @ConditionalOnSingleCandidate (types: javax.sql.DataSource; SearchStrategy: all) found a single bean 'dataSource' (OnBeanCondition)

   JdbcTemplateConfiguration matched:
      - @ConditionalOnMissingBean (types: org.springframework.jdbc.core.JdbcOperations; SearchStrategy: all) did not find any beans (OnBeanCondition)

   JpaBaseConfiguration#entityManagerFactory matched:
      - @ConditionalOnMissingBean (types: org.springframework.orm.jpa.LocalContainerEntityManagerFactoryBean,jakarta.persistence.EntityManagerFactory; SearchStrategy: all) did not find any beans (OnBeanCondition)

   JpaBaseConfiguration#entityManagerFactoryBuilder matched:
      - @ConditionalOnMissingBean (types: org.springframework.boot.orm.jpa.EntityManagerFactoryBuilder; SearchStrategy: all) did not find any beans (OnBeanCondition)

   JpaBaseConfiguration#jpaVendorAdapter matched:
      - @ConditionalOnMissingBean (types: org.springframework.orm.jpa.JpaVendorAdapter; SearchStrategy: all) did not find any beans (OnBeanCondition)

   JpaBaseConfiguration#transactionManager matched:
      - @ConditionalOnMissingBean (types: org.springframework.transaction.TransactionManager; SearchStrategy: all) did not find any beans (OnBeanCondition)

   JpaBaseConfiguration.JpaWebConfiguration matched:
      - @ConditionalOnClass found required class 'org.springframework.web.servlet.config.annotation.WebMvcConfigurer' (OnClassCondition)
      - found 'session' scope (OnWebApplicationCondition)
      - @ConditionalOnProperty (spring.jpa.open-in-view=true) matched (OnPropertyCondition)
      - @ConditionalOnMissingBean (types: org.springframework.orm.jpa.support.OpenEntityManagerInViewInterceptor,org.springframework.orm.jpa.support.OpenEntityManagerInViewFilter; SearchStrategy: all) did not find any beans (OnBeanCondition)

   JpaBaseConfiguration.PersistenceManagedTypesConfiguration matched:
      - @ConditionalOnMissingBean (types: org.springframework.orm.jpa.LocalContainerEntityManagerFactoryBean,jakarta.persistence.EntityManagerFactory; SearchStrategy: all) did not find any beans (OnBeanCondition)

   JpaBaseConfiguration.PersistenceManagedTypesConfiguration#persistenceManagedTypes matched:
      - @ConditionalOnMissingBean (types: org.springframework.orm.jpa.persistenceunit.PersistenceManagedTypes; SearchStrategy: all) did not find any beans (OnBeanCondition)

   JpaRepositoriesAutoConfiguration matched:
      - @ConditionalOnClass found required class 'org.springframework.data.jpa.repository.JpaRepository' (OnClassCondition)
      - @ConditionalOnProperty (spring.data.jpa.repositories.enabled=true) matched (OnPropertyCondition)
      - @ConditionalOnBean (types: javax.sql.DataSource; SearchStrategy: all) found bean 'dataSource'; @ConditionalOnMissingBean (types: org.springframework.data.jpa.repository.support.JpaRepositoryFactoryBean,org.springframework.data.jpa.repository.config.JpaRepositoryConfigExtension; SearchStrategy: all) did not find any beans (OnBeanCondition)

   JtaAutoConfiguration matched:
      - @ConditionalOnClass found required class 'jakarta.transaction.Transaction' (OnClassCondition)
      - @ConditionalOnProperty (spring.jta.enabled) matched (OnPropertyCondition)

   LifecycleAutoConfiguration#defaultLifecycleProcessor matched:
      - @ConditionalOnMissingBean (names: lifecycleProcessor; SearchStrategy: current) did not find any beans (OnBeanCondition)

   MultipartAutoConfiguration matched:
      - @ConditionalOnClass found required classes 'jakarta.servlet.Servlet', 'org.springframework.web.multipart.support.StandardServletMultipartResolver', 'jakarta.servlet.MultipartConfigElement' (OnClassCondition)
      - found 'session' scope (OnWebApplicationCondition)
      - @ConditionalOnProperty (spring.servlet.multipart.enabled) matched (OnPropertyCondition)

   MultipartAutoConfiguration#multipartConfigElement matched:
      - @ConditionalOnMissingBean (types: jakarta.servlet.MultipartConfigElement; SearchStrategy: all) did not find any beans (OnBeanCondition)

   MultipartAutoConfiguration#multipartResolver matched:
      - @ConditionalOnMissingBean (types: org.springframework.web.multipart.MultipartResolver; SearchStrategy: all) did not find any beans (OnBeanCondition)

   NamedParameterJdbcTemplateConfiguration matched:
      - @ConditionalOnSingleCandidate (types: org.springframework.jdbc.core.JdbcTemplate; SearchStrategy: all) found a single bean 'jdbcTemplate'; @ConditionalOnMissingBean (types: org.springframework.jdbc.core.namedparam.NamedParameterJdbcOperations; SearchStrategy: all) did not find any beans (OnBeanCondition)

   NoOpCacheConfiguration matched:
      - Cache org.springframework.boot.autoconfigure.cache.NoOpCacheConfiguration automatic cache type (CacheCondition)

   PersistenceExceptionTranslationAutoConfiguration matched:
      - @ConditionalOnClass found required class 'org.springframework.dao.annotation.PersistenceExceptionTranslationPostProcessor' (OnClassCondition)

   PersistenceExceptionTranslationAutoConfiguration#persistenceExceptionTranslationPostProcessor matched:
      - @ConditionalOnProperty (spring.dao.exceptiontranslation.enabled) matched (OnPropertyCondition)
      - @ConditionalOnMissingBean (types: org.springframework.dao.annotation.PersistenceExceptionTranslationPostProcessor; SearchStrategy: all) did not find any beans (OnBeanCondition)

   PropertyPlaceholderAutoConfiguration#propertySourcesPlaceholderConfigurer matched:
      - @ConditionalOnMissingBean (types: org.springframework.context.support.PropertySourcesPlaceholderConfigurer; SearchStrategy: current) did not find any beans (OnBeanCondition)

   RestClientAutoConfiguration matched:
      - @ConditionalOnClass found required class 'org.springframework.web.client.RestClient' (OnClassCondition)
      - NoneNestedConditions 0 matched 1 did not; NestedCondition on NotReactiveWebApplicationCondition.ReactiveWebApplication did not find reactive web application classes (NotReactiveWebApplicationCondition)

   RestClientAutoConfiguration#httpMessageConvertersRestClientCustomizer matched:
      - @ConditionalOnMissingBean (types: org.springframework.boot.autoconfigure.web.client.HttpMessageConvertersRestClientCustomizer; SearchStrategy: all) did not find any beans (OnBeanCondition)

   RestClientAutoConfiguration#restClientBuilder matched:
      - @ConditionalOnMissingBean (types: org.springframework.web.client.RestClient$Builder; SearchStrategy: all) did not find any beans (OnBeanCondition)

   RestClientAutoConfiguration#restClientBuilderConfigurer matched:
      - @ConditionalOnMissingBean (types: org.springframework.boot.autoconfigure.web.client.RestClientBuilderConfigurer; SearchStrategy: all) did not find any beans (OnBeanCondition)

   RestClientAutoConfiguration#restClientSsl matched:
      - @ConditionalOnBean (types: org.springframework.boot.ssl.SslBundles; SearchStrategy: all) found bean 'sslBundleRegistry'; @ConditionalOnMissingBean (types: org.springframework.boot.autoconfigure.web.client.RestClientSsl; SearchStrategy: all) did not find any beans (OnBeanCondition)

   RestTemplateAutoConfiguration matched:
      - @ConditionalOnClass found required class 'org.springframework.web.client.RestTemplate' (OnClassCondition)
      - NoneNestedConditions 0 matched 1 did not; NestedCondition on NotReactiveWebApplicationCondition.ReactiveWebApplication did not find reactive web application classes (NotReactiveWebApplicationCondition)

   RestTemplateAutoConfiguration#restTemplateBuilder matched:
      - @ConditionalOnMissingBean (types: org.springframework.boot.web.client.RestTemplateBuilder; SearchStrategy: all) did not find any beans (OnBeanCondition)

   ServletWebServerFactoryAutoConfiguration matched:
      - @ConditionalOnClass found required class 'jakarta.servlet.ServletRequest' (OnClassCondition)
      - found 'session' scope (OnWebApplicationCondition)

   ServletWebServerFactoryAutoConfiguration#tomcatServletWebServerFactoryCustomizer matched:
      - @ConditionalOnClass found required class 'org.apache.catalina.startup.Tomcat' (OnClassCondition)

   ServletWebServerFactoryConfiguration.EmbeddedTomcat matched:
      - @ConditionalOnClass found required classes 'jakarta.servlet.Servlet', 'org.apache.catalina.startup.Tomcat', 'org.apache.coyote.UpgradeProtocol' (OnClassCondition)
      - @ConditionalOnMissingBean (types: org.springframework.boot.web.servlet.server.ServletWebServerFactory; SearchStrategy: current) did not find any beans (OnBeanCondition)

   SimpleCacheConfiguration matched:
      - Cache org.springframework.boot.autoconfigure.cache.SimpleCacheConfiguration automatic cache type (CacheCondition)

   SpringDataWebAutoConfiguration matched:
      - @ConditionalOnClass found required classes 'org.springframework.data.web.PageableHandlerMethodArgumentResolver', 'org.springframework.web.servlet.config.annotation.WebMvcConfigurer' (OnClassCondition)
      - found 'session' scope (OnWebApplicationCondition)
      - @ConditionalOnMissingBean (types: org.springframework.data.web.PageableHandlerMethodArgumentResolver; SearchStrategy: all) did not find any beans (OnBeanCondition)

   SpringDataWebAutoConfiguration#pageableCustomizer matched:
      - @ConditionalOnMissingBean (types: org.springframework.data.web.config.PageableHandlerMethodArgumentResolverCustomizer; SearchStrategy: all) did not find any beans (OnBeanCondition)

   SpringDataWebAutoConfiguration#sortCustomizer matched:
      - @ConditionalOnMissingBean (types: org.springframework.data.web.config.SortHandlerMethodArgumentResolverCustomizer; SearchStrategy: all) did not find any beans (OnBeanCondition)

   SqlInitializationAutoConfiguration matched:
      - @ConditionalOnProperty (spring.sql.init.enabled) matched (OnPropertyCondition)
      - NoneNestedConditions 0 matched 1 did not; NestedCondition on SqlInitializationAutoConfiguration.SqlInitializationModeCondition.ModeIsNever @ConditionalOnProperty (spring.sql.init.mode=never) found different value in property 'mode' (SqlInitializationAutoConfiguration.SqlInitializationModeCondition)

   SslAutoConfiguration#sslBundleRegistry matched:
      - @ConditionalOnMissingBean (types: org.springframework.boot.ssl.SslBundleRegistry,org.springframework.boot.ssl.SslBundles; SearchStrategy: all) did not find any beans (OnBeanCondition)

   TaskExecutionAutoConfiguration matched:
      - @ConditionalOnClass found required class 'org.springframework.scheduling.concurrent.ThreadPoolTaskExecutor' (OnClassCondition)

   TaskExecutorConfigurations.SimpleAsyncTaskExecutorBuilderConfiguration#simpleAsyncTaskExecutorBuilder matched:
      - @ConditionalOnMissingBean (types: org.springframework.boot.task.SimpleAsyncTaskExecutorBuilder; SearchStrategy: all) did not find any beans (OnBeanCondition)
      - @ConditionalOnThreading found PLATFORM (OnThreadingCondition)

   TaskExecutorConfigurations.TaskExecutorBuilderConfiguration#taskExecutorBuilder matched:
      - @ConditionalOnMissingBean (types: org.springframework.boot.task.TaskExecutorBuilder; SearchStrategy: all) did not find any beans (OnBeanCondition)

   TaskExecutorConfigurations.TaskExecutorConfiguration matched:
      - @ConditionalOnMissingBean (types: java.util.concurrent.Executor; SearchStrategy: all) did not find any beans (OnBeanCondition)

   TaskExecutorConfigurations.TaskExecutorConfiguration#applicationTaskExecutor matched:
      - @ConditionalOnThreading found PLATFORM (OnThreadingCondition)

   TaskExecutorConfigurations.ThreadPoolTaskExecutorBuilderConfiguration#threadPoolTaskExecutorBuilder matched:
      - @ConditionalOnMissingBean (types: org.springframework.boot.task.TaskExecutorBuilder,org.springframework.boot.task.ThreadPoolTaskExecutorBuilder; SearchStrategy: all) did not find any beans (OnBeanCondition)

   TaskSchedulingAutoConfiguration matched:
      - @ConditionalOnClass found required class 'org.springframework.scheduling.concurrent.ThreadPoolTaskScheduler' (OnClassCondition)

   TaskSchedulingConfigurations.SimpleAsyncTaskSchedulerBuilderConfiguration#simpleAsyncTaskSchedulerBuilder matched:
      - @ConditionalOnMissingBean (types: org.springframework.boot.task.SimpleAsyncTaskSchedulerBuilder; SearchStrategy: all) did not find any beans (OnBeanCondition)
      - @ConditionalOnThreading found PLATFORM (OnThreadingCondition)

   TaskSchedulingConfigurations.TaskSchedulerBuilderConfiguration#taskSchedulerBuilder matched:
      - @ConditionalOnMissingBean (types: org.springframework.boot.task.TaskSchedulerBuilder; SearchStrategy: all) did not find any beans (OnBeanCondition)

   TaskSchedulingConfigurations.ThreadPoolTaskSchedulerBuilderConfiguration#threadPoolTaskSchedulerBuilder matched:
      - @ConditionalOnMissingBean (types: org.springframework.boot.task.TaskSchedulerBuilder,org.springframework.boot.task.ThreadPoolTaskSchedulerBuilder; SearchStrategy: all) did not find any beans (OnBeanCondition)

   TransactionAutoConfiguration matched:
      - @ConditionalOnClass found required class 'org.springframework.transaction.PlatformTransactionManager' (OnClassCondition)

   TransactionAutoConfiguration.EnableTransactionManagementConfiguration matched:
      - @ConditionalOnBean (types: org.springframework.transaction.TransactionManager; SearchStrategy: all) found bean 'transactionManager'; @ConditionalOnMissingBean (types: org.springframework.transaction.annotation.AbstractTransactionManagementConfiguration; SearchStrategy: all) did not find any beans (OnBeanCondition)

   TransactionAutoConfiguration.EnableTransactionManagementConfiguration.CglibAutoProxyConfiguration matched:
      - @ConditionalOnProperty (spring.aop.proxy-target-class=true) matched (OnPropertyCondition)

   TransactionAutoConfiguration.TransactionTemplateConfiguration matched:
      - @ConditionalOnSingleCandidate (types: org.springframework.transaction.PlatformTransactionManager; SearchStrategy: all) found a single bean 'transactionManager' (OnBeanCondition)

   TransactionAutoConfiguration.TransactionTemplateConfiguration#transactionTemplate matched:
      - @ConditionalOnMissingBean (types: org.springframework.transaction.support.TransactionOperations; SearchStrategy: all) did not find any beans (OnBeanCondition)

   TransactionManagerCustomizationAutoConfiguration matched:
      - @ConditionalOnClass found required class 'org.springframework.transaction.PlatformTransactionManager' (OnClassCondition)

   TransactionManagerCustomizationAutoConfiguration#platformTransactionManagerCustomizers matched:
      - @ConditionalOnMissingBean (types: org.springframework.boot.autoconfigure.transaction.TransactionManagerCustomizers; SearchStrategy: all) did not find any beans (OnBeanCondition)

   WebMvcAutoConfiguration matched:
      - @ConditionalOnClass found required classes 'jakarta.servlet.Servlet', 'org.springframework.web.servlet.DispatcherServlet', 'org.springframework.web.servlet.config.annotation.WebMvcConfigurer' (OnClassCondition)
      - found 'session' scope (OnWebApplicationCondition)
      - @ConditionalOnMissingBean (types: org.springframework.web.servlet.config.annotation.WebMvcConfigurationSupport; SearchStrategy: all) did not find any beans (OnBeanCondition)

   WebMvcAutoConfiguration#formContentFilter matched:
      - @ConditionalOnProperty (spring.mvc.formcontent.filter.enabled) matched (OnPropertyCondition)
      - @ConditionalOnMissingBean (types: org.springframework.web.filter.FormContentFilter; SearchStrategy: all) did not find any beans (OnBeanCondition)

   WebMvcAutoConfiguration.EnableWebMvcConfiguration#flashMapManager matched:
      - @ConditionalOnMissingBean (names: flashMapManager; SearchStrategy: all) did not find any beans (OnBeanCondition)

   WebMvcAutoConfiguration.EnableWebMvcConfiguration#localeResolver matched:
      - @ConditionalOnMissingBean (names: localeResolver; SearchStrategy: all) did not find any beans (OnBeanCondition)

   WebMvcAutoConfiguration.EnableWebMvcConfiguration#themeResolver matched:
      - @ConditionalOnMissingBean (names: themeResolver; SearchStrategy: all) did not find any beans (OnBeanCondition)

   WebMvcAutoConfiguration.WebMvcAutoConfigurationAdapter#defaultViewResolver matched:
      - @ConditionalOnMissingBean (types: org.springframework.web.servlet.view.InternalResourceViewResolver; SearchStrategy: all) did not find any beans (OnBeanCondition)

   WebMvcAutoConfiguration.WebMvcAutoConfigurationAdapter#requestContextFilter matched:
      - @ConditionalOnMissingBean (types: org.springframework.web.context.request.RequestContextListener,org.springframework.web.filter.RequestContextFilter; SearchStrategy: all) did not find any beans (OnBeanCondition)

   WebMvcAutoConfiguration.WebMvcAutoConfigurationAdapter#viewResolver matched:
      - @ConditionalOnBean (types: org.springframework.web.servlet.ViewResolver; SearchStrategy: all) found beans 'defaultViewResolver', 'beanNameViewResolver', 'mvcViewResolver'; @ConditionalOnMissingBean (names: viewResolver types: org.springframework.web.servlet.view.ContentNegotiatingViewResolver; SearchStrategy: all) did not find any beans (OnBeanCondition)

   WebSocketServletAutoConfiguration matched:
      - @ConditionalOnClass found required classes 'jakarta.servlet.Servlet', 'jakarta.websocket.server.ServerContainer' (OnClassCondition)
      - found 'session' scope (OnWebApplicationCondition)

   WebSocketServletAutoConfiguration.TomcatWebSocketConfiguration matched:
      - @ConditionalOnClass found required classes 'org.apache.catalina.startup.Tomcat', 'org.apache.tomcat.websocket.server.WsSci' (OnClassCondition)

   WebSocketServletAutoConfiguration.TomcatWebSocketConfiguration#websocketServletWebServerCustomizer matched:
      - @ConditionalOnMissingBean (names: websocketServletWebServerCustomizer; SearchStrategy: all) did not find any beans (OnBeanCondition)


Negative matches:
-----------------

   ActiveMQAutoConfiguration:
      Did not match:
         - @ConditionalOnClass did not find required class 'jakarta.jms.ConnectionFactory' (OnClassCondition)

   AopAutoConfiguration.AspectJAutoProxyingConfiguration.JdkDynamicAutoProxyConfiguration:
      Did not match:
         - @ConditionalOnProperty (spring.aop.proxy-target-class=false) did not find property 'proxy-target-class' (OnPropertyCondition)

   AopAutoConfiguration.ClassProxyingConfiguration:
      Did not match:
         - @ConditionalOnMissingClass found unwanted class 'org.aspectj.weaver.Advice' (OnClassCondition)

   ArtemisAutoConfiguration:
      Did not match:
         - @ConditionalOnClass did not find required class 'jakarta.jms.ConnectionFactory' (OnClassCondition)

   BatchAutoConfiguration:
      Did not match:
         - @ConditionalOnClass did not find required class 'org.springframework.batch.core.launch.JobLauncher' (OnClassCondition)

   Cache2kCacheConfiguration:
      Did not match:
         - @ConditionalOnClass did not find required class 'org.cache2k.Cache2kBuilder' (OnClassCondition)

   CacheAutoConfiguration:
      Did not match:
         - @ConditionalOnBean (types: org.springframework.cache.interceptor.CacheAspectSupport; SearchStrategy: all) did not find any beans of type org.springframework.cache.interceptor.CacheAspectSupport (OnBeanCondition)
      Matched:
         - @ConditionalOnClass found required class 'org.springframework.cache.CacheManager' (OnClassCondition)

   CacheAutoConfiguration.CacheManagerEntityManagerFactoryDependsOnPostProcessor:
      Did not match:
         - Ancestor org.springframework.boot.autoconfigure.cache.CacheAutoConfiguration did not match (ConditionEvaluationReport.AncestorsMatchedCondition)
      Matched:
         - @ConditionalOnClass found required class 'org.springframework.orm.jpa.LocalContainerEntityManagerFactoryBean' (OnClassCondition)

   CaffeineCacheConfiguration:
      Did not match:
         - @ConditionalOnClass did not find required class 'com.github.benmanes.caffeine.cache.Caffeine' (OnClassCondition)

   CassandraAutoConfiguration:
      Did not match:
         - @ConditionalOnClass did not find required class 'com.datastax.oss.driver.api.core.CqlSession' (OnClassCondition)

   CassandraDataAutoConfiguration:
      Did not match:
         - @ConditionalOnClass did not find required class 'com.datastax.oss.driver.api.core.CqlSession' (OnClassCondition)

   CassandraReactiveDataAutoConfiguration:
      Did not match:
         - @ConditionalOnClass did not find required class 'com.datastax.oss.driver.api.core.CqlSession' (OnClassCondition)

   CassandraReactiveRepositoriesAutoConfiguration:
      Did not match:
         - @ConditionalOnClass did not find required class 'org.springframework.data.cassandra.ReactiveSession' (OnClassCondition)

   CassandraRepositoriesAutoConfiguration:
      Did not match:
         - @ConditionalOnClass did not find required class 'com.datastax.oss.driver.api.core.CqlSession' (OnClassCondition)

   ClientHttpConnectorAutoConfiguration:
      Did not match:
         - @ConditionalOnClass did not find required class 'org.springframework.web.reactive.function.client.WebClient' (OnClassCondition)

   CodecsAutoConfiguration:
      Did not match:
         - @ConditionalOnClass did not find required class 'org.springframework.web.reactive.function.client.WebClient' (OnClassCondition)

   CouchbaseAutoConfiguration:
      Did not match:
         - @ConditionalOnClass did not find required class 'com.couchbase.client.java.Cluster' (OnClassCondition)

   CouchbaseCacheConfiguration:
      Did not match:
         - @ConditionalOnClass did not find required class 'com.couchbase.client.java.Cluster' (OnClassCondition)

   CouchbaseDataAutoConfiguration:
      Did not match:
         - @ConditionalOnClass did not find required class 'com.couchbase.client.java.Bucket' (OnClassCondition)

   CouchbaseReactiveDataAutoConfiguration:
      Did not match:
         - @ConditionalOnClass did not find required class 'com.couchbase.client.java.Cluster' (OnClassCondition)

   CouchbaseReactiveRepositoriesAutoConfiguration:
      Did not match:
         - @ConditionalOnClass did not find required class 'com.couchbase.client.java.Cluster' (OnClassCondition)

   CouchbaseRepositoriesAutoConfiguration:
      Did not match:
         - @ConditionalOnClass did not find required class 'com.couchbase.client.java.Bucket' (OnClassCondition)

   DataSourceAutoConfiguration.EmbeddedDatabaseConfiguration:
      Did not match:
         - EmbeddedDataSource spring.datasource.url is set (DataSourceAutoConfiguration.EmbeddedDatabaseCondition)

   DataSourceCheckpointRestoreConfiguration:
      Did not match:
         - @ConditionalOnClass did not find required class 'org.crac.Resource' (OnClassCondition)

   DataSourceConfiguration.Dbcp2:
      Did not match:
         - @ConditionalOnClass did not find required class 'org.apache.commons.dbcp2.BasicDataSource' (OnClassCondition)

   DataSourceConfiguration.Generic:
      Did not match:
         - @ConditionalOnProperty (spring.datasource.type) did not find property 'spring.datasource.type' (OnPropertyCondition)

   DataSourceConfiguration.OracleUcp:
      Did not match:
         - @ConditionalOnClass did not find required classes 'oracle.ucp.jdbc.PoolDataSourceImpl', 'oracle.jdbc.OracleConnection' (OnClassCondition)

   DataSourceConfiguration.Tomcat:
      Did not match:
         - @ConditionalOnClass did not find required class 'org.apache.tomcat.jdbc.pool.DataSource' (OnClassCondition)

   DataSourceJmxConfiguration:
      Did not match:
         - @ConditionalOnProperty (spring.jmx.enabled=true) found different value in property 'enabled' (OnPropertyCondition)

   DataSourcePoolMetadataProvidersConfiguration.CommonsDbcp2PoolDataSourceMetadataProviderConfiguration:
      Did not match:
         - @ConditionalOnClass did not find required class 'org.apache.commons.dbcp2.BasicDataSource' (OnClassCondition)

   DataSourcePoolMetadataProvidersConfiguration.OracleUcpPoolDataSourceMetadataProviderConfiguration:
      Did not match:
         - @ConditionalOnClass did not find required classes 'oracle.ucp.jdbc.PoolDataSource', 'oracle.jdbc.OracleConnection' (OnClassCondition)

   DataSourcePoolMetadataProvidersConfiguration.TomcatDataSourcePoolMetadataProviderConfiguration:
      Did not match:
         - @ConditionalOnClass did not find required class 'org.apache.tomcat.jdbc.pool.DataSource' (OnClassCondition)

   DataSourceTransactionManagerAutoConfiguration.JdbcTransactionManagerConfiguration#transactionManager:
      Did not match:
         - @ConditionalOnMissingBean (types: org.springframework.transaction.TransactionManager; SearchStrategy: all) found beans of type 'org.springframework.transaction.TransactionManager' transactionManager (OnBeanCondition)

   DispatcherServletAutoConfiguration.DispatcherServletConfiguration#multipartResolver:
      Did not match:
         - @ConditionalOnBean (types: org.springframework.web.multipart.MultipartResolver; SearchStrategy: all) did not find any beans of type org.springframework.web.multipart.MultipartResolver (OnBeanCondition)

   ElasticsearchClientAutoConfiguration:
      Did not match:
         - @ConditionalOnClass did not find required class 'co.elastic.clients.elasticsearch.ElasticsearchClient' (OnClassCondition)

   ElasticsearchDataAutoConfiguration:
      Did not match:
         - @ConditionalOnClass did not find required class 'org.springframework.data.elasticsearch.client.elc.ElasticsearchTemplate' (OnClassCondition)

   ElasticsearchRepositoriesAutoConfiguration:
      Did not match:
         - @ConditionalOnClass did not find required class 'org.springframework.data.elasticsearch.repository.ElasticsearchRepository' (OnClassCondition)

   ElasticsearchRestClientAutoConfiguration:
      Did not match:
         - @ConditionalOnClass did not find required class 'org.elasticsearch.client.RestClientBuilder' (OnClassCondition)

   EmbeddedLdapAutoConfiguration:
      Did not match:
         - @ConditionalOnClass did not find required class 'com.unboundid.ldap.listener.InMemoryDirectoryServer' (OnClassCondition)

   EmbeddedWebServerFactoryCustomizerAutoConfiguration:
      Did not match:
         - Application is deployed as a WAR file. (OnWarDeploymentCondition)
      Matched:
         - @ConditionalOnWebApplication (required) found 'session' scope (OnWebApplicationCondition)

   ErrorWebFluxAutoConfiguration:
      Did not match:
         - @ConditionalOnClass did not find required class 'org.springframework.web.reactive.config.WebFluxConfigurer' (OnClassCondition)

   FlywayAutoConfiguration:
      Did not match:
         - @ConditionalOnClass did not find required class 'org.flywaydb.core.Flyway' (OnClassCondition)

   FreeMarkerAutoConfiguration:
      Did not match:
         - @ConditionalOnClass did not find required class 'freemarker.template.Configuration' (OnClassCondition)

   GraphQlAutoConfiguration:
      Did not match:
         - @ConditionalOnClass did not find required class 'graphql.GraphQL' (OnClassCondition)

   GraphQlQueryByExampleAutoConfiguration:
      Did not match:
         - @ConditionalOnClass did not find required class 'graphql.GraphQL' (OnClassCondition)

   GraphQlQuerydslAutoConfiguration:
      Did not match:
         - @ConditionalOnClass did not find required class 'com.querydsl.core.Query' (OnClassCondition)

   GraphQlRSocketAutoConfiguration:
      Did not match:
         - @ConditionalOnClass did not find required class 'graphql.GraphQL' (OnClassCondition)

   GraphQlReactiveQueryByExampleAutoConfiguration:
      Did not match:
         - @ConditionalOnClass did not find required class 'graphql.GraphQL' (OnClassCondition)

   GraphQlReactiveQuerydslAutoConfiguration:
      Did not match:
         - @ConditionalOnClass did not find required class 'com.querydsl.core.Query' (OnClassCondition)

   GraphQlWebFluxAutoConfiguration:
      Did not match:
         - @ConditionalOnClass did not find required class 'graphql.GraphQL' (OnClassCondition)

   GraphQlWebFluxSecurityAutoConfiguration:
      Did not match:
         - @ConditionalOnClass did not find required class 'graphql.GraphQL' (OnClassCondition)

   GraphQlWebMvcAutoConfiguration:
      Did not match:
         - @ConditionalOnClass did not find required class 'graphql.GraphQL' (OnClassCondition)

   GraphQlWebMvcSecurityAutoConfiguration:
      Did not match:
         - @ConditionalOnClass did not find required class 'graphql.GraphQL' (OnClassCondition)

   GroovyTemplateAutoConfiguration:
      Did not match:
         - @ConditionalOnClass did not find required class 'groovy.text.markup.MarkupTemplateEngine' (OnClassCondition)

   GsonAutoConfiguration:
      Did not match:
         - @ConditionalOnClass did not find required class 'com.google.gson.Gson' (OnClassCondition)

   GsonHttpMessageConvertersConfiguration:
      Did not match:
         - @ConditionalOnClass did not find required class 'com.google.gson.Gson' (OnClassCondition)

   H2ConsoleAutoConfiguration:
      Did not match:
         - @ConditionalOnClass did not find required class 'org.h2.server.web.JakartaWebServlet' (OnClassCondition)

   HazelcastAutoConfiguration:
      Did not match:
         - @ConditionalOnClass did not find required class 'com.hazelcast.core.HazelcastInstance' (OnClassCondition)

   HazelcastCacheConfiguration:
      Did not match:
         - @ConditionalOnClass did not find required class 'com.hazelcast.core.HazelcastInstance' (OnClassCondition)

   HazelcastJpaDependencyAutoConfiguration:
      Did not match:
         - @ConditionalOnClass did not find required class 'com.hazelcast.core.HazelcastInstance' (OnClassCondition)

   HttpHandlerAutoConfiguration:
      Did not match:
         - @ConditionalOnClass did not find required class 'org.springframework.web.reactive.DispatcherHandler' (OnClassCondition)

   HypermediaAutoConfiguration:
      Did not match:
         - @ConditionalOnClass did not find required class 'org.springframework.hateoas.EntityModel' (OnClassCondition)

   InfinispanCacheConfiguration:
      Did not match:
         - @ConditionalOnClass did not find required class 'org.infinispan.spring.embedded.provider.SpringEmbeddedCacheManager' (OnClassCondition)

   InfluxDbAutoConfiguration:
      Did not match:
         - @ConditionalOnClass did not find required class 'org.influxdb.InfluxDB' (OnClassCondition)

   IntegrationAutoConfiguration:
      Did not match:
         - @ConditionalOnClass did not find required class 'org.springframework.integration.config.EnableIntegration' (OnClassCondition)

   JCacheCacheConfiguration:
      Did not match:
         - @ConditionalOnClass did not find required class 'javax.cache.Caching' (OnClassCondition)

   JacksonHttpMessageConvertersConfiguration.MappingJackson2XmlHttpMessageConverterConfiguration:
      Did not match:
         - @ConditionalOnClass did not find required class 'com.fasterxml.jackson.dataformat.xml.XmlMapper' (OnClassCondition)

   JdbcRepositoriesAutoConfiguration:
      Did not match:
         - @ConditionalOnClass did not find required class 'org.springframework.data.jdbc.repository.config.AbstractJdbcConfiguration' (OnClassCondition)

   JerseyAutoConfiguration:
      Did not match:
         - @ConditionalOnClass did not find required class 'org.glassfish.jersey.server.spring.SpringComponentProvider' (OnClassCondition)

   JmsAutoConfiguration:
      Did not match:
         - @ConditionalOnClass did not find required class 'jakarta.jms.Message' (OnClassCondition)

   JmxAutoConfiguration:
      Did not match:
         - @ConditionalOnProperty (spring.jmx.enabled=true) found different value in property 'enabled' (OnPropertyCondition)
      Matched:
         - @ConditionalOnClass found required class 'org.springframework.jmx.export.MBeanExporter' (OnClassCondition)

   JndiConnectionFactoryAutoConfiguration:
      Did not match:
         - @ConditionalOnClass did not find required class 'org.springframework.jms.core.JmsTemplate' (OnClassCondition)

   JndiDataSourceAutoConfiguration:
      Did not match:
         - @ConditionalOnProperty (spring.datasource.jndi-name) did not find property 'jndi-name' (OnPropertyCondition)
      Matched:
         - @ConditionalOnClass found required classes 'javax.sql.DataSource', 'org.springframework.jdbc.datasource.embedded.EmbeddedDatabaseType' (OnClassCondition)

   JndiJtaConfiguration:
      Did not match:
         - @ConditionalOnJndi JNDI environment is not available (OnJndiCondition)
      Matched:
         - @ConditionalOnClass found required class 'org.springframework.transaction.jta.JtaTransactionManager' (OnClassCondition)

   JooqAutoConfiguration:
      Did not match:
         - @ConditionalOnClass did not find required class 'org.jooq.DSLContext' (OnClassCondition)

   JpaRepositoriesAutoConfiguration#entityManagerFactoryBootstrapExecutorCustomizer:
      Did not match:
         - AnyNestedCondition 0 matched 2 did not; NestedCondition on JpaRepositoriesAutoConfiguration.BootstrapExecutorCondition.LazyBootstrapMode @ConditionalOnProperty (spring.data.jpa.repositories.bootstrap-mode=lazy) did not find property 'bootstrap-mode'; NestedCondition on JpaRepositoriesAutoConfiguration.BootstrapExecutorCondition.DeferredBootstrapMode @ConditionalOnProperty (spring.data.jpa.repositories.bootstrap-mode=deferred) did not find property 'bootstrap-mode' (JpaRepositoriesAutoConfiguration.BootstrapExecutorCondition)

   JsonbAutoConfiguration:
      Did not match:
         - @ConditionalOnClass did not find required class 'jakarta.json.bind.Jsonb' (OnClassCondition)

   JsonbHttpMessageConvertersConfiguration:
      Did not match:
         - @ConditionalOnClass did not find required class 'jakarta.json.bind.Jsonb' (OnClassCondition)

   KafkaAutoConfiguration:
      Did not match:
         - @ConditionalOnClass did not find required class 'org.springframework.kafka.core.KafkaTemplate' (OnClassCondition)

   LdapAutoConfiguration:
      Did not match:
         - @ConditionalOnClass did not find required class 'org.springframework.ldap.core.ContextSource' (OnClassCondition)

   LdapRepositoriesAutoConfiguration:
      Did not match:
         - @ConditionalOnClass did not find required class 'org.springframework.data.ldap.repository.LdapRepository' (OnClassCondition)

   LiquibaseAutoConfiguration:
      Did not match:
         - @ConditionalOnClass did not find required class 'liquibase.change.DatabaseChange' (OnClassCondition)

   MailSenderAutoConfiguration:
      Did not match:
         - @ConditionalOnClass did not find required class 'jakarta.mail.internet.MimeMessage' (OnClassCondition)

   MailSenderValidatorAutoConfiguration:
      Did not match:
         - @ConditionalOnSingleCandidate did not find required type 'org.springframework.mail.javamail.JavaMailSenderImpl' (OnBeanCondition)

   MessageSourceAutoConfiguration:
      Did not match:
         - ResourceBundle did not find bundle with basename messages (MessageSourceAutoConfiguration.ResourceBundleCondition)

   MongoAutoConfiguration:
      Did not match:
         - @ConditionalOnClass did not find required class 'com.mongodb.client.MongoClient' (OnClassCondition)

   MongoDataAutoConfiguration:
      Did not match:
         - @ConditionalOnClass did not find required class 'com.mongodb.client.MongoClient' (OnClassCondition)

   MongoReactiveAutoConfiguration:
      Did not match:
         - @ConditionalOnClass did not find required class 'com.mongodb.reactivestreams.client.MongoClient' (OnClassCondition)

   MongoReactiveDataAutoConfiguration:
      Did not match:
         - @ConditionalOnClass did not find required class 'com.mongodb.reactivestreams.client.MongoClient' (OnClassCondition)

   MongoReactiveRepositoriesAutoConfiguration:
      Did not match:
         - @ConditionalOnClass did not find required class 'com.mongodb.reactivestreams.client.MongoClient' (OnClassCondition)

   MongoRepositoriesAutoConfiguration:
      Did not match:
         - @ConditionalOnClass did not find required class 'com.mongodb.client.MongoClient' (OnClassCondition)

   MustacheAutoConfiguration:
      Did not match:
         - @ConditionalOnClass did not find required class 'com.samskivert.mustache.Mustache' (OnClassCondition)

   Neo4jAutoConfiguration:
      Did not match:
         - @ConditionalOnClass did not find required class 'org.neo4j.driver.Driver' (OnClassCondition)

   Neo4jDataAutoConfiguration:
      Did not match:
         - @ConditionalOnClass did not find required class 'org.neo4j.driver.Driver' (OnClassCondition)

   Neo4jReactiveDataAutoConfiguration:
      Did not match:
         - @ConditionalOnClass did not find required class 'org.neo4j.driver.Driver' (OnClassCondition)

   Neo4jReactiveRepositoriesAutoConfiguration:
      Did not match:
         - @ConditionalOnClass did not find required class 'org.neo4j.driver.Driver' (OnClassCondition)

   Neo4jRepositoriesAutoConfiguration:
      Did not match:
         - @ConditionalOnClass did not find required class 'org.neo4j.driver.Driver' (OnClassCondition)

   NettyAutoConfiguration:
      Did not match:
         - @ConditionalOnClass did not find required class 'io.netty.util.NettyRuntime' (OnClassCondition)

   OAuth2AuthorizationServerAutoConfiguration:
      Did not match:
         - @ConditionalOnClass did not find required class 'org.springframework.security.oauth2.server.authorization.OAuth2Authorization' (OnClassCondition)

   OAuth2AuthorizationServerJwtAutoConfiguration:
      Did not match:
         - @ConditionalOnClass did not find required class 'org.springframework.security.oauth2.server.authorization.OAuth2Authorization' (OnClassCondition)

   OAuth2ClientAutoConfiguration:
      Did not match:
         - @ConditionalOnClass did not find required class 'org.springframework.security.config.annotation.web.configuration.EnableWebSecurity' (OnClassCondition)

   OAuth2ResourceServerAutoConfiguration:
      Did not match:
         - @ConditionalOnClass did not find required class 'org.springframework.security.oauth2.server.resource.authentication.BearerTokenAuthenticationToken' (OnClassCondition)

   ProjectInfoAutoConfiguration#buildProperties:
      Did not match:
         - @ConditionalOnResource did not find resource '${spring.info.build.location:classpath:META-INF/build-info.properties}' (OnResourceCondition)

   ProjectInfoAutoConfiguration#gitProperties:
      Did not match:
         - GitResource did not find git info at classpath:git.properties (ProjectInfoAutoConfiguration.GitResourceAvailableCondition)

   PulsarAutoConfiguration:
      Did not match:
         - @ConditionalOnClass did not find required class 'org.apache.pulsar.client.api.PulsarClient' (OnClassCondition)

   PulsarReactiveAutoConfiguration:
      Did not match:
         - @ConditionalOnClass did not find required class 'org.apache.pulsar.client.api.PulsarClient' (OnClassCondition)

   QuartzAutoConfiguration:
      Did not match:
         - @ConditionalOnClass did not find required class 'org.quartz.Scheduler' (OnClassCondition)

   R2dbcAutoConfiguration:
      Did not match:
         - @ConditionalOnClass did not find required class 'io.r2dbc.spi.ConnectionFactory' (OnClassCondition)

   R2dbcDataAutoConfiguration:
      Did not match:
         - @ConditionalOnClass did not find required class 'org.springframework.data.r2dbc.core.R2dbcEntityTemplate' (OnClassCondition)

   R2dbcInitializationConfiguration:
      Did not match:
         - @ConditionalOnClass did not find required classes 'io.r2dbc.spi.ConnectionFactory', 'org.springframework.r2dbc.connection.init.DatabasePopulator' (OnClassCondition)

   R2dbcRepositoriesAutoConfiguration:
      Did not match:
         - @ConditionalOnClass did not find required class 'io.r2dbc.spi.ConnectionFactory' (OnClassCondition)

   R2dbcTransactionManagerAutoConfiguration:
      Did not match:
         - @ConditionalOnClass did not find required class 'org.springframework.r2dbc.connection.R2dbcTransactionManager' (OnClassCondition)

   RSocketGraphQlClientAutoConfiguration:
      Did not match:
         - @ConditionalOnClass did not find required class 'graphql.GraphQL' (OnClassCondition)

   RSocketMessagingAutoConfiguration:
      Did not match:
         - @ConditionalOnClass did not find required class 'io.rsocket.RSocket' (OnClassCondition)

   RSocketRequesterAutoConfiguration:
      Did not match:
         - @ConditionalOnClass did not find required class 'io.rsocket.RSocket' (OnClassCondition)

   RSocketSecurityAutoConfiguration:
      Did not match:
         - @ConditionalOnClass did not find required class 'org.springframework.security.rsocket.core.SecuritySocketAcceptorInterceptor' (OnClassCondition)

   RSocketServerAutoConfiguration:
      Did not match:
         - @ConditionalOnClass did not find required class 'io.rsocket.core.RSocketServer' (OnClassCondition)

   RSocketStrategiesAutoConfiguration:
      Did not match:
         - @ConditionalOnClass did not find required class 'io.netty.buffer.PooledByteBufAllocator' (OnClassCondition)

   RabbitAutoConfiguration:
      Did not match:
         - @ConditionalOnClass did not find required class 'com.rabbitmq.client.Channel' (OnClassCondition)

   ReactiveElasticsearchClientAutoConfiguration:
      Did not match:
         - @ConditionalOnClass did not find required class 'co.elastic.clients.transport.ElasticsearchTransport' (OnClassCondition)

   ReactiveElasticsearchRepositoriesAutoConfiguration:
      Did not match:
         - @ConditionalOnClass did not find required class 'reactor.core.publisher.Mono' (OnClassCondition)

   ReactiveMultipartAutoConfiguration:
      Did not match:
         - @ConditionalOnClass did not find required class 'org.springframework.web.reactive.config.WebFluxConfigurer' (OnClassCondition)

   ReactiveOAuth2ClientAutoConfiguration:
      Did not match:
         - @ConditionalOnClass did not find required class 'reactor.core.publisher.Flux' (OnClassCondition)

   ReactiveOAuth2ResourceServerAutoConfiguration:
      Did not match:
         - @ConditionalOnClass did not find required class 'org.springframework.security.config.annotation.web.reactive.EnableWebFluxSecurity' (OnClassCondition)

   ReactiveSecurityAutoConfiguration:
      Did not match:
         - @ConditionalOnClass did not find required class 'reactor.core.publisher.Flux' (OnClassCondition)

   ReactiveUserDetailsServiceAutoConfiguration:
      Did not match:
         - @ConditionalOnClass did not find required class 'org.springframework.security.authentication.ReactiveAuthenticationManager' (OnClassCondition)

   ReactiveWebServerFactoryAutoConfiguration:
      Did not match:
         - @ConditionalOnWebApplication did not find reactive web application classes (OnWebApplicationCondition)

   ReactorAutoConfiguration:
      Did not match:
         - @ConditionalOnClass did not find required class 'reactor.core.publisher.Hooks' (OnClassCondition)

   RedisAutoConfiguration:
      Did not match:
         - @ConditionalOnClass did not find required class 'org.springframework.data.redis.core.RedisOperations' (OnClassCondition)

   RedisCacheConfiguration:
      Did not match:
         - @ConditionalOnClass did not find required class 'org.springframework.data.redis.connection.RedisConnectionFactory' (OnClassCondition)

   RedisReactiveAutoConfiguration:
      Did not match:
         - @ConditionalOnClass did not find required class 'reactor.core.publisher.Flux' (OnClassCondition)

   RedisRepositoriesAutoConfiguration:
      Did not match:
         - @ConditionalOnClass did not find required class 'org.springframework.data.redis.repository.configuration.EnableRedisRepositories' (OnClassCondition)

   RepositoryRestMvcAutoConfiguration:
      Did not match:
         - @ConditionalOnClass did not find required class 'org.springframework.data.rest.webmvc.config.RepositoryRestMvcConfiguration' (OnClassCondition)

   Saml2RelyingPartyAutoConfiguration:
      Did not match:
         - @ConditionalOnClass did not find required class 'org.springframework.security.saml2.provider.service.registration.RelyingPartyRegistrationRepository' (OnClassCondition)

   SecurityAutoConfiguration:
      Did not match:
         - @ConditionalOnClass did not find required class 'org.springframework.security.authentication.DefaultAuthenticationEventPublisher' (OnClassCondition)

   SecurityFilterAutoConfiguration:
      Did not match:
         - @ConditionalOnClass did not find required class 'org.springframework.security.config.http.SessionCreationPolicy' (OnClassCondition)

   SendGridAutoConfiguration:
      Did not match:
         - @ConditionalOnClass did not find required class 'com.sendgrid.SendGrid' (OnClassCondition)

   ServletWebServerFactoryAutoConfiguration.ForwardedHeaderFilterConfiguration:
      Did not match:
         - @ConditionalOnProperty (server.forward-headers-strategy=framework) did not find property 'server.forward-headers-strategy' (OnPropertyCondition)

   ServletWebServerFactoryConfiguration.EmbeddedJetty:
      Did not match:
         - @ConditionalOnClass did not find required classes 'org.eclipse.jetty.server.Server', 'org.eclipse.jetty.util.Loader', 'org.eclipse.jetty.ee10.webapp.WebAppContext' (OnClassCondition)

   ServletWebServerFactoryConfiguration.EmbeddedUndertow:
      Did not match:
         - @ConditionalOnClass did not find required classes 'io.undertow.Undertow', 'org.xnio.SslClientAuthMode' (OnClassCondition)

   SessionAutoConfiguration:
      Did not match:
         - @ConditionalOnClass did not find required class 'org.springframework.session.Session' (OnClassCondition)

   SpringApplicationAdminJmxAutoConfiguration:
      Did not match:
         - @ConditionalOnProperty (spring.application.admin.enabled=true) did not find property 'enabled' (OnPropertyCondition)

   TaskExecutorConfigurations.SimpleAsyncTaskExecutorBuilderConfiguration#simpleAsyncTaskExecutorBuilderVirtualThreads:
      Did not match:
         - @ConditionalOnMissingBean (types: org.springframework.boot.task.SimpleAsyncTaskExecutorBuilder; SearchStrategy: all) found beans of type 'org.springframework.boot.task.SimpleAsyncTaskExecutorBuilder' simpleAsyncTaskExecutorBuilder (OnBeanCondition)

   TaskExecutorConfigurations.TaskExecutorConfiguration#applicationTaskExecutorVirtualThreads:
      Did not match:
         - @ConditionalOnThreading did not find VIRTUAL (OnThreadingCondition)

   TaskSchedulingAutoConfiguration#scheduledBeanLazyInitializationExcludeFilter:
      Did not match:
         - @ConditionalOnBean (names: org.springframework.context.annotation.internalScheduledAnnotationProcessor; SearchStrategy: all) did not find any beans named org.springframework.context.annotation.internalScheduledAnnotationProcessor (OnBeanCondition)

   TaskSchedulingConfigurations.SimpleAsyncTaskSchedulerBuilderConfiguration#simpleAsyncTaskSchedulerBuilderVirtualThreads:
      Did not match:
         - @ConditionalOnMissingBean (types: org.springframework.boot.task.SimpleAsyncTaskSchedulerBuilder; SearchStrategy: all) found beans of type 'org.springframework.boot.task.SimpleAsyncTaskSchedulerBuilder' simpleAsyncTaskSchedulerBuilder (OnBeanCondition)

   TaskSchedulingConfigurations.TaskSchedulerConfiguration:
      Did not match:
         - @ConditionalOnBean (names: org.springframework.context.annotation.internalScheduledAnnotationProcessor; SearchStrategy: all) did not find any beans named org.springframework.context.annotation.internalScheduledAnnotationProcessor (OnBeanCondition)

   ThymeleafAutoConfiguration:
      Did not match:
         - @ConditionalOnClass did not find required class 'org.thymeleaf.spring6.SpringTemplateEngine' (OnClassCondition)

   TransactionAutoConfiguration#transactionalOperator:
      Did not match:
         - @ConditionalOnSingleCandidate (types: org.springframework.transaction.ReactiveTransactionManager; SearchStrategy: all) did not find any beans (OnBeanCondition)

   TransactionAutoConfiguration.AspectJTransactionManagementConfiguration:
      Did not match:
         - @ConditionalOnBean (types: org.springframework.transaction.aspectj.AbstractTransactionAspect; SearchStrategy: all) did not find any beans of type org.springframework.transaction.aspectj.AbstractTransactionAspect (OnBeanCondition)

   TransactionAutoConfiguration.EnableTransactionManagementConfiguration.JdkDynamicAutoProxyConfiguration:
      Did not match:
         - @ConditionalOnProperty (spring.aop.proxy-target-class=false) did not find property 'proxy-target-class' (OnPropertyCondition)

   UserDetailsServiceAutoConfiguration:
      Did not match:
         - @ConditionalOnClass did not find required class 'org.springframework.security.authentication.AuthenticationManager' (OnClassCondition)

   ValidationAutoConfiguration:
      Did not match:
         - @ConditionalOnClass did not find required class 'jakarta.validation.executable.ExecutableValidator' (OnClassCondition)

   WebClientAutoConfiguration:
      Did not match:
         - @ConditionalOnClass did not find required class 'org.springframework.web.reactive.function.client.WebClient' (OnClassCondition)

   WebFluxAutoConfiguration:
      Did not match:
         - @ConditionalOnClass did not find required class 'org.springframework.web.reactive.config.WebFluxConfigurer' (OnClassCondition)

   WebMvcAutoConfiguration#hiddenHttpMethodFilter:
      Did not match:
         - @ConditionalOnProperty (spring.mvc.hiddenmethod.filter.enabled) did not find property 'enabled' (OnPropertyCondition)

   WebMvcAutoConfiguration.ProblemDetailsErrorHandlingConfiguration:
      Did not match:
         - @ConditionalOnProperty (spring.mvc.problemdetails.enabled=true) did not find property 'enabled' (OnPropertyCondition)

   WebMvcAutoConfiguration.ResourceChainCustomizerConfiguration:
      Did not match:
         - @ConditionalOnEnabledResourceChain did not find class org.webjars.WebJarAssetLocator (OnEnabledResourceChainCondition)

   WebMvcAutoConfiguration.WebMvcAutoConfigurationAdapter#beanNameViewResolver:
      Did not match:
         - @ConditionalOnMissingBean (types: org.springframework.web.servlet.view.BeanNameViewResolver; SearchStrategy: all) found beans of type 'org.springframework.web.servlet.view.BeanNameViewResolver' beanNameViewResolver (OnBeanCondition)

   WebServiceTemplateAutoConfiguration:
      Did not match:
         - @ConditionalOnClass did not find required class 'org.springframework.oxm.Marshaller' (OnClassCondition)

   WebServicesAutoConfiguration:
      Did not match:
         - @ConditionalOnClass did not find required class 'org.springframework.ws.transport.http.MessageDispatcherServlet' (OnClassCondition)

   WebSessionIdResolverAutoConfiguration:
      Did not match:
         - @ConditionalOnClass did not find required class 'reactor.core.publisher.Mono' (OnClassCondition)

   WebSocketMessagingAutoConfiguration:
      Did not match:
         - @ConditionalOnClass did not find required class 'org.springframework.web.socket.config.annotation.WebSocketMessageBrokerConfigurer' (OnClassCondition)

   WebSocketReactiveAutoConfiguration:
      Did not match:
         - @ConditionalOnWebApplication did not find reactive web application classes (OnWebApplicationCondition)

   WebSocketServletAutoConfiguration.JettyWebSocketConfiguration:
      Did not match:
         - @ConditionalOnClass did not find required class 'org.eclipse.jetty.ee10.websocket.jakarta.server.config.JakartaWebSocketServletContainerInitializer' (OnClassCondition)

   WebSocketServletAutoConfiguration.UndertowWebSocketConfiguration:
      Did not match:
         - @ConditionalOnClass did not find required class 'io.undertow.websockets.jsr.Bootstrap' (OnClassCondition)

   XADataSourceAutoConfiguration:
      Did not match:
         - @ConditionalOnBean (types: org.springframework.boot.jdbc.XADataSourceWrapper; SearchStrategy: all) did not find any beans of type org.springframework.boot.jdbc.XADataSourceWrapper (OnBeanCondition)
      Matched:
         - @ConditionalOnClass found required classes 'javax.sql.DataSource', 'jakarta.transaction.TransactionManager', 'org.springframework.jdbc.datasource.embedded.EmbeddedDatabaseType' (OnClassCondition)


Exclusions:
-----------

    None


Unconditional classes:
----------------------

    org.springframework.boot.autoconfigure.context.ConfigurationPropertiesAutoConfiguration

    org.springframework.boot.autoconfigure.ssl.SslAutoConfiguration

    org.springframework.boot.autoconfigure.context.LifecycleAutoConfiguration

    org.springframework.boot.autoconfigure.context.PropertyPlaceholderAutoConfiguration

    org.springframework.boot.autoconfigure.availability.ApplicationAvailabilityAutoConfiguration

    org.springframework.boot.autoconfigure.info.ProjectInfoAutoConfiguration



2024-09-19T11:23:36.657-05:00  INFO 32836 --- [uberApp] [           main] c.v.p.u.uberApp.UberAppApplicationTests  : Started UberAppApplicationTests in 4.496 seconds (process running for 5.36)
2024-09-19T11:23:36.659-05:00 DEBUG 32836 --- [uberApp] [           main] o.s.b.a.ApplicationAvailabilityBean      : Application availability state LivenessState changed to CORRECT
2024-09-19T11:23:36.662-05:00 DEBUG 32836 --- [uberApp] [           main] o.s.b.a.ApplicationAvailabilityBean      : Application availability state ReadinessState changed to ACCEPTING_TRAFFIC
2024-09-19T11:23:36.669-05:00 DEBUG 32836 --- [uberApp] [           main] org.springframework.test.context.cache   : Spring test ApplicationContext cache statistics: [DefaultContextCache@5fc42998 size = 1, maxSize = 32, parentContextCount = 0, hitCount = 0, missCount = 1, failureCount = 0]
2024-09-19T11:23:36.670-05:00 DEBUG 32836 --- [uberApp] [           main] o.s.t.c.w.ServletTestExecutionListener   : Setting up MockHttpServletRequest, MockHttpServletResponse, ServletWebRequest, and RequestContextHolder for test class com.venkat.project.uber.uberApp.UberAppApplicationTests
2024-09-19T11:23:36.686-05:00 DEBUG 32836 --- [uberApp] [           main] DependencyInjectionTestExecutionListener : Performing dependency injection for test class com.venkat.project.uber.uberApp.UberAppApplicationTests
2024-09-19T11:23:36.686-05:00 DEBUG 32836 --- [uberApp] [           main] org.springframework.test.context.cache   : Spring test ApplicationContext cache statistics: [DefaultContextCache@5fc42998 size = 1, maxSize = 32, parentContextCount = 0, hitCount = 1, missCount = 1, failureCount = 0]
2024-09-19T11:23:36.687-05:00 DEBUG 32836 --- [uberApp] [           main] org.springframework.test.context.cache   : Spring test ApplicationContext cache statistics: [DefaultContextCache@5fc42998 size = 1, maxSize = 32, parentContextCount = 0, hitCount = 2, missCount = 1, failureCount = 0]
2024-09-19T11:23:36.692-05:00 DEBUG 32836 --- [uberApp] [           main] sContextBeforeModesTestExecutionListener : Before test method: class [UberAppApplicationTests], method [contextLoads], class annotated with @DirtiesContext [false] with mode [null], method annotated with @DirtiesContext [false] with mode [null]
2024-09-19T11:23:36.696-05:00 DEBUG 32836 --- [uberApp] [           main] org.springframework.test.context.cache   : Spring test ApplicationContext cache statistics: [DefaultContextCache@5fc42998 size = 1, maxSize = 32, parentContextCount = 0, hitCount = 3, missCount = 1, failureCount = 0]
2024-09-19T11:23:36.696-05:00 DEBUG 32836 --- [uberApp] [           main] org.springframework.test.context.cache   : Spring test ApplicationContext cache statistics: [DefaultContextCache@5fc42998 size = 1, maxSize = 32, parentContextCount = 0, hitCount = 4, missCount = 1, failureCount = 0]
2024-09-19T11:23:37.038-05:00 DEBUG 32836 --- [uberApp] [           main] org.springframework.test.context.cache   : Spring test ApplicationContext cache statistics: [DefaultContextCache@5fc42998 size = 1, maxSize = 32, parentContextCount = 0, hitCount = 5, missCount = 1, failureCount = 0]
2024-09-19T11:23:37.042-05:00 DEBUG 32836 --- [uberApp] [           main] org.springframework.test.context.cache   : Spring test ApplicationContext cache statistics: [DefaultContextCache@5fc42998 size = 1, maxSize = 32, parentContextCount = 0, hitCount = 6, missCount = 1, failureCount = 0]
2024-09-19T11:23:37.042-05:00 DEBUG 32836 --- [uberApp] [           main] org.springframework.test.context.cache   : Spring test ApplicationContext cache statistics: [DefaultContextCache@5fc42998 size = 1, maxSize = 32, parentContextCount = 0, hitCount = 7, missCount = 1, failureCount = 0]
2024-09-19T11:23:37.042-05:00 DEBUG 32836 --- [uberApp] [           main] org.springframework.test.context.cache   : Spring test ApplicationContext cache statistics: [DefaultContextCache@5fc42998 size = 1, maxSize = 32, parentContextCount = 0, hitCount = 8, missCount = 1, failureCount = 0]
2024-09-19T11:23:37.043-05:00 DEBUG 32836 --- [uberApp] [           main] org.springframework.test.context.cache   : Spring test ApplicationContext cache statistics: [DefaultContextCache@5fc42998 size = 1, maxSize = 32, parentContextCount = 0, hitCount = 9, missCount = 1, failureCount = 0]
2024-09-19T11:23:37.043-05:00 DEBUG 32836 --- [uberApp] [           main] org.springframework.test.context.cache   : Spring test ApplicationContext cache statistics: [DefaultContextCache@5fc42998 size = 1, maxSize = 32, parentContextCount = 0, hitCount = 10, missCount = 1, failureCount = 0]
2024-09-19T11:23:37.045-05:00 DEBUG 32836 --- [uberApp] [           main] org.springframework.test.context.cache   : Spring test ApplicationContext cache statistics: [DefaultContextCache@5fc42998 size = 1, maxSize = 32, parentContextCount = 0, hitCount = 11, missCount = 1, failureCount = 0]
2024-09-19T11:23:37.047-05:00 DEBUG 32836 --- [uberApp] [           main] .c.s.DirtiesContextTestExecutionListener : After test method: class [UberAppApplicationTests], method [contextLoads], class annotated with @DirtiesContext [false] with mode [null], method annotated with @DirtiesContext [false] with mode [null]
2024-09-19T11:23:37.047-05:00 DEBUG 32836 --- [uberApp] [           main] o.s.t.c.w.ServletTestExecutionListener   : Resetting RequestContextHolder for test class com.venkat.project.uber.uberApp.UberAppApplicationTests
]]></system-out>
    <system-err><![CDATA[WARNING: A Java agent has been loaded dynamically (C:\Users\venka\.m2\repository\net\bytebuddy\byte-buddy-agent\1.14.19\byte-buddy-agent-1.14.19.jar)
WARNING: If a serviceability tool is in use, please run with -XX:+EnableDynamicAgentLoading to hide this warning
WARNING: If a serviceability tool is not in use, please run with -Djdk.instrument.traceUsage for more information
WARNING: Dynamic loading of agents will be disallowed by default in a future release
]]></system-err>
  </testcase>
</testsuite>